<?xml version="1.0" encoding="UTF-8"?>
<testsuites name="jest tests" tests="195" failures="163" errors="0" time="21.779">
  <testsuite name="src\__tests__\module-4\services.test.js" errors="0" failures="12" skipped="0" timestamp="2025-05-02T14:54:17" time="4.631" tests="12">
    <testcase classname="services › getCourses-should return the courses when the response is successful (call fetch with path - &quot;http://localhost:4000/courses/all&quot; method - &quot;GET&quot;, headers - &quot;Content-Type&quot;: &quot;application/json&quot;)" name="services › getCourses-should return the courses when the response is successful (call fetch with path - &quot;http://localhost:4000/courses/all&quot; method - &quot;GET&quot;, headers - &quot;Content-Type&quot;: &quot;application/json&quot;)" time="0.04">
      <failure>TypeError: (0 , _services.getCourses) is not a function
    at Object.&lt;anonymous&gt; (C:\Users\Slavik\Projects\react-fundamentals-app\src\__tests__\module-4\services.test.js:30:39)
    at Promise.then.completed (C:\Users\Slavik\Projects\react-fundamentals-app\node_modules\jest-circus\build\utils.js:391:28)
    at new Promise (&lt;anonymous&gt;)
    at callAsyncCircusFn (C:\Users\Slavik\Projects\react-fundamentals-app\node_modules\jest-circus\build\utils.js:316:10)
    at _callCircusTest (C:\Users\Slavik\Projects\react-fundamentals-app\node_modules\jest-circus\build\run.js:218:40)
    at processTicksAndRejections (node:internal/process/task_queues:105:5)
    at _runTest (C:\Users\Slavik\Projects\react-fundamentals-app\node_modules\jest-circus\build\run.js:155:3)
    at _runTestsForDescribeBlock (C:\Users\Slavik\Projects\react-fundamentals-app\node_modules\jest-circus\build\run.js:66:9)
    at _runTestsForDescribeBlock (C:\Users\Slavik\Projects\react-fundamentals-app\node_modules\jest-circus\build\run.js:60:9)
    at _runTestsForDescribeBlock (C:\Users\Slavik\Projects\react-fundamentals-app\node_modules\jest-circus\build\run.js:60:9)
    at run (C:\Users\Slavik\Projects\react-fundamentals-app\node_modules\jest-circus\build\run.js:25:3)
    at runAndTransformResultsToJestFormat (C:\Users\Slavik\Projects\react-fundamentals-app\node_modules\jest-circus\build\legacy-code-todo-rewrite\jestAdapterInit.js:170:21)
    at jestAdapter (C:\Users\Slavik\Projects\react-fundamentals-app\node_modules\jest-circus\build\legacy-code-todo-rewrite\jestAdapter.js:82:19)
    at runTestInternal (C:\Users\Slavik\Projects\react-fundamentals-app\node_modules\jest-runner\build\runTest.js:389:16)
    at runTest (C:\Users\Slavik\Projects\react-fundamentals-app\node_modules\jest-runner\build\runTest.js:475:34)
    at Object.worker (C:\Users\Slavik\Projects\react-fundamentals-app\node_modules\jest-runner\build\testWorker.js:133:12)</failure>
    </testcase>
    <testcase classname="services › getCourses-should throw an error when the response is not successful (response.ok = false)" name="services › getCourses-should throw an error when the response is not successful (response.ok = false)" time="0.002">
      <failure>TypeError: (0 , _services.getCourses) is not a function
    at Object.&lt;anonymous&gt; (C:\Users\Slavik\Projects\react-fundamentals-app\src\__tests__\module-4\services.test.js:48:30)
    at Promise.then.completed (C:\Users\Slavik\Projects\react-fundamentals-app\node_modules\jest-circus\build\utils.js:391:28)
    at new Promise (&lt;anonymous&gt;)
    at callAsyncCircusFn (C:\Users\Slavik\Projects\react-fundamentals-app\node_modules\jest-circus\build\utils.js:316:10)
    at _callCircusTest (C:\Users\Slavik\Projects\react-fundamentals-app\node_modules\jest-circus\build\run.js:218:40)
    at processTicksAndRejections (node:internal/process/task_queues:105:5)
    at _runTest (C:\Users\Slavik\Projects\react-fundamentals-app\node_modules\jest-circus\build\run.js:155:3)
    at _runTestsForDescribeBlock (C:\Users\Slavik\Projects\react-fundamentals-app\node_modules\jest-circus\build\run.js:66:9)
    at _runTestsForDescribeBlock (C:\Users\Slavik\Projects\react-fundamentals-app\node_modules\jest-circus\build\run.js:60:9)
    at _runTestsForDescribeBlock (C:\Users\Slavik\Projects\react-fundamentals-app\node_modules\jest-circus\build\run.js:60:9)
    at run (C:\Users\Slavik\Projects\react-fundamentals-app\node_modules\jest-circus\build\run.js:25:3)
    at runAndTransformResultsToJestFormat (C:\Users\Slavik\Projects\react-fundamentals-app\node_modules\jest-circus\build\legacy-code-todo-rewrite\jestAdapterInit.js:170:21)
    at jestAdapter (C:\Users\Slavik\Projects\react-fundamentals-app\node_modules\jest-circus\build\legacy-code-todo-rewrite\jestAdapter.js:82:19)
    at runTestInternal (C:\Users\Slavik\Projects\react-fundamentals-app\node_modules\jest-runner\build\runTest.js:389:16)
    at runTest (C:\Users\Slavik\Projects\react-fundamentals-app\node_modules\jest-runner\build\runTest.js:475:34)
    at Object.worker (C:\Users\Slavik\Projects\react-fundamentals-app\node_modules\jest-runner\build\testWorker.js:133:12)</failure>
    </testcase>
    <testcase classname="services › getAuthors-should return the authors when the response is successful (call fetch with path - &quot;http://localhost:4000/authors/all&quot; method - &quot;GET&quot;, headers - &quot;Content-Type&quot;: &quot;application/json&quot;)" name="services › getAuthors-should return the authors when the response is successful (call fetch with path - &quot;http://localhost:4000/authors/all&quot; method - &quot;GET&quot;, headers - &quot;Content-Type&quot;: &quot;application/json&quot;)" time="0.003">
      <failure>TypeError: (0 , _services.getAuthors) is not a function
    at Object.&lt;anonymous&gt; (C:\Users\Slavik\Projects\react-fundamentals-app\src\__tests__\module-4\services.test.js:70:39)
    at Promise.then.completed (C:\Users\Slavik\Projects\react-fundamentals-app\node_modules\jest-circus\build\utils.js:391:28)
    at new Promise (&lt;anonymous&gt;)
    at callAsyncCircusFn (C:\Users\Slavik\Projects\react-fundamentals-app\node_modules\jest-circus\build\utils.js:316:10)
    at _callCircusTest (C:\Users\Slavik\Projects\react-fundamentals-app\node_modules\jest-circus\build\run.js:218:40)
    at processTicksAndRejections (node:internal/process/task_queues:105:5)
    at _runTest (C:\Users\Slavik\Projects\react-fundamentals-app\node_modules\jest-circus\build\run.js:155:3)
    at _runTestsForDescribeBlock (C:\Users\Slavik\Projects\react-fundamentals-app\node_modules\jest-circus\build\run.js:66:9)
    at _runTestsForDescribeBlock (C:\Users\Slavik\Projects\react-fundamentals-app\node_modules\jest-circus\build\run.js:60:9)
    at _runTestsForDescribeBlock (C:\Users\Slavik\Projects\react-fundamentals-app\node_modules\jest-circus\build\run.js:60:9)
    at run (C:\Users\Slavik\Projects\react-fundamentals-app\node_modules\jest-circus\build\run.js:25:3)
    at runAndTransformResultsToJestFormat (C:\Users\Slavik\Projects\react-fundamentals-app\node_modules\jest-circus\build\legacy-code-todo-rewrite\jestAdapterInit.js:170:21)
    at jestAdapter (C:\Users\Slavik\Projects\react-fundamentals-app\node_modules\jest-circus\build\legacy-code-todo-rewrite\jestAdapter.js:82:19)
    at runTestInternal (C:\Users\Slavik\Projects\react-fundamentals-app\node_modules\jest-runner\build\runTest.js:389:16)
    at runTest (C:\Users\Slavik\Projects\react-fundamentals-app\node_modules\jest-runner\build\runTest.js:475:34)
    at Object.worker (C:\Users\Slavik\Projects\react-fundamentals-app\node_modules\jest-runner\build\testWorker.js:133:12)</failure>
    </testcase>
    <testcase classname="services › getAuthors-should throw an error when the response is not successful (response.ok = false)" name="services › getAuthors-should throw an error when the response is not successful (response.ok = false)" time="0.002">
      <failure>TypeError: (0 , _services.getAuthors) is not a function
    at Object.&lt;anonymous&gt; (C:\Users\Slavik\Projects\react-fundamentals-app\src\__tests__\module-4\services.test.js:88:30)
    at Promise.then.completed (C:\Users\Slavik\Projects\react-fundamentals-app\node_modules\jest-circus\build\utils.js:391:28)
    at new Promise (&lt;anonymous&gt;)
    at callAsyncCircusFn (C:\Users\Slavik\Projects\react-fundamentals-app\node_modules\jest-circus\build\utils.js:316:10)
    at _callCircusTest (C:\Users\Slavik\Projects\react-fundamentals-app\node_modules\jest-circus\build\run.js:218:40)
    at processTicksAndRejections (node:internal/process/task_queues:105:5)
    at _runTest (C:\Users\Slavik\Projects\react-fundamentals-app\node_modules\jest-circus\build\run.js:155:3)
    at _runTestsForDescribeBlock (C:\Users\Slavik\Projects\react-fundamentals-app\node_modules\jest-circus\build\run.js:66:9)
    at _runTestsForDescribeBlock (C:\Users\Slavik\Projects\react-fundamentals-app\node_modules\jest-circus\build\run.js:60:9)
    at _runTestsForDescribeBlock (C:\Users\Slavik\Projects\react-fundamentals-app\node_modules\jest-circus\build\run.js:60:9)
    at run (C:\Users\Slavik\Projects\react-fundamentals-app\node_modules\jest-circus\build\run.js:25:3)
    at runAndTransformResultsToJestFormat (C:\Users\Slavik\Projects\react-fundamentals-app\node_modules\jest-circus\build\legacy-code-todo-rewrite\jestAdapterInit.js:170:21)
    at jestAdapter (C:\Users\Slavik\Projects\react-fundamentals-app\node_modules\jest-circus\build\legacy-code-todo-rewrite\jestAdapter.js:82:19)
    at runTestInternal (C:\Users\Slavik\Projects\react-fundamentals-app\node_modules\jest-runner\build\runTest.js:389:16)
    at runTest (C:\Users\Slavik\Projects\react-fundamentals-app\node_modules\jest-runner\build\runTest.js:475:34)
    at Object.worker (C:\Users\Slavik\Projects\react-fundamentals-app\node_modules\jest-runner\build\testWorker.js:133:12)</failure>
    </testcase>
    <testcase classname="services › getCurrentUser-should return the current user when the response is successful (getCurrentUser with token arg call fetch with path - &quot;http://localhost:4000/users/me&quot; method - &quot;GET&quot;, headers - &quot;Content-Type&quot;: &quot;application/json&quot;, Authorization: token)" name="services › getCurrentUser-should return the current user when the response is successful (getCurrentUser with token arg call fetch with path - &quot;http://localhost:4000/users/me&quot; method - &quot;GET&quot;, headers - &quot;Content-Type&quot;: &quot;application/json&quot;, Authorization: token)" time="0.03">
      <failure>TypeError: (0 , _services.getCurrentUser) is not a function
    at Object.&lt;anonymous&gt; (C:\Users\Slavik\Projects\react-fundamentals-app\src\__tests__\module-4\services.test.js:108:40)
    at Promise.then.completed (C:\Users\Slavik\Projects\react-fundamentals-app\node_modules\jest-circus\build\utils.js:391:28)
    at new Promise (&lt;anonymous&gt;)
    at callAsyncCircusFn (C:\Users\Slavik\Projects\react-fundamentals-app\node_modules\jest-circus\build\utils.js:316:10)
    at _callCircusTest (C:\Users\Slavik\Projects\react-fundamentals-app\node_modules\jest-circus\build\run.js:218:40)
    at processTicksAndRejections (node:internal/process/task_queues:105:5)
    at _runTest (C:\Users\Slavik\Projects\react-fundamentals-app\node_modules\jest-circus\build\run.js:155:3)
    at _runTestsForDescribeBlock (C:\Users\Slavik\Projects\react-fundamentals-app\node_modules\jest-circus\build\run.js:66:9)
    at _runTestsForDescribeBlock (C:\Users\Slavik\Projects\react-fundamentals-app\node_modules\jest-circus\build\run.js:60:9)
    at _runTestsForDescribeBlock (C:\Users\Slavik\Projects\react-fundamentals-app\node_modules\jest-circus\build\run.js:60:9)
    at run (C:\Users\Slavik\Projects\react-fundamentals-app\node_modules\jest-circus\build\run.js:25:3)
    at runAndTransformResultsToJestFormat (C:\Users\Slavik\Projects\react-fundamentals-app\node_modules\jest-circus\build\legacy-code-todo-rewrite\jestAdapterInit.js:170:21)
    at jestAdapter (C:\Users\Slavik\Projects\react-fundamentals-app\node_modules\jest-circus\build\legacy-code-todo-rewrite\jestAdapter.js:82:19)
    at runTestInternal (C:\Users\Slavik\Projects\react-fundamentals-app\node_modules\jest-runner\build\runTest.js:389:16)
    at runTest (C:\Users\Slavik\Projects\react-fundamentals-app\node_modules\jest-runner\build\runTest.js:475:34)
    at Object.worker (C:\Users\Slavik\Projects\react-fundamentals-app\node_modules\jest-runner\build\testWorker.js:133:12)</failure>
    </testcase>
    <testcase classname="services › getCurrentUser-should throw an error when the response is not successful (response.ok = false)" name="services › getCurrentUser-should throw an error when the response is not successful (response.ok = false)" time="0.002">
      <failure>TypeError: (0 , _services.getCurrentUser) is not a function
    at Object.&lt;anonymous&gt; (C:\Users\Slavik\Projects\react-fundamentals-app\src\__tests__\module-4\services.test.js:127:34)
    at Promise.then.completed (C:\Users\Slavik\Projects\react-fundamentals-app\node_modules\jest-circus\build\utils.js:391:28)
    at new Promise (&lt;anonymous&gt;)
    at callAsyncCircusFn (C:\Users\Slavik\Projects\react-fundamentals-app\node_modules\jest-circus\build\utils.js:316:10)
    at _callCircusTest (C:\Users\Slavik\Projects\react-fundamentals-app\node_modules\jest-circus\build\run.js:218:40)
    at processTicksAndRejections (node:internal/process/task_queues:105:5)
    at _runTest (C:\Users\Slavik\Projects\react-fundamentals-app\node_modules\jest-circus\build\run.js:155:3)
    at _runTestsForDescribeBlock (C:\Users\Slavik\Projects\react-fundamentals-app\node_modules\jest-circus\build\run.js:66:9)
    at _runTestsForDescribeBlock (C:\Users\Slavik\Projects\react-fundamentals-app\node_modules\jest-circus\build\run.js:60:9)
    at _runTestsForDescribeBlock (C:\Users\Slavik\Projects\react-fundamentals-app\node_modules\jest-circus\build\run.js:60:9)
    at run (C:\Users\Slavik\Projects\react-fundamentals-app\node_modules\jest-circus\build\run.js:25:3)
    at runAndTransformResultsToJestFormat (C:\Users\Slavik\Projects\react-fundamentals-app\node_modules\jest-circus\build\legacy-code-todo-rewrite\jestAdapterInit.js:170:21)
    at jestAdapter (C:\Users\Slavik\Projects\react-fundamentals-app\node_modules\jest-circus\build\legacy-code-todo-rewrite\jestAdapter.js:82:19)
    at runTestInternal (C:\Users\Slavik\Projects\react-fundamentals-app\node_modules\jest-runner\build\runTest.js:389:16)
    at runTest (C:\Users\Slavik\Projects\react-fundamentals-app\node_modules\jest-runner\build\runTest.js:475:34)
    at Object.worker (C:\Users\Slavik\Projects\react-fundamentals-app\node_modules\jest-runner\build\testWorker.js:133:12)</failure>
    </testcase>
    <testcase classname="services › updateCourseService-should update course when the response is successful (updateCourseService with updatedData and token args call fetch with path - &quot;http://localhost:4000/courses/{updatedData.id}&quot; method - &quot;PUT&quot;, headers - &quot;Content-Type&quot;: &quot;application/json&quot;, Authorization: token, body - updatedData)" name="services › updateCourseService-should update course when the response is successful (updateCourseService with updatedData and token args call fetch with path - &quot;http://localhost:4000/courses/{updatedData.id}&quot; method - &quot;PUT&quot;, headers - &quot;Content-Type&quot;: &quot;application/json&quot;, Authorization: token, body - updatedData)" time="0.003">
      <failure>TypeError: (0 , _services.updateCourseService) is not a function
    at Object.&lt;anonymous&gt; (C:\Users\Slavik\Projects\react-fundamentals-app\src\__tests__\module-4\services.test.js:156:47)
    at Promise.then.completed (C:\Users\Slavik\Projects\react-fundamentals-app\node_modules\jest-circus\build\utils.js:391:28)
    at new Promise (&lt;anonymous&gt;)
    at callAsyncCircusFn (C:\Users\Slavik\Projects\react-fundamentals-app\node_modules\jest-circus\build\utils.js:316:10)
    at _callCircusTest (C:\Users\Slavik\Projects\react-fundamentals-app\node_modules\jest-circus\build\run.js:218:40)
    at processTicksAndRejections (node:internal/process/task_queues:105:5)
    at _runTest (C:\Users\Slavik\Projects\react-fundamentals-app\node_modules\jest-circus\build\run.js:155:3)
    at _runTestsForDescribeBlock (C:\Users\Slavik\Projects\react-fundamentals-app\node_modules\jest-circus\build\run.js:66:9)
    at _runTestsForDescribeBlock (C:\Users\Slavik\Projects\react-fundamentals-app\node_modules\jest-circus\build\run.js:60:9)
    at _runTestsForDescribeBlock (C:\Users\Slavik\Projects\react-fundamentals-app\node_modules\jest-circus\build\run.js:60:9)
    at run (C:\Users\Slavik\Projects\react-fundamentals-app\node_modules\jest-circus\build\run.js:25:3)
    at runAndTransformResultsToJestFormat (C:\Users\Slavik\Projects\react-fundamentals-app\node_modules\jest-circus\build\legacy-code-todo-rewrite\jestAdapterInit.js:170:21)
    at jestAdapter (C:\Users\Slavik\Projects\react-fundamentals-app\node_modules\jest-circus\build\legacy-code-todo-rewrite\jestAdapter.js:82:19)
    at runTestInternal (C:\Users\Slavik\Projects\react-fundamentals-app\node_modules\jest-runner\build\runTest.js:389:16)
    at runTest (C:\Users\Slavik\Projects\react-fundamentals-app\node_modules\jest-runner\build\runTest.js:475:34)
    at Object.worker (C:\Users\Slavik\Projects\react-fundamentals-app\node_modules\jest-runner\build\testWorker.js:133:12)</failure>
    </testcase>
    <testcase classname="services › updateCourseService-should throw an error when the response is not successful (response.ok = false)" name="services › updateCourseService-should throw an error when the response is not successful (response.ok = false)" time="0.002">
      <failure>TypeError: (0 , _services.updateCourseService) is not a function
    at Object.&lt;anonymous&gt; (C:\Users\Slavik\Projects\react-fundamentals-app\src\__tests__\module-4\services.test.js:179:39)
    at Promise.then.completed (C:\Users\Slavik\Projects\react-fundamentals-app\node_modules\jest-circus\build\utils.js:391:28)
    at new Promise (&lt;anonymous&gt;)
    at callAsyncCircusFn (C:\Users\Slavik\Projects\react-fundamentals-app\node_modules\jest-circus\build\utils.js:316:10)
    at _callCircusTest (C:\Users\Slavik\Projects\react-fundamentals-app\node_modules\jest-circus\build\run.js:218:40)
    at processTicksAndRejections (node:internal/process/task_queues:105:5)
    at _runTest (C:\Users\Slavik\Projects\react-fundamentals-app\node_modules\jest-circus\build\run.js:155:3)
    at _runTestsForDescribeBlock (C:\Users\Slavik\Projects\react-fundamentals-app\node_modules\jest-circus\build\run.js:66:9)
    at _runTestsForDescribeBlock (C:\Users\Slavik\Projects\react-fundamentals-app\node_modules\jest-circus\build\run.js:60:9)
    at _runTestsForDescribeBlock (C:\Users\Slavik\Projects\react-fundamentals-app\node_modules\jest-circus\build\run.js:60:9)
    at run (C:\Users\Slavik\Projects\react-fundamentals-app\node_modules\jest-circus\build\run.js:25:3)
    at runAndTransformResultsToJestFormat (C:\Users\Slavik\Projects\react-fundamentals-app\node_modules\jest-circus\build\legacy-code-todo-rewrite\jestAdapterInit.js:170:21)
    at jestAdapter (C:\Users\Slavik\Projects\react-fundamentals-app\node_modules\jest-circus\build\legacy-code-todo-rewrite\jestAdapter.js:82:19)
    at runTestInternal (C:\Users\Slavik\Projects\react-fundamentals-app\node_modules\jest-runner\build\runTest.js:389:16)
    at runTest (C:\Users\Slavik\Projects\react-fundamentals-app\node_modules\jest-runner\build\runTest.js:475:34)
    at Object.worker (C:\Users\Slavik\Projects\react-fundamentals-app\node_modules\jest-runner\build\testWorker.js:133:12)</failure>
    </testcase>
    <testcase classname="services › deleteCourseService-should delete course when the response is successful (deleteCourseService with courseId and token args call fetch with path - &quot;http://localhost:4000/courses/{courseId}&quot; method - &quot;DELETE&quot;, headers - &quot;Content-Type&quot;: &quot;application/json&quot;, Authorization: token)" name="services › deleteCourseService-should delete course when the response is successful (deleteCourseService with courseId and token args call fetch with path - &quot;http://localhost:4000/courses/{courseId}&quot; method - &quot;DELETE&quot;, headers - &quot;Content-Type&quot;: &quot;application/json&quot;, Authorization: token)" time="0.002">
      <failure>TypeError: (0 , _services.deleteCourseService) is not a function
    at Object.&lt;anonymous&gt; (C:\Users\Slavik\Projects\react-fundamentals-app\src\__tests__\module-4\services.test.js:198:32)
    at Promise.then.completed (C:\Users\Slavik\Projects\react-fundamentals-app\node_modules\jest-circus\build\utils.js:391:28)
    at new Promise (&lt;anonymous&gt;)
    at callAsyncCircusFn (C:\Users\Slavik\Projects\react-fundamentals-app\node_modules\jest-circus\build\utils.js:316:10)
    at _callCircusTest (C:\Users\Slavik\Projects\react-fundamentals-app\node_modules\jest-circus\build\run.js:218:40)
    at processTicksAndRejections (node:internal/process/task_queues:105:5)
    at _runTest (C:\Users\Slavik\Projects\react-fundamentals-app\node_modules\jest-circus\build\run.js:155:3)
    at _runTestsForDescribeBlock (C:\Users\Slavik\Projects\react-fundamentals-app\node_modules\jest-circus\build\run.js:66:9)
    at _runTestsForDescribeBlock (C:\Users\Slavik\Projects\react-fundamentals-app\node_modules\jest-circus\build\run.js:60:9)
    at _runTestsForDescribeBlock (C:\Users\Slavik\Projects\react-fundamentals-app\node_modules\jest-circus\build\run.js:60:9)
    at run (C:\Users\Slavik\Projects\react-fundamentals-app\node_modules\jest-circus\build\run.js:25:3)
    at runAndTransformResultsToJestFormat (C:\Users\Slavik\Projects\react-fundamentals-app\node_modules\jest-circus\build\legacy-code-todo-rewrite\jestAdapterInit.js:170:21)
    at jestAdapter (C:\Users\Slavik\Projects\react-fundamentals-app\node_modules\jest-circus\build\legacy-code-todo-rewrite\jestAdapter.js:82:19)
    at runTestInternal (C:\Users\Slavik\Projects\react-fundamentals-app\node_modules\jest-runner\build\runTest.js:389:16)
    at runTest (C:\Users\Slavik\Projects\react-fundamentals-app\node_modules\jest-runner\build\runTest.js:475:34)
    at Object.worker (C:\Users\Slavik\Projects\react-fundamentals-app\node_modules\jest-runner\build\testWorker.js:133:12)</failure>
    </testcase>
    <testcase classname="services › deleteCourseService-should throw an error when the response is not successful (response.ok = false)" name="services › deleteCourseService-should throw an error when the response is not successful (response.ok = false)" time="0.001">
      <failure>TypeError: (0 , _services.deleteCourseService) is not a function
    at Object.&lt;anonymous&gt; (C:\Users\Slavik\Projects\react-fundamentals-app\src\__tests__\module-4\services.test.js:219:39)
    at Promise.then.completed (C:\Users\Slavik\Projects\react-fundamentals-app\node_modules\jest-circus\build\utils.js:391:28)
    at new Promise (&lt;anonymous&gt;)
    at callAsyncCircusFn (C:\Users\Slavik\Projects\react-fundamentals-app\node_modules\jest-circus\build\utils.js:316:10)
    at _callCircusTest (C:\Users\Slavik\Projects\react-fundamentals-app\node_modules\jest-circus\build\run.js:218:40)
    at processTicksAndRejections (node:internal/process/task_queues:105:5)
    at _runTest (C:\Users\Slavik\Projects\react-fundamentals-app\node_modules\jest-circus\build\run.js:155:3)
    at _runTestsForDescribeBlock (C:\Users\Slavik\Projects\react-fundamentals-app\node_modules\jest-circus\build\run.js:66:9)
    at _runTestsForDescribeBlock (C:\Users\Slavik\Projects\react-fundamentals-app\node_modules\jest-circus\build\run.js:60:9)
    at _runTestsForDescribeBlock (C:\Users\Slavik\Projects\react-fundamentals-app\node_modules\jest-circus\build\run.js:60:9)
    at run (C:\Users\Slavik\Projects\react-fundamentals-app\node_modules\jest-circus\build\run.js:25:3)
    at runAndTransformResultsToJestFormat (C:\Users\Slavik\Projects\react-fundamentals-app\node_modules\jest-circus\build\legacy-code-todo-rewrite\jestAdapterInit.js:170:21)
    at jestAdapter (C:\Users\Slavik\Projects\react-fundamentals-app\node_modules\jest-circus\build\legacy-code-todo-rewrite\jestAdapter.js:82:19)
    at runTestInternal (C:\Users\Slavik\Projects\react-fundamentals-app\node_modules\jest-runner\build\runTest.js:389:16)
    at runTest (C:\Users\Slavik\Projects\react-fundamentals-app\node_modules\jest-runner\build\runTest.js:475:34)
    at Object.worker (C:\Users\Slavik\Projects\react-fundamentals-app\node_modules\jest-runner\build\testWorker.js:133:12)</failure>
    </testcase>
    <testcase classname="services › createCourse-should create course when the response is successful (createCourse with data and token args call fetch with path - &quot;http://localhost:4000/courses/add&quot; method - &quot;POST&quot;, headers - &quot;Content-Type&quot;: &quot;application/json&quot;, Authorization: token), body - data" name="services › createCourse-should create course when the response is successful (createCourse with data and token args call fetch with path - &quot;http://localhost:4000/courses/add&quot; method - &quot;POST&quot;, headers - &quot;Content-Type&quot;: &quot;application/json&quot;, Authorization: token), body - data" time="0.002">
      <failure>TypeError: (0 , _services.createCourse) is not a function
    at Object.&lt;anonymous&gt; (C:\Users\Slavik\Projects\react-fundamentals-app\src\__tests__\module-4\services.test.js:243:43)
    at Promise.then.completed (C:\Users\Slavik\Projects\react-fundamentals-app\node_modules\jest-circus\build\utils.js:391:28)
    at new Promise (&lt;anonymous&gt;)
    at callAsyncCircusFn (C:\Users\Slavik\Projects\react-fundamentals-app\node_modules\jest-circus\build\utils.js:316:10)
    at _callCircusTest (C:\Users\Slavik\Projects\react-fundamentals-app\node_modules\jest-circus\build\run.js:218:40)
    at processTicksAndRejections (node:internal/process/task_queues:105:5)
    at _runTest (C:\Users\Slavik\Projects\react-fundamentals-app\node_modules\jest-circus\build\run.js:155:3)
    at _runTestsForDescribeBlock (C:\Users\Slavik\Projects\react-fundamentals-app\node_modules\jest-circus\build\run.js:66:9)
    at _runTestsForDescribeBlock (C:\Users\Slavik\Projects\react-fundamentals-app\node_modules\jest-circus\build\run.js:60:9)
    at _runTestsForDescribeBlock (C:\Users\Slavik\Projects\react-fundamentals-app\node_modules\jest-circus\build\run.js:60:9)
    at run (C:\Users\Slavik\Projects\react-fundamentals-app\node_modules\jest-circus\build\run.js:25:3)
    at runAndTransformResultsToJestFormat (C:\Users\Slavik\Projects\react-fundamentals-app\node_modules\jest-circus\build\legacy-code-todo-rewrite\jestAdapterInit.js:170:21)
    at jestAdapter (C:\Users\Slavik\Projects\react-fundamentals-app\node_modules\jest-circus\build\legacy-code-todo-rewrite\jestAdapter.js:82:19)
    at runTestInternal (C:\Users\Slavik\Projects\react-fundamentals-app\node_modules\jest-runner\build\runTest.js:389:16)
    at runTest (C:\Users\Slavik\Projects\react-fundamentals-app\node_modules\jest-runner\build\runTest.js:475:34)
    at Object.worker (C:\Users\Slavik\Projects\react-fundamentals-app\node_modules\jest-runner\build\testWorker.js:133:12)</failure>
    </testcase>
    <testcase classname="services › createCourse-should throw an error when the response is not successful (response.ok = false)" name="services › createCourse-should throw an error when the response is not successful (response.ok = false)" time="0.002">
      <failure>TypeError: (0 , _services.createCourse) is not a function
    at Object.&lt;anonymous&gt; (C:\Users\Slavik\Projects\react-fundamentals-app\src\__tests__\module-4\services.test.js:264:32)
    at Promise.then.completed (C:\Users\Slavik\Projects\react-fundamentals-app\node_modules\jest-circus\build\utils.js:391:28)
    at new Promise (&lt;anonymous&gt;)
    at callAsyncCircusFn (C:\Users\Slavik\Projects\react-fundamentals-app\node_modules\jest-circus\build\utils.js:316:10)
    at _callCircusTest (C:\Users\Slavik\Projects\react-fundamentals-app\node_modules\jest-circus\build\run.js:218:40)
    at processTicksAndRejections (node:internal/process/task_queues:105:5)
    at _runTest (C:\Users\Slavik\Projects\react-fundamentals-app\node_modules\jest-circus\build\run.js:155:3)
    at _runTestsForDescribeBlock (C:\Users\Slavik\Projects\react-fundamentals-app\node_modules\jest-circus\build\run.js:66:9)
    at _runTestsForDescribeBlock (C:\Users\Slavik\Projects\react-fundamentals-app\node_modules\jest-circus\build\run.js:60:9)
    at _runTestsForDescribeBlock (C:\Users\Slavik\Projects\react-fundamentals-app\node_modules\jest-circus\build\run.js:60:9)
    at run (C:\Users\Slavik\Projects\react-fundamentals-app\node_modules\jest-circus\build\run.js:25:3)
    at runAndTransformResultsToJestFormat (C:\Users\Slavik\Projects\react-fundamentals-app\node_modules\jest-circus\build\legacy-code-todo-rewrite\jestAdapterInit.js:170:21)
    at jestAdapter (C:\Users\Slavik\Projects\react-fundamentals-app\node_modules\jest-circus\build\legacy-code-todo-rewrite\jestAdapter.js:82:19)
    at runTestInternal (C:\Users\Slavik\Projects\react-fundamentals-app\node_modules\jest-runner\build\runTest.js:389:16)
    at runTest (C:\Users\Slavik\Projects\react-fundamentals-app\node_modules\jest-runner\build\runTest.js:475:34)
    at Object.worker (C:\Users\Slavik\Projects\react-fundamentals-app\node_modules\jest-runner\build\testWorker.js:133:12)</failure>
    </testcase>
  </testsuite>
  <testsuite name="src\__tests__\module-4\thunk.test.js" errors="0" failures="8" skipped="0" timestamp="2025-05-02T14:54:17" time="4.677" tests="8">
    <testcase classname="thunks › authorThunks › createAuthorThunk-should dispatch saveAuthor action with the created author data" name="thunks › authorThunks › createAuthorThunk-should dispatch saveAuthor action with the created author data" time="0.002">
      <failure>TypeError: (0 , _authorsThunk.createAuthorThunk) is not a function
    at Object.&lt;anonymous&gt; (C:\Users\Slavik\Projects\react-fundamentals-app\src\__tests__\module-4\thunk.test.js:48:32)
    at Promise.then.completed (C:\Users\Slavik\Projects\react-fundamentals-app\node_modules\jest-circus\build\utils.js:391:28)
    at new Promise (&lt;anonymous&gt;)
    at callAsyncCircusFn (C:\Users\Slavik\Projects\react-fundamentals-app\node_modules\jest-circus\build\utils.js:316:10)
    at _callCircusTest (C:\Users\Slavik\Projects\react-fundamentals-app\node_modules\jest-circus\build\run.js:218:40)
    at processTicksAndRejections (node:internal/process/task_queues:105:5)
    at _runTest (C:\Users\Slavik\Projects\react-fundamentals-app\node_modules\jest-circus\build\run.js:155:3)
    at _runTestsForDescribeBlock (C:\Users\Slavik\Projects\react-fundamentals-app\node_modules\jest-circus\build\run.js:66:9)
    at _runTestsForDescribeBlock (C:\Users\Slavik\Projects\react-fundamentals-app\node_modules\jest-circus\build\run.js:60:9)
    at _runTestsForDescribeBlock (C:\Users\Slavik\Projects\react-fundamentals-app\node_modules\jest-circus\build\run.js:60:9)
    at _runTestsForDescribeBlock (C:\Users\Slavik\Projects\react-fundamentals-app\node_modules\jest-circus\build\run.js:60:9)
    at run (C:\Users\Slavik\Projects\react-fundamentals-app\node_modules\jest-circus\build\run.js:25:3)
    at runAndTransformResultsToJestFormat (C:\Users\Slavik\Projects\react-fundamentals-app\node_modules\jest-circus\build\legacy-code-todo-rewrite\jestAdapterInit.js:170:21)
    at jestAdapter (C:\Users\Slavik\Projects\react-fundamentals-app\node_modules\jest-circus\build\legacy-code-todo-rewrite\jestAdapter.js:82:19)
    at runTestInternal (C:\Users\Slavik\Projects\react-fundamentals-app\node_modules\jest-runner\build\runTest.js:389:16)
    at runTest (C:\Users\Slavik\Projects\react-fundamentals-app\node_modules\jest-runner\build\runTest.js:475:34)
    at Object.worker (C:\Users\Slavik\Projects\react-fundamentals-app\node_modules\jest-runner\build\testWorker.js:133:12)</failure>
    </testcase>
    <testcase classname="thunks › authorThunks › getAuthorsThunk-should dispatch setAuthors action with the authors data" name="thunks › authorThunks › getAuthorsThunk-should dispatch setAuthors action with the authors data" time="0.001">
      <failure>TypeError: (0 , _authorsThunk.getAuthorsThunk) is not a function
    at Object.&lt;anonymous&gt; (C:\Users\Slavik\Projects\react-fundamentals-app\src\__tests__\module-4\thunk.test.js:76:30)
    at Promise.then.completed (C:\Users\Slavik\Projects\react-fundamentals-app\node_modules\jest-circus\build\utils.js:391:28)
    at new Promise (&lt;anonymous&gt;)
    at callAsyncCircusFn (C:\Users\Slavik\Projects\react-fundamentals-app\node_modules\jest-circus\build\utils.js:316:10)
    at _callCircusTest (C:\Users\Slavik\Projects\react-fundamentals-app\node_modules\jest-circus\build\run.js:218:40)
    at processTicksAndRejections (node:internal/process/task_queues:105:5)
    at _runTest (C:\Users\Slavik\Projects\react-fundamentals-app\node_modules\jest-circus\build\run.js:155:3)
    at _runTestsForDescribeBlock (C:\Users\Slavik\Projects\react-fundamentals-app\node_modules\jest-circus\build\run.js:66:9)
    at _runTestsForDescribeBlock (C:\Users\Slavik\Projects\react-fundamentals-app\node_modules\jest-circus\build\run.js:60:9)
    at _runTestsForDescribeBlock (C:\Users\Slavik\Projects\react-fundamentals-app\node_modules\jest-circus\build\run.js:60:9)
    at _runTestsForDescribeBlock (C:\Users\Slavik\Projects\react-fundamentals-app\node_modules\jest-circus\build\run.js:60:9)
    at run (C:\Users\Slavik\Projects\react-fundamentals-app\node_modules\jest-circus\build\run.js:25:3)
    at runAndTransformResultsToJestFormat (C:\Users\Slavik\Projects\react-fundamentals-app\node_modules\jest-circus\build\legacy-code-todo-rewrite\jestAdapterInit.js:170:21)
    at jestAdapter (C:\Users\Slavik\Projects\react-fundamentals-app\node_modules\jest-circus\build\legacy-code-todo-rewrite\jestAdapter.js:82:19)
    at runTestInternal (C:\Users\Slavik\Projects\react-fundamentals-app\node_modules\jest-runner\build\runTest.js:389:16)
    at runTest (C:\Users\Slavik\Projects\react-fundamentals-app\node_modules\jest-runner\build\runTest.js:475:34)
    at Object.worker (C:\Users\Slavik\Projects\react-fundamentals-app\node_modules\jest-runner\build\testWorker.js:133:12)</failure>
    </testcase>
    <testcase classname="thunks › coursesThunks › updateCourseThunk-should dispatch updateCourse action with the updated course data" name="thunks › coursesThunks › updateCourseThunk-should dispatch updateCourse action with the updated course data" time="0.001">
      <failure>TypeError: (0 , _coursesThunk.updateCourseThunk) is not a function
    at Object.&lt;anonymous&gt; (C:\Users\Slavik\Projects\react-fundamentals-app\src\__tests__\module-4\thunk.test.js:100:32)
    at Promise.then.completed (C:\Users\Slavik\Projects\react-fundamentals-app\node_modules\jest-circus\build\utils.js:391:28)
    at new Promise (&lt;anonymous&gt;)
    at callAsyncCircusFn (C:\Users\Slavik\Projects\react-fundamentals-app\node_modules\jest-circus\build\utils.js:316:10)
    at _callCircusTest (C:\Users\Slavik\Projects\react-fundamentals-app\node_modules\jest-circus\build\run.js:218:40)
    at processTicksAndRejections (node:internal/process/task_queues:105:5)
    at _runTest (C:\Users\Slavik\Projects\react-fundamentals-app\node_modules\jest-circus\build\run.js:155:3)
    at _runTestsForDescribeBlock (C:\Users\Slavik\Projects\react-fundamentals-app\node_modules\jest-circus\build\run.js:66:9)
    at _runTestsForDescribeBlock (C:\Users\Slavik\Projects\react-fundamentals-app\node_modules\jest-circus\build\run.js:60:9)
    at _runTestsForDescribeBlock (C:\Users\Slavik\Projects\react-fundamentals-app\node_modules\jest-circus\build\run.js:60:9)
    at _runTestsForDescribeBlock (C:\Users\Slavik\Projects\react-fundamentals-app\node_modules\jest-circus\build\run.js:60:9)
    at run (C:\Users\Slavik\Projects\react-fundamentals-app\node_modules\jest-circus\build\run.js:25:3)
    at runAndTransformResultsToJestFormat (C:\Users\Slavik\Projects\react-fundamentals-app\node_modules\jest-circus\build\legacy-code-todo-rewrite\jestAdapterInit.js:170:21)
    at jestAdapter (C:\Users\Slavik\Projects\react-fundamentals-app\node_modules\jest-circus\build\legacy-code-todo-rewrite\jestAdapter.js:82:19)
    at runTestInternal (C:\Users\Slavik\Projects\react-fundamentals-app\node_modules\jest-runner\build\runTest.js:389:16)
    at runTest (C:\Users\Slavik\Projects\react-fundamentals-app\node_modules\jest-runner\build\runTest.js:475:34)
    at Object.worker (C:\Users\Slavik\Projects\react-fundamentals-app\node_modules\jest-runner\build\testWorker.js:133:12)</failure>
    </testcase>
    <testcase classname="thunks › coursesThunks › deleteCourseThunk-should dispatch deleteCourse action with the course id" name="thunks › coursesThunks › deleteCourseThunk-should dispatch deleteCourse action with the course id" time="0.001">
      <failure>TypeError: (0 , _coursesThunk.deleteCourseThunk) is not a function
    at Object.&lt;anonymous&gt; (C:\Users\Slavik\Projects\react-fundamentals-app\src\__tests__\module-4\thunk.test.js:121:32)
    at Promise.then.completed (C:\Users\Slavik\Projects\react-fundamentals-app\node_modules\jest-circus\build\utils.js:391:28)
    at new Promise (&lt;anonymous&gt;)
    at callAsyncCircusFn (C:\Users\Slavik\Projects\react-fundamentals-app\node_modules\jest-circus\build\utils.js:316:10)
    at _callCircusTest (C:\Users\Slavik\Projects\react-fundamentals-app\node_modules\jest-circus\build\run.js:218:40)
    at processTicksAndRejections (node:internal/process/task_queues:105:5)
    at _runTest (C:\Users\Slavik\Projects\react-fundamentals-app\node_modules\jest-circus\build\run.js:155:3)
    at _runTestsForDescribeBlock (C:\Users\Slavik\Projects\react-fundamentals-app\node_modules\jest-circus\build\run.js:66:9)
    at _runTestsForDescribeBlock (C:\Users\Slavik\Projects\react-fundamentals-app\node_modules\jest-circus\build\run.js:60:9)
    at _runTestsForDescribeBlock (C:\Users\Slavik\Projects\react-fundamentals-app\node_modules\jest-circus\build\run.js:60:9)
    at _runTestsForDescribeBlock (C:\Users\Slavik\Projects\react-fundamentals-app\node_modules\jest-circus\build\run.js:60:9)
    at run (C:\Users\Slavik\Projects\react-fundamentals-app\node_modules\jest-circus\build\run.js:25:3)
    at runAndTransformResultsToJestFormat (C:\Users\Slavik\Projects\react-fundamentals-app\node_modules\jest-circus\build\legacy-code-todo-rewrite\jestAdapterInit.js:170:21)
    at jestAdapter (C:\Users\Slavik\Projects\react-fundamentals-app\node_modules\jest-circus\build\legacy-code-todo-rewrite\jestAdapter.js:82:19)
    at runTestInternal (C:\Users\Slavik\Projects\react-fundamentals-app\node_modules\jest-runner\build\runTest.js:389:16)
    at runTest (C:\Users\Slavik\Projects\react-fundamentals-app\node_modules\jest-runner\build\runTest.js:475:34)
    at Object.worker (C:\Users\Slavik\Projects\react-fundamentals-app\node_modules\jest-runner\build\testWorker.js:133:12)</failure>
    </testcase>
    <testcase classname="thunks › coursesThunks › createCourseThunk-should dispatch saveCourse action with the course data" name="thunks › coursesThunks › createCourseThunk-should dispatch saveCourse action with the course data" time="0.001">
      <failure>TypeError: (0 , _coursesThunk.createCourseThunk) is not a function
    at Object.&lt;anonymous&gt; (C:\Users\Slavik\Projects\react-fundamentals-app\src\__tests__\module-4\thunk.test.js:142:32)
    at Promise.then.completed (C:\Users\Slavik\Projects\react-fundamentals-app\node_modules\jest-circus\build\utils.js:391:28)
    at new Promise (&lt;anonymous&gt;)
    at callAsyncCircusFn (C:\Users\Slavik\Projects\react-fundamentals-app\node_modules\jest-circus\build\utils.js:316:10)
    at _callCircusTest (C:\Users\Slavik\Projects\react-fundamentals-app\node_modules\jest-circus\build\run.js:218:40)
    at processTicksAndRejections (node:internal/process/task_queues:105:5)
    at _runTest (C:\Users\Slavik\Projects\react-fundamentals-app\node_modules\jest-circus\build\run.js:155:3)
    at _runTestsForDescribeBlock (C:\Users\Slavik\Projects\react-fundamentals-app\node_modules\jest-circus\build\run.js:66:9)
    at _runTestsForDescribeBlock (C:\Users\Slavik\Projects\react-fundamentals-app\node_modules\jest-circus\build\run.js:60:9)
    at _runTestsForDescribeBlock (C:\Users\Slavik\Projects\react-fundamentals-app\node_modules\jest-circus\build\run.js:60:9)
    at _runTestsForDescribeBlock (C:\Users\Slavik\Projects\react-fundamentals-app\node_modules\jest-circus\build\run.js:60:9)
    at run (C:\Users\Slavik\Projects\react-fundamentals-app\node_modules\jest-circus\build\run.js:25:3)
    at runAndTransformResultsToJestFormat (C:\Users\Slavik\Projects\react-fundamentals-app\node_modules\jest-circus\build\legacy-code-todo-rewrite\jestAdapterInit.js:170:21)
    at jestAdapter (C:\Users\Slavik\Projects\react-fundamentals-app\node_modules\jest-circus\build\legacy-code-todo-rewrite\jestAdapter.js:82:19)
    at runTestInternal (C:\Users\Slavik\Projects\react-fundamentals-app\node_modules\jest-runner\build\runTest.js:389:16)
    at runTest (C:\Users\Slavik\Projects\react-fundamentals-app\node_modules\jest-runner\build\runTest.js:475:34)
    at Object.worker (C:\Users\Slavik\Projects\react-fundamentals-app\node_modules\jest-runner\build\testWorker.js:133:12)</failure>
    </testcase>
    <testcase classname="thunks › coursesThunks › getCoursesThunk-should dispatch setCourses action with the courses data" name="thunks › coursesThunks › getCoursesThunk-should dispatch setCourses action with the courses data" time="0">
      <failure>TypeError: (0 , _coursesThunk.getCoursesThunk) is not a function
    at Object.&lt;anonymous&gt; (C:\Users\Slavik\Projects\react-fundamentals-app\src\__tests__\module-4\thunk.test.js:163:30)
    at Promise.then.completed (C:\Users\Slavik\Projects\react-fundamentals-app\node_modules\jest-circus\build\utils.js:391:28)
    at new Promise (&lt;anonymous&gt;)
    at callAsyncCircusFn (C:\Users\Slavik\Projects\react-fundamentals-app\node_modules\jest-circus\build\utils.js:316:10)
    at _callCircusTest (C:\Users\Slavik\Projects\react-fundamentals-app\node_modules\jest-circus\build\run.js:218:40)
    at processTicksAndRejections (node:internal/process/task_queues:105:5)
    at _runTest (C:\Users\Slavik\Projects\react-fundamentals-app\node_modules\jest-circus\build\run.js:155:3)
    at _runTestsForDescribeBlock (C:\Users\Slavik\Projects\react-fundamentals-app\node_modules\jest-circus\build\run.js:66:9)
    at _runTestsForDescribeBlock (C:\Users\Slavik\Projects\react-fundamentals-app\node_modules\jest-circus\build\run.js:60:9)
    at _runTestsForDescribeBlock (C:\Users\Slavik\Projects\react-fundamentals-app\node_modules\jest-circus\build\run.js:60:9)
    at _runTestsForDescribeBlock (C:\Users\Slavik\Projects\react-fundamentals-app\node_modules\jest-circus\build\run.js:60:9)
    at run (C:\Users\Slavik\Projects\react-fundamentals-app\node_modules\jest-circus\build\run.js:25:3)
    at runAndTransformResultsToJestFormat (C:\Users\Slavik\Projects\react-fundamentals-app\node_modules\jest-circus\build\legacy-code-todo-rewrite\jestAdapterInit.js:170:21)
    at jestAdapter (C:\Users\Slavik\Projects\react-fundamentals-app\node_modules\jest-circus\build\legacy-code-todo-rewrite\jestAdapter.js:82:19)
    at runTestInternal (C:\Users\Slavik\Projects\react-fundamentals-app\node_modules\jest-runner\build\runTest.js:389:16)
    at runTest (C:\Users\Slavik\Projects\react-fundamentals-app\node_modules\jest-runner\build\runTest.js:475:34)
    at Object.worker (C:\Users\Slavik\Projects\react-fundamentals-app\node_modules\jest-runner\build\testWorker.js:133:12)</failure>
    </testcase>
    <testcase classname="thunks › userThunks › getUserThunk-should dispatch setUserData action with the user data" name="thunks › userThunks › getUserThunk-should dispatch setUserData action with the user data" time="0">
      <failure>TypeError: (0 , _userThunk.getUserThunk) is not a function
    at Object.&lt;anonymous&gt; (C:\Users\Slavik\Projects\react-fundamentals-app\src\__tests__\module-4\thunk.test.js:199:27)
    at Promise.then.completed (C:\Users\Slavik\Projects\react-fundamentals-app\node_modules\jest-circus\build\utils.js:391:28)
    at new Promise (&lt;anonymous&gt;)
    at callAsyncCircusFn (C:\Users\Slavik\Projects\react-fundamentals-app\node_modules\jest-circus\build\utils.js:316:10)
    at _callCircusTest (C:\Users\Slavik\Projects\react-fundamentals-app\node_modules\jest-circus\build\run.js:218:40)
    at processTicksAndRejections (node:internal/process/task_queues:105:5)
    at _runTest (C:\Users\Slavik\Projects\react-fundamentals-app\node_modules\jest-circus\build\run.js:155:3)
    at _runTestsForDescribeBlock (C:\Users\Slavik\Projects\react-fundamentals-app\node_modules\jest-circus\build\run.js:66:9)
    at _runTestsForDescribeBlock (C:\Users\Slavik\Projects\react-fundamentals-app\node_modules\jest-circus\build\run.js:60:9)
    at _runTestsForDescribeBlock (C:\Users\Slavik\Projects\react-fundamentals-app\node_modules\jest-circus\build\run.js:60:9)
    at _runTestsForDescribeBlock (C:\Users\Slavik\Projects\react-fundamentals-app\node_modules\jest-circus\build\run.js:60:9)
    at run (C:\Users\Slavik\Projects\react-fundamentals-app\node_modules\jest-circus\build\run.js:25:3)
    at runAndTransformResultsToJestFormat (C:\Users\Slavik\Projects\react-fundamentals-app\node_modules\jest-circus\build\legacy-code-todo-rewrite\jestAdapterInit.js:170:21)
    at jestAdapter (C:\Users\Slavik\Projects\react-fundamentals-app\node_modules\jest-circus\build\legacy-code-todo-rewrite\jestAdapter.js:82:19)
    at runTestInternal (C:\Users\Slavik\Projects\react-fundamentals-app\node_modules\jest-runner\build\runTest.js:389:16)
    at runTest (C:\Users\Slavik\Projects\react-fundamentals-app\node_modules\jest-runner\build\runTest.js:475:34)
    at Object.worker (C:\Users\Slavik\Projects\react-fundamentals-app\node_modules\jest-runner\build\testWorker.js:133:12)</failure>
    </testcase>
    <testcase classname="thunks › userThunks › logoutThunk-should dispatch removeUserData action" name="thunks › userThunks › logoutThunk-should dispatch removeUserData action" time="0.002">
      <failure>TypeError: (0 , _userThunk.logoutThunk) is not a function
    at Object.&lt;anonymous&gt; (C:\Users\Slavik\Projects\react-fundamentals-app\src\__tests__\module-4\thunk.test.js:227:26)
    at Promise.then.completed (C:\Users\Slavik\Projects\react-fundamentals-app\node_modules\jest-circus\build\utils.js:391:28)
    at new Promise (&lt;anonymous&gt;)
    at callAsyncCircusFn (C:\Users\Slavik\Projects\react-fundamentals-app\node_modules\jest-circus\build\utils.js:316:10)
    at _callCircusTest (C:\Users\Slavik\Projects\react-fundamentals-app\node_modules\jest-circus\build\run.js:218:40)
    at processTicksAndRejections (node:internal/process/task_queues:105:5)
    at _runTest (C:\Users\Slavik\Projects\react-fundamentals-app\node_modules\jest-circus\build\run.js:155:3)
    at _runTestsForDescribeBlock (C:\Users\Slavik\Projects\react-fundamentals-app\node_modules\jest-circus\build\run.js:66:9)
    at _runTestsForDescribeBlock (C:\Users\Slavik\Projects\react-fundamentals-app\node_modules\jest-circus\build\run.js:60:9)
    at _runTestsForDescribeBlock (C:\Users\Slavik\Projects\react-fundamentals-app\node_modules\jest-circus\build\run.js:60:9)
    at _runTestsForDescribeBlock (C:\Users\Slavik\Projects\react-fundamentals-app\node_modules\jest-circus\build\run.js:60:9)
    at run (C:\Users\Slavik\Projects\react-fundamentals-app\node_modules\jest-circus\build\run.js:25:3)
    at runAndTransformResultsToJestFormat (C:\Users\Slavik\Projects\react-fundamentals-app\node_modules\jest-circus\build\legacy-code-todo-rewrite\jestAdapterInit.js:170:21)
    at jestAdapter (C:\Users\Slavik\Projects\react-fundamentals-app\node_modules\jest-circus\build\legacy-code-todo-rewrite\jestAdapter.js:82:19)
    at runTestInternal (C:\Users\Slavik\Projects\react-fundamentals-app\node_modules\jest-runner\build\runTest.js:389:16)
    at runTest (C:\Users\Slavik\Projects\react-fundamentals-app\node_modules\jest-runner\build\runTest.js:475:34)
    at Object.worker (C:\Users\Slavik\Projects\react-fundamentals-app\node_modules\jest-runner\build\testWorker.js:133:12)</failure>
    </testcase>
  </testsuite>
  <testsuite name="src\__tests__\module-4\slices.test.js" errors="0" failures="7" skipped="0" timestamp="2025-05-02T14:54:21" time="1.134" tests="7">
    <testcase classname="slices › authorsSlice-should set authors with setAuthors action" name="slices › authorsSlice-should set authors with setAuthors action" time="0.001">
      <failure>TypeError: (0 , _authorsSlice.setAuthors) is not a function
    at Object.&lt;anonymous&gt; (C:\Users\Slavik\Projects\react-fundamentals-app\src\__tests__\module-4\slices.test.js:22:32)
    at Promise.then.completed (C:\Users\Slavik\Projects\react-fundamentals-app\node_modules\jest-circus\build\utils.js:391:28)
    at new Promise (&lt;anonymous&gt;)
    at callAsyncCircusFn (C:\Users\Slavik\Projects\react-fundamentals-app\node_modules\jest-circus\build\utils.js:316:10)
    at _callCircusTest (C:\Users\Slavik\Projects\react-fundamentals-app\node_modules\jest-circus\build\run.js:218:40)
    at processTicksAndRejections (node:internal/process/task_queues:105:5)
    at _runTest (C:\Users\Slavik\Projects\react-fundamentals-app\node_modules\jest-circus\build\run.js:155:3)
    at _runTestsForDescribeBlock (C:\Users\Slavik\Projects\react-fundamentals-app\node_modules\jest-circus\build\run.js:66:9)
    at _runTestsForDescribeBlock (C:\Users\Slavik\Projects\react-fundamentals-app\node_modules\jest-circus\build\run.js:60:9)
    at _runTestsForDescribeBlock (C:\Users\Slavik\Projects\react-fundamentals-app\node_modules\jest-circus\build\run.js:60:9)
    at run (C:\Users\Slavik\Projects\react-fundamentals-app\node_modules\jest-circus\build\run.js:25:3)
    at runAndTransformResultsToJestFormat (C:\Users\Slavik\Projects\react-fundamentals-app\node_modules\jest-circus\build\legacy-code-todo-rewrite\jestAdapterInit.js:170:21)
    at jestAdapter (C:\Users\Slavik\Projects\react-fundamentals-app\node_modules\jest-circus\build\legacy-code-todo-rewrite\jestAdapter.js:82:19)
    at runTestInternal (C:\Users\Slavik\Projects\react-fundamentals-app\node_modules\jest-runner\build\runTest.js:389:16)
    at runTest (C:\Users\Slavik\Projects\react-fundamentals-app\node_modules\jest-runner\build\runTest.js:475:34)
    at Object.worker (C:\Users\Slavik\Projects\react-fundamentals-app\node_modules\jest-runner\build\testWorker.js:133:12)</failure>
    </testcase>
    <testcase classname="slices › authorsSlice-should save a new author with saveAuthor action payload {}" name="slices › authorsSlice-should save a new author with saveAuthor action payload {}" time="0.001">
      <failure>TypeError: (0 , _authorsSlice.saveAuthor) is not a function
    at Object.&lt;anonymous&gt; (C:\Users\Slavik\Projects\react-fundamentals-app\src\__tests__\module-4\slices.test.js:37:32)
    at Promise.then.completed (C:\Users\Slavik\Projects\react-fundamentals-app\node_modules\jest-circus\build\utils.js:391:28)
    at new Promise (&lt;anonymous&gt;)
    at callAsyncCircusFn (C:\Users\Slavik\Projects\react-fundamentals-app\node_modules\jest-circus\build\utils.js:316:10)
    at _callCircusTest (C:\Users\Slavik\Projects\react-fundamentals-app\node_modules\jest-circus\build\run.js:218:40)
    at processTicksAndRejections (node:internal/process/task_queues:105:5)
    at _runTest (C:\Users\Slavik\Projects\react-fundamentals-app\node_modules\jest-circus\build\run.js:155:3)
    at _runTestsForDescribeBlock (C:\Users\Slavik\Projects\react-fundamentals-app\node_modules\jest-circus\build\run.js:66:9)
    at _runTestsForDescribeBlock (C:\Users\Slavik\Projects\react-fundamentals-app\node_modules\jest-circus\build\run.js:60:9)
    at _runTestsForDescribeBlock (C:\Users\Slavik\Projects\react-fundamentals-app\node_modules\jest-circus\build\run.js:60:9)
    at run (C:\Users\Slavik\Projects\react-fundamentals-app\node_modules\jest-circus\build\run.js:25:3)
    at runAndTransformResultsToJestFormat (C:\Users\Slavik\Projects\react-fundamentals-app\node_modules\jest-circus\build\legacy-code-todo-rewrite\jestAdapterInit.js:170:21)
    at jestAdapter (C:\Users\Slavik\Projects\react-fundamentals-app\node_modules\jest-circus\build\legacy-code-todo-rewrite\jestAdapter.js:82:19)
    at runTestInternal (C:\Users\Slavik\Projects\react-fundamentals-app\node_modules\jest-runner\build\runTest.js:389:16)
    at runTest (C:\Users\Slavik\Projects\react-fundamentals-app\node_modules\jest-runner\build\runTest.js:475:34)
    at Object.worker (C:\Users\Slavik\Projects\react-fundamentals-app\node_modules\jest-runner\build\testWorker.js:133:12)</failure>
    </testcase>
    <testcase classname="slices › coursesSlice-should set courses with setCourses action" name="slices › coursesSlice-should set courses with setCourses action" time="0">
      <failure>TypeError: (0 , _coursesSlice.setCourses) is not a function
    at Object.&lt;anonymous&gt; (C:\Users\Slavik\Projects\react-fundamentals-app\src\__tests__\module-4\slices.test.js:56:32)
    at Promise.then.completed (C:\Users\Slavik\Projects\react-fundamentals-app\node_modules\jest-circus\build\utils.js:391:28)
    at new Promise (&lt;anonymous&gt;)
    at callAsyncCircusFn (C:\Users\Slavik\Projects\react-fundamentals-app\node_modules\jest-circus\build\utils.js:316:10)
    at _callCircusTest (C:\Users\Slavik\Projects\react-fundamentals-app\node_modules\jest-circus\build\run.js:218:40)
    at processTicksAndRejections (node:internal/process/task_queues:105:5)
    at _runTest (C:\Users\Slavik\Projects\react-fundamentals-app\node_modules\jest-circus\build\run.js:155:3)
    at _runTestsForDescribeBlock (C:\Users\Slavik\Projects\react-fundamentals-app\node_modules\jest-circus\build\run.js:66:9)
    at _runTestsForDescribeBlock (C:\Users\Slavik\Projects\react-fundamentals-app\node_modules\jest-circus\build\run.js:60:9)
    at _runTestsForDescribeBlock (C:\Users\Slavik\Projects\react-fundamentals-app\node_modules\jest-circus\build\run.js:60:9)
    at run (C:\Users\Slavik\Projects\react-fundamentals-app\node_modules\jest-circus\build\run.js:25:3)
    at runAndTransformResultsToJestFormat (C:\Users\Slavik\Projects\react-fundamentals-app\node_modules\jest-circus\build\legacy-code-todo-rewrite\jestAdapterInit.js:170:21)
    at jestAdapter (C:\Users\Slavik\Projects\react-fundamentals-app\node_modules\jest-circus\build\legacy-code-todo-rewrite\jestAdapter.js:82:19)
    at runTestInternal (C:\Users\Slavik\Projects\react-fundamentals-app\node_modules\jest-runner\build\runTest.js:389:16)
    at runTest (C:\Users\Slavik\Projects\react-fundamentals-app\node_modules\jest-runner\build\runTest.js:475:34)
    at Object.worker (C:\Users\Slavik\Projects\react-fundamentals-app\node_modules\jest-runner\build\testWorker.js:133:12)</failure>
    </testcase>
    <testcase classname="slices › coursesSlice-should save a new course with saveCourse action" name="slices › coursesSlice-should save a new course with saveCourse action" time="0.001">
      <failure>TypeError: (0 , _coursesSlice.saveCourse) is not a function
    at Object.&lt;anonymous&gt; (C:\Users\Slavik\Projects\react-fundamentals-app\src\__tests__\module-4\slices.test.js:71:32)
    at Promise.then.completed (C:\Users\Slavik\Projects\react-fundamentals-app\node_modules\jest-circus\build\utils.js:391:28)
    at new Promise (&lt;anonymous&gt;)
    at callAsyncCircusFn (C:\Users\Slavik\Projects\react-fundamentals-app\node_modules\jest-circus\build\utils.js:316:10)
    at _callCircusTest (C:\Users\Slavik\Projects\react-fundamentals-app\node_modules\jest-circus\build\run.js:218:40)
    at processTicksAndRejections (node:internal/process/task_queues:105:5)
    at _runTest (C:\Users\Slavik\Projects\react-fundamentals-app\node_modules\jest-circus\build\run.js:155:3)
    at _runTestsForDescribeBlock (C:\Users\Slavik\Projects\react-fundamentals-app\node_modules\jest-circus\build\run.js:66:9)
    at _runTestsForDescribeBlock (C:\Users\Slavik\Projects\react-fundamentals-app\node_modules\jest-circus\build\run.js:60:9)
    at _runTestsForDescribeBlock (C:\Users\Slavik\Projects\react-fundamentals-app\node_modules\jest-circus\build\run.js:60:9)
    at run (C:\Users\Slavik\Projects\react-fundamentals-app\node_modules\jest-circus\build\run.js:25:3)
    at runAndTransformResultsToJestFormat (C:\Users\Slavik\Projects\react-fundamentals-app\node_modules\jest-circus\build\legacy-code-todo-rewrite\jestAdapterInit.js:170:21)
    at jestAdapter (C:\Users\Slavik\Projects\react-fundamentals-app\node_modules\jest-circus\build\legacy-code-todo-rewrite\jestAdapter.js:82:19)
    at runTestInternal (C:\Users\Slavik\Projects\react-fundamentals-app\node_modules\jest-runner\build\runTest.js:389:16)
    at runTest (C:\Users\Slavik\Projects\react-fundamentals-app\node_modules\jest-runner\build\runTest.js:475:34)
    at Object.worker (C:\Users\Slavik\Projects\react-fundamentals-app\node_modules\jest-runner\build\testWorker.js:133:12)</failure>
    </testcase>
    <testcase classname="slices › coursesSlice-should delete a course with deleteCourse action" name="slices › coursesSlice-should delete a course with deleteCourse action" time="0.001">
      <failure>TypeError: (0 , _coursesSlice.deleteCourse) is not a function
    at Object.&lt;anonymous&gt; (C:\Users\Slavik\Projects\react-fundamentals-app\src\__tests__\module-4\slices.test.js:89:34)
    at Promise.then.completed (C:\Users\Slavik\Projects\react-fundamentals-app\node_modules\jest-circus\build\utils.js:391:28)
    at new Promise (&lt;anonymous&gt;)
    at callAsyncCircusFn (C:\Users\Slavik\Projects\react-fundamentals-app\node_modules\jest-circus\build\utils.js:316:10)
    at _callCircusTest (C:\Users\Slavik\Projects\react-fundamentals-app\node_modules\jest-circus\build\run.js:218:40)
    at processTicksAndRejections (node:internal/process/task_queues:105:5)
    at _runTest (C:\Users\Slavik\Projects\react-fundamentals-app\node_modules\jest-circus\build\run.js:155:3)
    at _runTestsForDescribeBlock (C:\Users\Slavik\Projects\react-fundamentals-app\node_modules\jest-circus\build\run.js:66:9)
    at _runTestsForDescribeBlock (C:\Users\Slavik\Projects\react-fundamentals-app\node_modules\jest-circus\build\run.js:60:9)
    at _runTestsForDescribeBlock (C:\Users\Slavik\Projects\react-fundamentals-app\node_modules\jest-circus\build\run.js:60:9)
    at run (C:\Users\Slavik\Projects\react-fundamentals-app\node_modules\jest-circus\build\run.js:25:3)
    at runAndTransformResultsToJestFormat (C:\Users\Slavik\Projects\react-fundamentals-app\node_modules\jest-circus\build\legacy-code-todo-rewrite\jestAdapterInit.js:170:21)
    at jestAdapter (C:\Users\Slavik\Projects\react-fundamentals-app\node_modules\jest-circus\build\legacy-code-todo-rewrite\jestAdapter.js:82:19)
    at runTestInternal (C:\Users\Slavik\Projects\react-fundamentals-app\node_modules\jest-runner\build\runTest.js:389:16)
    at runTest (C:\Users\Slavik\Projects\react-fundamentals-app\node_modules\jest-runner\build\runTest.js:475:34)
    at Object.worker (C:\Users\Slavik\Projects\react-fundamentals-app\node_modules\jest-runner\build\testWorker.js:133:12)</failure>
    </testcase>
    <testcase classname="slices › userSlice-should set user data with setUserData action" name="slices › userSlice-should set user data with setUserData action" time="0">
      <failure>TypeError: (0 , _userSlice.setUserData) is not a function
    at Object.&lt;anonymous&gt; (C:\Users\Slavik\Projects\react-fundamentals-app\src\__tests__\module-4\slices.test.js:117:33)
    at Promise.then.completed (C:\Users\Slavik\Projects\react-fundamentals-app\node_modules\jest-circus\build\utils.js:391:28)
    at new Promise (&lt;anonymous&gt;)
    at callAsyncCircusFn (C:\Users\Slavik\Projects\react-fundamentals-app\node_modules\jest-circus\build\utils.js:316:10)
    at _callCircusTest (C:\Users\Slavik\Projects\react-fundamentals-app\node_modules\jest-circus\build\run.js:218:40)
    at processTicksAndRejections (node:internal/process/task_queues:105:5)
    at _runTest (C:\Users\Slavik\Projects\react-fundamentals-app\node_modules\jest-circus\build\run.js:155:3)
    at _runTestsForDescribeBlock (C:\Users\Slavik\Projects\react-fundamentals-app\node_modules\jest-circus\build\run.js:66:9)
    at _runTestsForDescribeBlock (C:\Users\Slavik\Projects\react-fundamentals-app\node_modules\jest-circus\build\run.js:60:9)
    at _runTestsForDescribeBlock (C:\Users\Slavik\Projects\react-fundamentals-app\node_modules\jest-circus\build\run.js:60:9)
    at run (C:\Users\Slavik\Projects\react-fundamentals-app\node_modules\jest-circus\build\run.js:25:3)
    at runAndTransformResultsToJestFormat (C:\Users\Slavik\Projects\react-fundamentals-app\node_modules\jest-circus\build\legacy-code-todo-rewrite\jestAdapterInit.js:170:21)
    at jestAdapter (C:\Users\Slavik\Projects\react-fundamentals-app\node_modules\jest-circus\build\legacy-code-todo-rewrite\jestAdapter.js:82:19)
    at runTestInternal (C:\Users\Slavik\Projects\react-fundamentals-app\node_modules\jest-runner\build\runTest.js:389:16)
    at runTest (C:\Users\Slavik\Projects\react-fundamentals-app\node_modules\jest-runner\build\runTest.js:475:34)
    at Object.worker (C:\Users\Slavik\Projects\react-fundamentals-app\node_modules\jest-runner\build\testWorker.js:133:12)</failure>
    </testcase>
    <testcase classname="slices › userSlice-should remove user data with removeUserData action" name="slices › userSlice-should remove user data with removeUserData action" time="0.001">
      <failure>TypeError: (0 , _userSlice.removeUserData) is not a function
    at Object.&lt;anonymous&gt; (C:\Users\Slavik\Projects\react-fundamentals-app\src\__tests__\module-4\slices.test.js:137:36)
    at Promise.then.completed (C:\Users\Slavik\Projects\react-fundamentals-app\node_modules\jest-circus\build\utils.js:391:28)
    at new Promise (&lt;anonymous&gt;)
    at callAsyncCircusFn (C:\Users\Slavik\Projects\react-fundamentals-app\node_modules\jest-circus\build\utils.js:316:10)
    at _callCircusTest (C:\Users\Slavik\Projects\react-fundamentals-app\node_modules\jest-circus\build\run.js:218:40)
    at processTicksAndRejections (node:internal/process/task_queues:105:5)
    at _runTest (C:\Users\Slavik\Projects\react-fundamentals-app\node_modules\jest-circus\build\run.js:155:3)
    at _runTestsForDescribeBlock (C:\Users\Slavik\Projects\react-fundamentals-app\node_modules\jest-circus\build\run.js:66:9)
    at _runTestsForDescribeBlock (C:\Users\Slavik\Projects\react-fundamentals-app\node_modules\jest-circus\build\run.js:60:9)
    at _runTestsForDescribeBlock (C:\Users\Slavik\Projects\react-fundamentals-app\node_modules\jest-circus\build\run.js:60:9)
    at run (C:\Users\Slavik\Projects\react-fundamentals-app\node_modules\jest-circus\build\run.js:25:3)
    at runAndTransformResultsToJestFormat (C:\Users\Slavik\Projects\react-fundamentals-app\node_modules\jest-circus\build\legacy-code-todo-rewrite\jestAdapterInit.js:170:21)
    at jestAdapter (C:\Users\Slavik\Projects\react-fundamentals-app\node_modules\jest-circus\build\legacy-code-todo-rewrite\jestAdapter.js:82:19)
    at runTestInternal (C:\Users\Slavik\Projects\react-fundamentals-app\node_modules\jest-runner\build\runTest.js:389:16)
    at runTest (C:\Users\Slavik\Projects\react-fundamentals-app\node_modules\jest-runner\build\runTest.js:475:34)
    at Object.worker (C:\Users\Slavik\Projects\react-fundamentals-app\node_modules\jest-runner\build\testWorker.js:133:12)</failure>
    </testcase>
  </testsuite>
  <testsuite name="src\__tests__\module-4\App.test.js" errors="0" failures="12" skipped="0" timestamp="2025-05-02T14:54:17" time="6.212" tests="12">
    <testcase classname="App-should render Login component when &quot;token&quot; is not present in localStorage and route &quot;/&quot;" name="App-should render Login component when &quot;token&quot; is not present in localStorage and route &quot;/&quot;" time="0.128">
      <failure>TestingLibraryElementError: Unable to find an element with the text: /If you don&apos;t have an account you/i. This could be because the text is broken up by multiple elements. In this case, you can provide a function for your text matcher to make your matcher more flexible.

Ignored nodes: comments, script, style
&lt;body&gt;
  &lt;div&gt;
    &lt;div
      class=&quot;wrapper&quot;
    &gt;
      &lt;div
        class=&quot;container&quot;
      /&gt;
    &lt;/div&gt;
  &lt;/div&gt;
&lt;/body&gt;
    at Object.getElementError (C:\Users\Slavik\Projects\react-fundamentals-app\node_modules\@testing-library\dom\dist\config.js:37:19)
    at C:\Users\Slavik\Projects\react-fundamentals-app\node_modules\@testing-library\dom\dist\query-helpers.js:76:38
    at C:\Users\Slavik\Projects\react-fundamentals-app\node_modules\@testing-library\dom\dist\query-helpers.js:52:17
    at getByText (C:\Users\Slavik\Projects\react-fundamentals-app\node_modules\@testing-library\dom\dist\query-helpers.js:95:19)
    at Object.&lt;anonymous&gt; (C:\Users\Slavik\Projects\react-fundamentals-app\src\__tests__\module-4\App.test.js:106:14)
    at Promise.then.completed (C:\Users\Slavik\Projects\react-fundamentals-app\node_modules\jest-circus\build\utils.js:391:28)
    at new Promise (&lt;anonymous&gt;)
    at callAsyncCircusFn (C:\Users\Slavik\Projects\react-fundamentals-app\node_modules\jest-circus\build\utils.js:316:10)
    at _callCircusTest (C:\Users\Slavik\Projects\react-fundamentals-app\node_modules\jest-circus\build\run.js:218:40)
    at processTicksAndRejections (node:internal/process/task_queues:105:5)
    at _runTest (C:\Users\Slavik\Projects\react-fundamentals-app\node_modules\jest-circus\build\run.js:155:3)
    at _runTestsForDescribeBlock (C:\Users\Slavik\Projects\react-fundamentals-app\node_modules\jest-circus\build\run.js:66:9)
    at _runTestsForDescribeBlock (C:\Users\Slavik\Projects\react-fundamentals-app\node_modules\jest-circus\build\run.js:60:9)
    at run (C:\Users\Slavik\Projects\react-fundamentals-app\node_modules\jest-circus\build\run.js:25:3)
    at runAndTransformResultsToJestFormat (C:\Users\Slavik\Projects\react-fundamentals-app\node_modules\jest-circus\build\legacy-code-todo-rewrite\jestAdapterInit.js:170:21)
    at jestAdapter (C:\Users\Slavik\Projects\react-fundamentals-app\node_modules\jest-circus\build\legacy-code-todo-rewrite\jestAdapter.js:82:19)
    at runTestInternal (C:\Users\Slavik\Projects\react-fundamentals-app\node_modules\jest-runner\build\runTest.js:389:16)
    at runTest (C:\Users\Slavik\Projects\react-fundamentals-app\node_modules\jest-runner\build\runTest.js:475:34)
    at Object.worker (C:\Users\Slavik\Projects\react-fundamentals-app\node_modules\jest-runner\build\testWorker.js:133:12)</failure>
    </testcase>
    <testcase classname="App-should switch to registration page from login page on registration link click" name="App-should switch to registration page from login page on registration link click" time="0.012">
      <failure>TestingLibraryElementError: Unable to find an element with the text: /If you don&apos;t have an account you/i. This could be because the text is broken up by multiple elements. In this case, you can provide a function for your text matcher to make your matcher more flexible.

Ignored nodes: comments, script, style
&lt;body&gt;
  &lt;div&gt;
    &lt;div
      class=&quot;wrapper&quot;
    &gt;
      &lt;div
        class=&quot;container&quot;
      /&gt;
    &lt;/div&gt;
  &lt;/div&gt;
&lt;/body&gt;
    at Object.getElementError (C:\Users\Slavik\Projects\react-fundamentals-app\node_modules\@testing-library\dom\dist\config.js:37:19)
    at C:\Users\Slavik\Projects\react-fundamentals-app\node_modules\@testing-library\dom\dist\query-helpers.js:76:38
    at C:\Users\Slavik\Projects\react-fundamentals-app\node_modules\@testing-library\dom\dist\query-helpers.js:52:17
    at getByText (C:\Users\Slavik\Projects\react-fundamentals-app\node_modules\@testing-library\dom\dist\query-helpers.js:95:19)
    at Object.&lt;anonymous&gt; (C:\Users\Slavik\Projects\react-fundamentals-app\src\__tests__\module-4\App.test.js:121:14)
    at Promise.then.completed (C:\Users\Slavik\Projects\react-fundamentals-app\node_modules\jest-circus\build\utils.js:391:28)
    at new Promise (&lt;anonymous&gt;)
    at callAsyncCircusFn (C:\Users\Slavik\Projects\react-fundamentals-app\node_modules\jest-circus\build\utils.js:316:10)
    at _callCircusTest (C:\Users\Slavik\Projects\react-fundamentals-app\node_modules\jest-circus\build\run.js:218:40)
    at processTicksAndRejections (node:internal/process/task_queues:105:5)
    at _runTest (C:\Users\Slavik\Projects\react-fundamentals-app\node_modules\jest-circus\build\run.js:155:3)
    at _runTestsForDescribeBlock (C:\Users\Slavik\Projects\react-fundamentals-app\node_modules\jest-circus\build\run.js:66:9)
    at _runTestsForDescribeBlock (C:\Users\Slavik\Projects\react-fundamentals-app\node_modules\jest-circus\build\run.js:60:9)
    at run (C:\Users\Slavik\Projects\react-fundamentals-app\node_modules\jest-circus\build\run.js:25:3)
    at runAndTransformResultsToJestFormat (C:\Users\Slavik\Projects\react-fundamentals-app\node_modules\jest-circus\build\legacy-code-todo-rewrite\jestAdapterInit.js:170:21)
    at jestAdapter (C:\Users\Slavik\Projects\react-fundamentals-app\node_modules\jest-circus\build\legacy-code-todo-rewrite\jestAdapter.js:82:19)
    at runTestInternal (C:\Users\Slavik\Projects\react-fundamentals-app\node_modules\jest-runner\build\runTest.js:389:16)
    at runTest (C:\Users\Slavik\Projects\react-fundamentals-app\node_modules\jest-runner\build\runTest.js:475:34)
    at Object.worker (C:\Users\Slavik\Projects\react-fundamentals-app\node_modules\jest-runner\build\testWorker.js:133:12)</failure>
    </testcase>
    <testcase classname="App-should render Registration component if route &quot;/registration&quot;" name="App-should render Registration component if route &quot;/registration&quot;" time="0.024">
      <failure>Error: expect(received).toBeInTheDocument()

received value must be an HTMLElement or an SVGElement.
Received has value: null
    at __EXTERNAL_MATCHER_TRAP__ (C:\Users\Slavik\Projects\react-fundamentals-app\node_modules\expect\build\index.js:386:30)
    at Object.toBeInTheDocument (C:\Users\Slavik\Projects\react-fundamentals-app\node_modules\expect\build\index.js:387:15)
    at Object.&lt;anonymous&gt; (C:\Users\Slavik\Projects\react-fundamentals-app\src\__tests__\module-4\App.test.js:139:41)
    at Promise.then.completed (C:\Users\Slavik\Projects\react-fundamentals-app\node_modules\jest-circus\build\utils.js:391:28)
    at new Promise (&lt;anonymous&gt;)
    at callAsyncCircusFn (C:\Users\Slavik\Projects\react-fundamentals-app\node_modules\jest-circus\build\utils.js:316:10)
    at _callCircusTest (C:\Users\Slavik\Projects\react-fundamentals-app\node_modules\jest-circus\build\run.js:218:40)
    at processTicksAndRejections (node:internal/process/task_queues:105:5)
    at _runTest (C:\Users\Slavik\Projects\react-fundamentals-app\node_modules\jest-circus\build\run.js:155:3)
    at _runTestsForDescribeBlock (C:\Users\Slavik\Projects\react-fundamentals-app\node_modules\jest-circus\build\run.js:66:9)
    at _runTestsForDescribeBlock (C:\Users\Slavik\Projects\react-fundamentals-app\node_modules\jest-circus\build\run.js:60:9)
    at run (C:\Users\Slavik\Projects\react-fundamentals-app\node_modules\jest-circus\build\run.js:25:3)
    at runAndTransformResultsToJestFormat (C:\Users\Slavik\Projects\react-fundamentals-app\node_modules\jest-circus\build\legacy-code-todo-rewrite\jestAdapterInit.js:170:21)
    at jestAdapter (C:\Users\Slavik\Projects\react-fundamentals-app\node_modules\jest-circus\build\legacy-code-todo-rewrite\jestAdapter.js:82:19)
    at runTestInternal (C:\Users\Slavik\Projects\react-fundamentals-app\node_modules\jest-runner\build\runTest.js:389:16)
    at runTest (C:\Users\Slavik\Projects\react-fundamentals-app\node_modules\jest-runner\build\runTest.js:475:34)
    at Object.worker (C:\Users\Slavik\Projects\react-fundamentals-app\node_modules\jest-runner\build\testWorker.js:133:12)</failure>
    </testcase>
    <testcase classname="App-should switch to login page from registration page on login link click" name="App-should switch to login page from registration page on login link click" time="0.029">
      <failure>Error: expect(received).toBeInTheDocument()

received value must be an HTMLElement or an SVGElement.
Received has value: null
    at __EXTERNAL_MATCHER_TRAP__ (C:\Users\Slavik\Projects\react-fundamentals-app\node_modules\expect\build\index.js:386:30)
    at Object.toBeInTheDocument (C:\Users\Slavik\Projects\react-fundamentals-app\node_modules\expect\build\index.js:387:15)
    at Object.&lt;anonymous&gt; (C:\Users\Slavik\Projects\react-fundamentals-app\src\__tests__\module-4\App.test.js:154:41)
    at Promise.then.completed (C:\Users\Slavik\Projects\react-fundamentals-app\node_modules\jest-circus\build\utils.js:391:28)
    at new Promise (&lt;anonymous&gt;)
    at callAsyncCircusFn (C:\Users\Slavik\Projects\react-fundamentals-app\node_modules\jest-circus\build\utils.js:316:10)
    at _callCircusTest (C:\Users\Slavik\Projects\react-fundamentals-app\node_modules\jest-circus\build\run.js:218:40)
    at processTicksAndRejections (node:internal/process/task_queues:105:5)
    at _runTest (C:\Users\Slavik\Projects\react-fundamentals-app\node_modules\jest-circus\build\run.js:155:3)
    at _runTestsForDescribeBlock (C:\Users\Slavik\Projects\react-fundamentals-app\node_modules\jest-circus\build\run.js:66:9)
    at _runTestsForDescribeBlock (C:\Users\Slavik\Projects\react-fundamentals-app\node_modules\jest-circus\build\run.js:60:9)
    at run (C:\Users\Slavik\Projects\react-fundamentals-app\node_modules\jest-circus\build\run.js:25:3)
    at runAndTransformResultsToJestFormat (C:\Users\Slavik\Projects\react-fundamentals-app\node_modules\jest-circus\build\legacy-code-todo-rewrite\jestAdapterInit.js:170:21)
    at jestAdapter (C:\Users\Slavik\Projects\react-fundamentals-app\node_modules\jest-circus\build\legacy-code-todo-rewrite\jestAdapter.js:82:19)
    at runTestInternal (C:\Users\Slavik\Projects\react-fundamentals-app\node_modules\jest-runner\build\runTest.js:389:16)
    at runTest (C:\Users\Slavik\Projects\react-fundamentals-app\node_modules\jest-runner\build\runTest.js:475:34)
    at Object.worker (C:\Users\Slavik\Projects\react-fundamentals-app\node_modules\jest-runner\build\testWorker.js:133:12)</failure>
    </testcase>
    <testcase classname="App-should render Courses component when token is present in localStorage and if url &quot;/&quot;" name="App-should render Courses component when token is present in localStorage and if url &quot;/&quot;" time="0.019">
      <failure>TestingLibraryElementError: Unable to find an element by: [data-testid=&quot;courseCard&quot;]

Ignored nodes: comments, script, style
&lt;body&gt;
  &lt;div&gt;
    &lt;div
      class=&quot;wrapper&quot;
    &gt;
      &lt;div
        class=&quot;container&quot;
      /&gt;
    &lt;/div&gt;
  &lt;/div&gt;
&lt;/body&gt;
    at Object.getElementError (C:\Users\Slavik\Projects\react-fundamentals-app\node_modules\@testing-library\dom\dist\config.js:37:19)
    at C:\Users\Slavik\Projects\react-fundamentals-app\node_modules\@testing-library\dom\dist\query-helpers.js:76:38
    at getAllByTestId (C:\Users\Slavik\Projects\react-fundamentals-app\node_modules\@testing-library\dom\dist\query-helpers.js:109:15)
    at Object.&lt;anonymous&gt; (C:\Users\Slavik\Projects\react-fundamentals-app\src\__tests__\module-4\App.test.js:184:35)
    at Promise.then.completed (C:\Users\Slavik\Projects\react-fundamentals-app\node_modules\jest-circus\build\utils.js:391:28)
    at new Promise (&lt;anonymous&gt;)
    at callAsyncCircusFn (C:\Users\Slavik\Projects\react-fundamentals-app\node_modules\jest-circus\build\utils.js:316:10)
    at _callCircusTest (C:\Users\Slavik\Projects\react-fundamentals-app\node_modules\jest-circus\build\run.js:218:40)
    at processTicksAndRejections (node:internal/process/task_queues:105:5)
    at _runTest (C:\Users\Slavik\Projects\react-fundamentals-app\node_modules\jest-circus\build\run.js:155:3)
    at _runTestsForDescribeBlock (C:\Users\Slavik\Projects\react-fundamentals-app\node_modules\jest-circus\build\run.js:66:9)
    at _runTestsForDescribeBlock (C:\Users\Slavik\Projects\react-fundamentals-app\node_modules\jest-circus\build\run.js:60:9)
    at run (C:\Users\Slavik\Projects\react-fundamentals-app\node_modules\jest-circus\build\run.js:25:3)
    at runAndTransformResultsToJestFormat (C:\Users\Slavik\Projects\react-fundamentals-app\node_modules\jest-circus\build\legacy-code-todo-rewrite\jestAdapterInit.js:170:21)
    at jestAdapter (C:\Users\Slavik\Projects\react-fundamentals-app\node_modules\jest-circus\build\legacy-code-todo-rewrite\jestAdapter.js:82:19)
    at runTestInternal (C:\Users\Slavik\Projects\react-fundamentals-app\node_modules\jest-runner\build\runTest.js:389:16)
    at runTest (C:\Users\Slavik\Projects\react-fundamentals-app\node_modules\jest-runner\build\runTest.js:475:34)
    at Object.worker (C:\Users\Slavik\Projects\react-fundamentals-app\node_modules\jest-runner\build\testWorker.js:133:12)</failure>
    </testcase>
    <testcase classname="App-should render CourseForm component if role admin and url &quot;/courses/add&quot;" name="App-should render CourseForm component if role admin and url &quot;/courses/add&quot;" time="0.015">
      <failure>Error: expect(received).toBeInTheDocument()

received value must be an HTMLElement or an SVGElement.
Received has value: null
    at __EXTERNAL_MATCHER_TRAP__ (C:\Users\Slavik\Projects\react-fundamentals-app\node_modules\expect\build\index.js:386:30)
    at Object.toBeInTheDocument (C:\Users\Slavik\Projects\react-fundamentals-app\node_modules\expect\build\index.js:387:15)
    at Object.&lt;anonymous&gt; (C:\Users\Slavik\Projects\react-fundamentals-app\src\__tests__\module-4\App.test.js:198:56)
    at Promise.then.completed (C:\Users\Slavik\Projects\react-fundamentals-app\node_modules\jest-circus\build\utils.js:391:28)
    at new Promise (&lt;anonymous&gt;)
    at callAsyncCircusFn (C:\Users\Slavik\Projects\react-fundamentals-app\node_modules\jest-circus\build\utils.js:316:10)
    at _callCircusTest (C:\Users\Slavik\Projects\react-fundamentals-app\node_modules\jest-circus\build\run.js:218:40)
    at processTicksAndRejections (node:internal/process/task_queues:105:5)
    at _runTest (C:\Users\Slavik\Projects\react-fundamentals-app\node_modules\jest-circus\build\run.js:155:3)
    at _runTestsForDescribeBlock (C:\Users\Slavik\Projects\react-fundamentals-app\node_modules\jest-circus\build\run.js:66:9)
    at _runTestsForDescribeBlock (C:\Users\Slavik\Projects\react-fundamentals-app\node_modules\jest-circus\build\run.js:60:9)
    at run (C:\Users\Slavik\Projects\react-fundamentals-app\node_modules\jest-circus\build\run.js:25:3)
    at runAndTransformResultsToJestFormat (C:\Users\Slavik\Projects\react-fundamentals-app\node_modules\jest-circus\build\legacy-code-todo-rewrite\jestAdapterInit.js:170:21)
    at jestAdapter (C:\Users\Slavik\Projects\react-fundamentals-app\node_modules\jest-circus\build\legacy-code-todo-rewrite\jestAdapter.js:82:19)
    at runTestInternal (C:\Users\Slavik\Projects\react-fundamentals-app\node_modules\jest-runner\build\runTest.js:389:16)
    at runTest (C:\Users\Slavik\Projects\react-fundamentals-app\node_modules\jest-runner\build\runTest.js:475:34)
    at Object.worker (C:\Users\Slavik\Projects\react-fundamentals-app\node_modules\jest-runner\build\testWorker.js:133:12)</failure>
    </testcase>
[...]
    at render (C:\Users\Slavik\Projects\react-fundamentals-app\node_modules\@testing-library\react\dist\pure.js:247:10)
    at Object.&lt;anonymous&gt; (C:\Users\Slavik\Projects\react-fundamentals-app\src\__tests__\module-4\CreateAuthor.test.js:22:11)
    at Promise.then.completed (C:\Users\Slavik\Projects\react-fundamentals-app\node_modules\jest-circus\build\utils.js:391:28)
    at new Promise (&lt;anonymous&gt;)
    at callAsyncCircusFn (C:\Users\Slavik\Projects\react-fundamentals-app\node_modules\jest-circus\build\utils.js:316:10)
    at _callCircusTest (C:\Users\Slavik\Projects\react-fundamentals-app\node_modules\jest-circus\build\run.js:218:40)
    at processTicksAndRejections (node:internal/process/task_queues:105:5)
    at _runTest (C:\Users\Slavik\Projects\react-fundamentals-app\node_modules\jest-circus\build\run.js:155:3)
    at _runTestsForDescribeBlock (C:\Users\Slavik\Projects\react-fundamentals-app\node_modules\jest-circus\build\run.js:66:9)
    at _runTestsForDescribeBlock (C:\Users\Slavik\Projects\react-fundamentals-app\node_modules\jest-circus\build\run.js:60:9)
    at run (C:\Users\Slavik\Projects\react-fundamentals-app\node_modules\jest-circus\build\run.js:25:3)
    at runAndTransformResultsToJestFormat (C:\Users\Slavik\Projects\react-fundamentals-app\node_modules\jest-circus\build\legacy-code-todo-rewrite\jestAdapterInit.js:170:21)
    at jestAdapter (C:\Users\Slavik\Projects\react-fundamentals-app\node_modules\jest-circus\build\legacy-code-todo-rewrite\jestAdapter.js:82:19)
    at runTestInternal (C:\Users\Slavik\Projects\react-fundamentals-app\node_modules\jest-runner\build\runTest.js:389:16)
    at runTest (C:\Users\Slavik\Projects\react-fundamentals-app\node_modules\jest-runner\build\runTest.js:475:34)
    at Object.worker (C:\Users\Slavik\Projects\react-fundamentals-app\node_modules\jest-runner\build\testWorker.js:133:12)</failure>
    </testcase>
  </testsuite>
  <testsuite name="src\__tests__\module-2\Header.test.js" errors="0" failures="2" skipped="0" timestamp="2025-05-02T14:54:33" time="0.867" tests="3">
    <testcase classname="Header component-should render logo (&lt;img /&gt; tag)" name="Header component-should render logo (&lt;img /&gt; tag)" time="0.138">
      <failure>TestingLibraryElementError: Unable to find an accessible element with the role &quot;img&quot;

There are no accessible roles. But there might be some inaccessible roles. If you wish to access them, then set the `hidden` option to `true`. Learn more about this here: https://testing-library.com/docs/dom-testing-library/api-queries#byrole

Ignored nodes: comments, script, style
&lt;body&gt;
  &lt;div&gt;
    &lt;div
      class=&quot;headerContainer&quot;
    &gt;
      // use Logo component
      &lt;div
        class=&quot;userContainer&quot;
      &gt;
        &lt;p
          class=&quot;userName&quot;
        &gt;
          Harry Potter
        &lt;/p&gt;
        // reuse Button component for &apos;Login / Logout&apos; button
      &lt;/div&gt;
    &lt;/div&gt;
  &lt;/div&gt;
&lt;/body&gt;
    at Object.getElementError (C:\Users\Slavik\Projects\react-fundamentals-app\node_modules\@testing-library\dom\dist\config.js:37:19)
    at C:\Users\Slavik\Projects\react-fundamentals-app\node_modules\@testing-library\dom\dist\query-helpers.js:76:38
    at C:\Users\Slavik\Projects\react-fundamentals-app\node_modules\@testing-library\dom\dist\query-helpers.js:52:17
    at getByRole (C:\Users\Slavik\Projects\react-fundamentals-app\node_modules\@testing-library\dom\dist\query-helpers.js:95:19)
    at Object.&lt;anonymous&gt; (C:\Users\Slavik\Projects\react-fundamentals-app\src\__tests__\module-2\Header.test.js:14:33)
    at Promise.then.completed (C:\Users\Slavik\Projects\react-fundamentals-app\node_modules\jest-circus\build\utils.js:391:28)
    at new Promise (&lt;anonymous&gt;)
    at callAsyncCircusFn (C:\Users\Slavik\Projects\react-fundamentals-app\node_modules\jest-circus\build\utils.js:316:10)
    at _callCircusTest (C:\Users\Slavik\Projects\react-fundamentals-app\node_modules\jest-circus\build\run.js:218:40)
    at processTicksAndRejections (node:internal/process/task_queues:105:5)
    at _runTest (C:\Users\Slavik\Projects\react-fundamentals-app\node_modules\jest-circus\build\run.js:155:3)
    at _runTestsForDescribeBlock (C:\Users\Slavik\Projects\react-fundamentals-app\node_modules\jest-circus\build\run.js:66:9)
    at _runTestsForDescribeBlock (C:\Users\Slavik\Projects\react-fundamentals-app\node_modules\jest-circus\build\run.js:60:9)
    at run (C:\Users\Slavik\Projects\react-fundamentals-app\node_modules\jest-circus\build\run.js:25:3)
    at runAndTransformResultsToJestFormat (C:\Users\Slavik\Projects\react-fundamentals-app\node_modules\jest-circus\build\legacy-code-todo-rewrite\jestAdapterInit.js:170:21)
    at jestAdapter (C:\Users\Slavik\Projects\react-fundamentals-app\node_modules\jest-circus\build\legacy-code-todo-rewrite\jestAdapter.js:82:19)
    at runTestInternal (C:\Users\Slavik\Projects\react-fundamentals-app\node_modules\jest-runner\build\runTest.js:389:16)
    at runTest (C:\Users\Slavik\Projects\react-fundamentals-app\node_modules\jest-runner\build\runTest.js:475:34)
    at Object.worker (C:\Users\Slavik\Projects\react-fundamentals-app\node_modules\jest-runner\build\testWorker.js:133:12)</failure>
    </testcase>
    <testcase classname="Header component-should not render logout button without &quot;token&quot; in localStorage" name="Header component-should not render logout button without &quot;token&quot; in localStorage" time="0.007">
    </testcase>
    <testcase classname="Header component-should immediately remove &quot;token&quot; from localStorage on &quot;LOGOUT&quot; button click" name="Header component-should immediately remove &quot;token&quot; from localStorage on &quot;LOGOUT&quot; button click" time="0.08">
      <failure>TestingLibraryElementError: Unable to find an accessible element with the role &quot;button&quot;

There are no accessible roles. But there might be some inaccessible roles. If you wish to access them, then set the `hidden` option to `true`. Learn more about this here: https://testing-library.com/docs/dom-testing-library/api-queries#byrole

Ignored nodes: comments, script, style
&lt;body&gt;
  &lt;div&gt;
    &lt;div
      class=&quot;headerContainer&quot;
    &gt;
      // use Logo component
      &lt;div
        class=&quot;userContainer&quot;
      &gt;
        &lt;p
          class=&quot;userName&quot;
        &gt;
          Harry Potter
        &lt;/p&gt;
        // reuse Button component for &apos;Login / Logout&apos; button
      &lt;/div&gt;
    &lt;/div&gt;
  &lt;/div&gt;
&lt;/body&gt;
    at Object.getElementError (C:\Users\Slavik\Projects\react-fundamentals-app\node_modules\@testing-library\dom\dist\config.js:37:19)
    at C:\Users\Slavik\Projects\react-fundamentals-app\node_modules\@testing-library\dom\dist\query-helpers.js:76:38
    at C:\Users\Slavik\Projects\react-fundamentals-app\node_modules\@testing-library\dom\dist\query-helpers.js:52:17
    at getByRole (C:\Users\Slavik\Projects\react-fundamentals-app\node_modules\@testing-library\dom\dist\query-helpers.js:95:19)
    at Object.&lt;anonymous&gt; (C:\Users\Slavik\Projects\react-fundamentals-app\src\__tests__\module-2\Header.test.js:39:40)
    at Promise.then.completed (C:\Users\Slavik\Projects\react-fundamentals-app\node_modules\jest-circus\build\utils.js:391:28)
    at new Promise (&lt;anonymous&gt;)
    at callAsyncCircusFn (C:\Users\Slavik\Projects\react-fundamentals-app\node_modules\jest-circus\build\utils.js:316:10)
    at _callCircusTest (C:\Users\Slavik\Projects\react-fundamentals-app\node_modules\jest-circus\build\run.js:218:40)
    at processTicksAndRejections (node:internal/process/task_queues:105:5)
    at _runTest (C:\Users\Slavik\Projects\react-fundamentals-app\node_modules\jest-circus\build\run.js:155:3)
    at _runTestsForDescribeBlock (C:\Users\Slavik\Projects\react-fundamentals-app\node_modules\jest-circus\build\run.js:66:9)
    at _runTestsForDescribeBlock (C:\Users\Slavik\Projects\react-fundamentals-app\node_modules\jest-circus\build\run.js:60:9)
    at run (C:\Users\Slavik\Projects\react-fundamentals-app\node_modules\jest-circus\build\run.js:25:3)
    at runAndTransformResultsToJestFormat (C:\Users\Slavik\Projects\react-fundamentals-app\node_modules\jest-circus\build\legacy-code-todo-rewrite\jestAdapterInit.js:170:21)
    at jestAdapter (C:\Users\Slavik\Projects\react-fundamentals-app\node_modules\jest-circus\build\legacy-code-todo-rewrite\jestAdapter.js:82:19)
    at runTestInternal (C:\Users\Slavik\Projects\react-fundamentals-app\node_modules\jest-runner\build\runTest.js:389:16)
    at runTest (C:\Users\Slavik\Projects\react-fundamentals-app\node_modules\jest-runner\build\runTest.js:475:34)
    at Object.worker (C:\Users\Slavik\Projects\react-fundamentals-app\node_modules\jest-runner\build\testWorker.js:133:12)</failure>
    </testcase>
  </testsuite>
  <testsuite name="src\__tests__\module-4\Button.test.js" errors="0" failures="0" skipped="0" timestamp="2025-05-02T14:54:34" time="0.523" tests="2">
    <testcase classname="Button component-should render with provided &quot;buttonText&quot; prop value" name="Button component-should render with provided &quot;buttonText&quot; prop value" time="0.012">
    </testcase>
    <testcase classname="Button component-should call provided handleClick callback prop" name="Button component-should call provided handleClick callback prop" time="0.006">
    </testcase>
  </testsuite>
  <testsuite name="src\__tests__\module-2\Button.test.js" errors="0" failures="0" skipped="0" timestamp="2025-05-02T14:54:34" time="0.727" tests="2">
    <testcase classname="Button component-should render button with provided buttonText prop value" name="Button component-should render button with provided buttonText prop value" time="0.013">
    </testcase>
    <testcase classname="Button component-should call provided handleClick callback prop" name="Button component-should call provided handleClick callback prop" time="0.029">
    </testcase>
  </testsuite>
  <testsuite name="src\__tests__\module-1\Button.test.js" errors="0" failures="0" skipped="0" timestamp="2025-05-02T14:54:34" time="0.471" tests="2">
    <testcase classname="Button component-should render with provided `buttonText` prop value" name="Button component-should render with provided `buttonText` prop value" time="0.014">
    </testcase>
    <testcase classname="Button component-should call provided handleClick callback prop" name="Button component-should call provided handleClick callback prop" time="0.011">
    </testcase>
  </testsuite>
  <testsuite name="src\__tests__\module-3\Button.test.js" errors="0" failures="0" skipped="0" timestamp="2025-05-02T14:54:34" time="0.51" tests="2">
    <testcase classname="Button component-should render with provided buttonText prop value" name="Button component-should render with provided buttonText prop value" time="0.009">
    </testcase>
    <testcase classname="Button component-should call provided handleClick callback prop" name="Button component-should call provided handleClick callback prop" time="0.041">
    </testcase>
  </testsuite>
  <testsuite name="src\__tests__\module-4\helpers.test.js" errors="0" failures="0" skipped="0" timestamp="2025-05-02T14:54:35" time="0.346" tests="2">
    <testcase classname="-formatCreationDate function returns formatted date" name="-formatCreationDate function returns formatted date" time="0.001">
    </testcase>
    <testcase classname="-getCourseDuration function returns formatted duration" name="-getCourseDuration function returns formatted duration" time="0.001">
    </testcase>
  </testsuite>
  <testsuite name="src\__tests__\module-1\Header.test.js" errors="0" failures="2" skipped="0" timestamp="2025-05-02T14:54:34" time="0.634" tests="2">
    <testcase classname="Header component-should render logo (&lt;img /&gt; tag)" name="Header component-should render logo (&lt;img /&gt; tag)" time="0.127">
      <failure>TestingLibraryElementError: Unable to find an accessible element with the role &quot;img&quot;

There are no accessible roles. But there might be some inaccessible roles. If you wish to access them, then set the `hidden` option to `true`. Learn more about this here: https://testing-library.com/docs/dom-testing-library/api-queries#byrole

Ignored nodes: comments, script, style
&lt;body&gt;
  &lt;div&gt;
    &lt;div
      class=&quot;headerContainer&quot;
    &gt;
      // use Logo component
      &lt;div
        class=&quot;userContainer&quot;
      &gt;
        &lt;p
          class=&quot;userName&quot;
        &gt;
          Harry Potter
        &lt;/p&gt;
        // reuse Button component for &apos;Login / Logout&apos; button
      &lt;/div&gt;
    &lt;/div&gt;
  &lt;/div&gt;
&lt;/body&gt;
    at Object.getElementError (C:\Users\Slavik\Projects\react-fundamentals-app\node_modules\@testing-library\dom\dist\config.js:37:19)
    at C:\Users\Slavik\Projects\react-fundamentals-app\node_modules\@testing-library\dom\dist\query-helpers.js:76:38
    at C:\Users\Slavik\Projects\react-fundamentals-app\node_modules\@testing-library\dom\dist\query-helpers.js:52:17
    at getByRole (C:\Users\Slavik\Projects\react-fundamentals-app\node_modules\@testing-library\dom\dist\query-helpers.js:95:19)
    at Object.&lt;anonymous&gt; (C:\Users\Slavik\Projects\react-fundamentals-app\src\__tests__\module-1\Header.test.js:9:33)
    at Promise.then.completed (C:\Users\Slavik\Projects\react-fundamentals-app\node_modules\jest-circus\build\utils.js:391:28)
    at new Promise (&lt;anonymous&gt;)
    at callAsyncCircusFn (C:\Users\Slavik\Projects\react-fundamentals-app\node_modules\jest-circus\build\utils.js:316:10)
    at _callCircusTest (C:\Users\Slavik\Projects\react-fundamentals-app\node_modules\jest-circus\build\run.js:218:40)
    at processTicksAndRejections (node:internal/process/task_queues:105:5)
    at _runTest (C:\Users\Slavik\Projects\react-fundamentals-app\node_modules\jest-circus\build\run.js:155:3)
    at _runTestsForDescribeBlock (C:\Users\Slavik\Projects\react-fundamentals-app\node_modules\jest-circus\build\run.js:66:9)
    at _runTestsForDescribeBlock (C:\Users\Slavik\Projects\react-fundamentals-app\node_modules\jest-circus\build\run.js:60:9)
    at run (C:\Users\Slavik\Projects\react-fundamentals-app\node_modules\jest-circus\build\run.js:25:3)
    at runAndTransformResultsToJestFormat (C:\Users\Slavik\Projects\react-fundamentals-app\node_modules\jest-circus\build\legacy-code-todo-rewrite\jestAdapterInit.js:170:21)
    at jestAdapter (C:\Users\Slavik\Projects\react-fundamentals-app\node_modules\jest-circus\build\legacy-code-todo-rewrite\jestAdapter.js:82:19)
    at runTestInternal (C:\Users\Slavik\Projects\react-fundamentals-app\node_modules\jest-runner\build\runTest.js:389:16)
    at runTest (C:\Users\Slavik\Projects\react-fundamentals-app\node_modules\jest-runner\build\runTest.js:475:34)
    at Object.worker (C:\Users\Slavik\Projects\react-fundamentals-app\node_modules\jest-runner\build\testWorker.js:133:12)</failure>
    </testcase>
    <testcase classname="Header component-should render logout button" name="Header component-should render logout button" time="0.056">
      <failure>TestingLibraryElementError: Unable to find an accessible element with the role &quot;button&quot;

There are no accessible roles. But there might be some inaccessible roles. If you wish to access them, then set the `hidden` option to `true`. Learn more about this here: https://testing-library.com/docs/dom-testing-library/api-queries#byrole

Ignored nodes: comments, script, style
&lt;body&gt;
  &lt;div&gt;
    &lt;div
      class=&quot;headerContainer&quot;
    &gt;
      // use Logo component
      &lt;div
        class=&quot;userContainer&quot;
      &gt;
        &lt;p
          class=&quot;userName&quot;
        &gt;
          Harry Potter
        &lt;/p&gt;
        // reuse Button component for &apos;Login / Logout&apos; button
      &lt;/div&gt;
    &lt;/div&gt;
  &lt;/div&gt;
&lt;/body&gt;
    at Object.getElementError (C:\Users\Slavik\Projects\react-fundamentals-app\node_modules\@testing-library\dom\dist\config.js:37:19)
    at C:\Users\Slavik\Projects\react-fundamentals-app\node_modules\@testing-library\dom\dist\query-helpers.js:76:38
    at C:\Users\Slavik\Projects\react-fundamentals-app\node_modules\@testing-library\dom\dist\query-helpers.js:52:17
    at getByRole (C:\Users\Slavik\Projects\react-fundamentals-app\node_modules\@testing-library\dom\dist\query-helpers.js:95:19)
    at Object.&lt;anonymous&gt; (C:\Users\Slavik\Projects\react-fundamentals-app\src\__tests__\module-1\Header.test.js:17:40)
    at Promise.then.completed (C:\Users\Slavik\Projects\react-fundamentals-app\node_modules\jest-circus\build\utils.js:391:28)
    at new Promise (&lt;anonymous&gt;)
    at callAsyncCircusFn (C:\Users\Slavik\Projects\react-fundamentals-app\node_modules\jest-circus\build\utils.js:316:10)
    at _callCircusTest (C:\Users\Slavik\Projects\react-fundamentals-app\node_modules\jest-circus\build\run.js:218:40)
    at processTicksAndRejections (node:internal/process/task_queues:105:5)
    at _runTest (C:\Users\Slavik\Projects\react-fundamentals-app\node_modules\jest-circus\build\run.js:155:3)
    at _runTestsForDescribeBlock (C:\Users\Slavik\Projects\react-fundamentals-app\node_modules\jest-circus\build\run.js:66:9)
    at _runTestsForDescribeBlock (C:\Users\Slavik\Projects\react-fundamentals-app\node_modules\jest-circus\build\run.js:60:9)
    at run (C:\Users\Slavik\Projects\react-fundamentals-app\node_modules\jest-circus\build\run.js:25:3)
    at runAndTransformResultsToJestFormat (C:\Users\Slavik\Projects\react-fundamentals-app\node_modules\jest-circus\build\legacy-code-todo-rewrite\jestAdapterInit.js:170:21)
    at jestAdapter (C:\Users\Slavik\Projects\react-fundamentals-app\node_modules\jest-circus\build\legacy-code-todo-rewrite\jestAdapter.js:82:19)
    at runTestInternal (C:\Users\Slavik\Projects\react-fundamentals-app\node_modules\jest-runner\build\runTest.js:389:16)
    at runTest (C:\Users\Slavik\Projects\react-fundamentals-app\node_modules\jest-runner\build\runTest.js:475:34)
    at Object.worker (C:\Users\Slavik\Projects\react-fundamentals-app\node_modules\jest-runner\build\testWorker.js:133:12)</failure>
    </testcase>
  </testsuite>
  <testsuite name="src\__tests__\module-3\helpers.test.js" errors="0" failures="0" skipped="0" timestamp="2025-05-02T14:54:35" time="0.351" tests="2">
    <testcase classname="-formatCreationDate function returns formatted date" name="-formatCreationDate function returns formatted date" time="0.001">
    </testcase>
    <testcase classname="-getCourseDuration function returns formatted duration" name="-getCourseDuration function returns formatted duration" time="0.007">
    </testcase>
  </testsuite>
  <testsuite name="src\__tests__\module-2\helpers.test.js" errors="0" failures="0" skipped="0" timestamp="2025-05-02T14:54:35" time="0.375" tests="2">
    <testcase classname="-formatCreationDate function returns formatted date" name="-formatCreationDate function returns formatted date" time="0.001">
    </testcase>
    <testcase classname="-getCourseDuration function returns formatted duration" name="-getCourseDuration function returns formatted duration" time="0.002">
    </testcase>
  </testsuite>
  <testsuite name="src\__tests__\module-1\helpers.test.js" errors="0" failures="0" skipped="0" timestamp="2025-05-02T14:54:35" time="0.38" tests="2">
    <testcase classname="-formatCreationDate function returns formatted date" name="-formatCreationDate function returns formatted date" time="0.002">
    </testcase>
    <testcase classname="-getCourseDuration function returns formatted duration" name="-getCourseDuration function returns formatted duration" time="0.001">
    </testcase>
  </testsuite>
</testsuites>