<?xml version="1.0" encoding="UTF-8"?>
<testsuites name="jest tests" tests="195" failures="100" errors="0" time="17.398">
  <testsuite name="src\__tests__\module-1\CourseInfo.test.js" errors="0" failures="7" skipped="0" timestamp="2025-05-23T19:52:51" time="4.845" tests="7">
    <testcase classname="CourseInfo-should renders correct title (find correct course from coursesList based on showCourseId prop) " name="CourseInfo-should renders correct title (find correct course from coursesList based on showCourseId prop) " time="0.165">
      <failure>TestingLibraryElementError: Unable to find an accessible element with the role &quot;heading&quot;

There are no accessible roles. But there might be some inaccessible roles. If you wish to access them, then set the `hidden` option to `true`. Learn more about this here: https://testing-library.com/docs/dom-testing-library/api-queries#byrole

Ignored nodes: comments, script, style
&lt;body&gt;
  &lt;div&gt;
    &lt;p
      data-testid=&quot;courseInfo&quot;
    &gt;
      Course not found
    &lt;/p&gt;
  &lt;/div&gt;
&lt;/body&gt;
    at Object.getElementError (C:\Users\Slavik\Desktop\react-fundamentals-app-React_HW2\node_modules\@testing-library\dom\dist\config.js:37:19)
    at C:\Users\Slavik\Desktop\react-fundamentals-app-React_HW2\node_modules\@testing-library\dom\dist\query-helpers.js:76:38
    at C:\Users\Slavik\Desktop\react-fundamentals-app-React_HW2\node_modules\@testing-library\dom\dist\query-helpers.js:52:17
    at getByRole (C:\Users\Slavik\Desktop\react-fundamentals-app-React_HW2\node_modules\@testing-library\dom\dist\query-helpers.js:95:19)
    at Object.&lt;anonymous&gt; (C:\Users\Slavik\Desktop\react-fundamentals-app-React_HW2\src\__tests__\module-1\CourseInfo.test.js:43:32)
    at Promise.then.completed (C:\Users\Slavik\Desktop\react-fundamentals-app-React_HW2\node_modules\jest-circus\build\utils.js:391:28)
    at new Promise (&lt;anonymous&gt;)
    at callAsyncCircusFn (C:\Users\Slavik\Desktop\react-fundamentals-app-React_HW2\node_modules\jest-circus\build\utils.js:316:10)
    at _callCircusTest (C:\Users\Slavik\Desktop\react-fundamentals-app-React_HW2\node_modules\jest-circus\build\run.js:218:40)
    at processTicksAndRejections (node:internal/process/task_queues:105:5)
    at _runTest (C:\Users\Slavik\Desktop\react-fundamentals-app-React_HW2\node_modules\jest-circus\build\run.js:155:3)
    at _runTestsForDescribeBlock (C:\Users\Slavik\Desktop\react-fundamentals-app-React_HW2\node_modules\jest-circus\build\run.js:66:9)
    at _runTestsForDescribeBlock (C:\Users\Slavik\Desktop\react-fundamentals-app-React_HW2\node_modules\jest-circus\build\run.js:60:9)
    at run (C:\Users\Slavik\Desktop\react-fundamentals-app-React_HW2\node_modules\jest-circus\build\run.js:25:3)
    at runAndTransformResultsToJestFormat (C:\Users\Slavik\Desktop\react-fundamentals-app-React_HW2\node_modules\jest-circus\build\legacy-code-todo-rewrite\jestAdapterInit.js:170:21)
    at jestAdapter (C:\Users\Slavik\Desktop\react-fundamentals-app-React_HW2\node_modules\jest-circus\build\legacy-code-todo-rewrite\jestAdapter.js:82:19)
    at runTestInternal (C:\Users\Slavik\Desktop\react-fundamentals-app-React_HW2\node_modules\jest-runner\build\runTest.js:389:16)
    at runTest (C:\Users\Slavik\Desktop\react-fundamentals-app-React_HW2\node_modules\jest-runner\build\runTest.js:475:34)
    at Object.worker (C:\Users\Slavik\Desktop\react-fundamentals-app-React_HW2\node_modules\jest-runner\build\testWorker.js:133:12)</failure>
    </testcase>
    <testcase classname="CourseInfo-should renders correct description" name="CourseInfo-should renders correct description" time="0.01">
      <failure>TestingLibraryElementError: Unable to find an element with the text: Course 1 description. This could be because the text is broken up by multiple elements. In this case, you can provide a function for your text matcher to make your matcher more flexible.

Ignored nodes: comments, script, style
&lt;body&gt;
  &lt;div&gt;
    &lt;p
      data-testid=&quot;courseInfo&quot;
    &gt;
      Course not found
    &lt;/p&gt;
  &lt;/div&gt;
&lt;/body&gt;
    at Object.getElementError (C:\Users\Slavik\Desktop\react-fundamentals-app-React_HW2\node_modules\@testing-library\dom\dist\config.js:37:19)
    at C:\Users\Slavik\Desktop\react-fundamentals-app-React_HW2\node_modules\@testing-library\dom\dist\query-helpers.js:76:38
    at C:\Users\Slavik\Desktop\react-fundamentals-app-React_HW2\node_modules\@testing-library\dom\dist\query-helpers.js:52:17
    at getByText (C:\Users\Slavik\Desktop\react-fundamentals-app-React_HW2\node_modules\@testing-library\dom\dist\query-helpers.js:95:19)
    at Object.&lt;anonymous&gt; (C:\Users\Slavik\Desktop\react-fundamentals-app-React_HW2\src\__tests__\module-1\CourseInfo.test.js:57:38)
    at Promise.then.completed (C:\Users\Slavik\Desktop\react-fundamentals-app-React_HW2\node_modules\jest-circus\build\utils.js:391:28)
    at new Promise (&lt;anonymous&gt;)
    at callAsyncCircusFn (C:\Users\Slavik\Desktop\react-fundamentals-app-React_HW2\node_modules\jest-circus\build\utils.js:316:10)
    at _callCircusTest (C:\Users\Slavik\Desktop\react-fundamentals-app-React_HW2\node_modules\jest-circus\build\run.js:218:40)
    at processTicksAndRejections (node:internal/process/task_queues:105:5)
    at _runTest (C:\Users\Slavik\Desktop\react-fundamentals-app-React_HW2\node_modules\jest-circus\build\run.js:155:3)
    at _runTestsForDescribeBlock (C:\Users\Slavik\Desktop\react-fundamentals-app-React_HW2\node_modules\jest-circus\build\run.js:66:9)
    at _runTestsForDescribeBlock (C:\Users\Slavik\Desktop\react-fundamentals-app-React_HW2\node_modules\jest-circus\build\run.js:60:9)
    at run (C:\Users\Slavik\Desktop\react-fundamentals-app-React_HW2\node_modules\jest-circus\build\run.js:25:3)
    at runAndTransformResultsToJestFormat (C:\Users\Slavik\Desktop\react-fundamentals-app-React_HW2\node_modules\jest-circus\build\legacy-code-todo-rewrite\jestAdapterInit.js:170:21)
    at jestAdapter (C:\Users\Slavik\Desktop\react-fundamentals-app-React_HW2\node_modules\jest-circus\build\legacy-code-todo-rewrite\jestAdapter.js:82:19)
    at runTestInternal (C:\Users\Slavik\Desktop\react-fundamentals-app-React_HW2\node_modules\jest-runner\build\runTest.js:389:16)
    at runTest (C:\Users\Slavik\Desktop\react-fundamentals-app-React_HW2\node_modules\jest-runner\build\runTest.js:475:34)
    at Object.worker (C:\Users\Slavik\Desktop\react-fundamentals-app-React_HW2\node_modules\jest-runner\build\testWorker.js:133:12)</failure>
    </testcase>
    <testcase classname="CourseInfo-should renders correct course duration (use getCourseDuration)" name="CourseInfo-should renders correct course duration (use getCourseDuration)" time="0.009">
      <failure>Error: expect(received).toBeInTheDocument()

received value must be an HTMLElement or an SVGElement.
Received has value: null
    at __EXTERNAL_MATCHER_TRAP__ (C:\Users\Slavik\Desktop\react-fundamentals-app-React_HW2\node_modules\expect\build\index.js:386:30)
    at Object.toBeInTheDocument (C:\Users\Slavik\Desktop\react-fundamentals-app-React_HW2\node_modules\expect\build\index.js:387:15)
    at Object.&lt;anonymous&gt; (C:\Users\Slavik\Desktop\react-fundamentals-app-React_HW2\src\__tests__\module-1\CourseInfo.test.js:73:28)
    at Promise.then.completed (C:\Users\Slavik\Desktop\react-fundamentals-app-React_HW2\node_modules\jest-circus\build\utils.js:391:28)
    at new Promise (&lt;anonymous&gt;)
    at callAsyncCircusFn (C:\Users\Slavik\Desktop\react-fundamentals-app-React_HW2\node_modules\jest-circus\build\utils.js:316:10)
    at _callCircusTest (C:\Users\Slavik\Desktop\react-fundamentals-app-React_HW2\node_modules\jest-circus\build\run.js:218:40)
    at processTicksAndRejections (node:internal/process/task_queues:105:5)
    at _runTest (C:\Users\Slavik\Desktop\react-fundamentals-app-React_HW2\node_modules\jest-circus\build\run.js:155:3)
    at _runTestsForDescribeBlock (C:\Users\Slavik\Desktop\react-fundamentals-app-React_HW2\node_modules\jest-circus\build\run.js:66:9)
    at _runTestsForDescribeBlock (C:\Users\Slavik\Desktop\react-fundamentals-app-React_HW2\node_modules\jest-circus\build\run.js:60:9)
    at run (C:\Users\Slavik\Desktop\react-fundamentals-app-React_HW2\node_modules\jest-circus\build\run.js:25:3)
    at runAndTransformResultsToJestFormat (C:\Users\Slavik\Desktop\react-fundamentals-app-React_HW2\node_modules\jest-circus\build\legacy-code-todo-rewrite\jestAdapterInit.js:170:21)
    at jestAdapter (C:\Users\Slavik\Desktop\react-fundamentals-app-React_HW2\node_modules\jest-circus\build\legacy-code-todo-rewrite\jestAdapter.js:82:19)
    at runTestInternal (C:\Users\Slavik\Desktop\react-fundamentals-app-React_HW2\node_modules\jest-runner\build\runTest.js:389:16)
    at runTest (C:\Users\Slavik\Desktop\react-fundamentals-app-React_HW2\node_modules\jest-runner\build\runTest.js:475:34)
    at Object.worker (C:\Users\Slavik\Desktop\react-fundamentals-app-React_HW2\node_modules\jest-runner\build\testWorker.js:133:12)</failure>
    </testcase>
    <testcase classname="CourseInfo-should renders correct course creation date (use formatCreationDate)" name="CourseInfo-should renders correct course creation date (use formatCreationDate)" time="0.006">
      <failure>TestingLibraryElementError: Unable to find an element with the text: 2022-01-01. This could be because the text is broken up by multiple elements. In this case, you can provide a function for your text matcher to make your matcher more flexible.

Ignored nodes: comments, script, style
&lt;body&gt;
  &lt;div&gt;
    &lt;p
      data-testid=&quot;courseInfo&quot;
    &gt;
      Course not found
    &lt;/p&gt;
  &lt;/div&gt;
&lt;/body&gt;
    at Object.getElementError (C:\Users\Slavik\Desktop\react-fundamentals-app-React_HW2\node_modules\@testing-library\dom\dist\config.js:37:19)
    at C:\Users\Slavik\Desktop\react-fundamentals-app-React_HW2\node_modules\@testing-library\dom\dist\query-helpers.js:76:38
    at C:\Users\Slavik\Desktop\react-fundamentals-app-React_HW2\node_modules\@testing-library\dom\dist\query-helpers.js:52:17
    at getByText (C:\Users\Slavik\Desktop\react-fundamentals-app-React_HW2\node_modules\@testing-library\dom\dist\query-helpers.js:95:19)
    at Object.&lt;anonymous&gt; (C:\Users\Slavik\Desktop\react-fundamentals-app-React_HW2\src\__tests__\module-1\CourseInfo.test.js:85:39)
    at Promise.then.completed (C:\Users\Slavik\Desktop\react-fundamentals-app-React_HW2\node_modules\jest-circus\build\utils.js:391:28)
    at new Promise (&lt;anonymous&gt;)
    at callAsyncCircusFn (C:\Users\Slavik\Desktop\react-fundamentals-app-React_HW2\node_modules\jest-circus\build\utils.js:316:10)
    at _callCircusTest (C:\Users\Slavik\Desktop\react-fundamentals-app-React_HW2\node_modules\jest-circus\build\run.js:218:40)
    at processTicksAndRejections (node:internal/process/task_queues:105:5)
    at _runTest (C:\Users\Slavik\Desktop\react-fundamentals-app-React_HW2\node_modules\jest-circus\build\run.js:155:3)
    at _runTestsForDescribeBlock (C:\Users\Slavik\Desktop\react-fundamentals-app-React_HW2\node_modules\jest-circus\build\run.js:66:9)
    at _runTestsForDescribeBlock (C:\Users\Slavik\Desktop\react-fundamentals-app-React_HW2\node_modules\jest-circus\build\run.js:60:9)
    at run (C:\Users\Slavik\Desktop\react-fundamentals-app-React_HW2\node_modules\jest-circus\build\run.js:25:3)
    at runAndTransformResultsToJestFormat (C:\Users\Slavik\Desktop\react-fundamentals-app-React_HW2\node_modules\jest-circus\build\legacy-code-todo-rewrite\jestAdapterInit.js:170:21)
    at jestAdapter (C:\Users\Slavik\Desktop\react-fundamentals-app-React_HW2\node_modules\jest-circus\build\legacy-code-todo-rewrite\jestAdapter.js:82:19)
    at runTestInternal (C:\Users\Slavik\Desktop\react-fundamentals-app-React_HW2\node_modules\jest-runner\build\runTest.js:389:16)
    at runTest (C:\Users\Slavik\Desktop\react-fundamentals-app-React_HW2\node_modules\jest-runner\build\runTest.js:475:34)
    at Object.worker (C:\Users\Slavik\Desktop\react-fundamentals-app-React_HW2\node_modules\jest-runner\build\testWorker.js:133:12)</failure>
    </testcase>
    <testcase classname="CourseInfo-should renders correct course authors names (find a course in the coursesList and match data from course authors and authorsList prop)" name="CourseInfo-should renders correct course authors names (find a course in the coursesList and match data from course authors and authorsList prop)" time="0.024">
      <failure>TestingLibraryElementError: Unable to find an accessible element with the role &quot;listitem&quot;

There are no accessible roles. But there might be some inaccessible roles. If you wish to access them, then set the `hidden` option to `true`. Learn more about this here: https://testing-library.com/docs/dom-testing-library/api-queries#byrole

Ignored nodes: comments, script, style
&lt;body&gt;
  &lt;div&gt;
    &lt;p
      data-testid=&quot;courseInfo&quot;
    &gt;
      Course not found
    &lt;/p&gt;
  &lt;/div&gt;
&lt;/body&gt;
    at Object.getElementError (C:\Users\Slavik\Desktop\react-fundamentals-app-React_HW2\node_modules\@testing-library\dom\dist\config.js:37:19)
    at C:\Users\Slavik\Desktop\react-fundamentals-app-React_HW2\node_modules\@testing-library\dom\dist\query-helpers.js:76:38
    at getAllByRole (C:\Users\Slavik\Desktop\react-fundamentals-app-React_HW2\node_modules\@testing-library\dom\dist\query-helpers.js:109:15)
    at Object.&lt;anonymous&gt; (C:\Users\Slavik\Desktop\react-fundamentals-app-React_HW2\src\__tests__\module-1\CourseInfo.test.js:101:8)
    at Promise.then.completed (C:\Users\Slavik\Desktop\react-fundamentals-app-React_HW2\node_modules\jest-circus\build\utils.js:391:28)
    at new Promise (&lt;anonymous&gt;)
    at callAsyncCircusFn (C:\Users\Slavik\Desktop\react-fundamentals-app-React_HW2\node_modules\jest-circus\build\utils.js:316:10)
    at _callCircusTest (C:\Users\Slavik\Desktop\react-fundamentals-app-React_HW2\node_modules\jest-circus\build\run.js:218:40)
    at processTicksAndRejections (node:internal/process/task_queues:105:5)
    at _runTest (C:\Users\Slavik\Desktop\react-fundamentals-app-React_HW2\node_modules\jest-circus\build\run.js:155:3)
    at _runTestsForDescribeBlock (C:\Users\Slavik\Desktop\react-fundamentals-app-React_HW2\node_modules\jest-circus\build\run.js:66:9)
    at _runTestsForDescribeBlock (C:\Users\Slavik\Desktop\react-fundamentals-app-React_HW2\node_modules\jest-circus\build\run.js:60:9)
    at run (C:\Users\Slavik\Desktop\react-fundamentals-app-React_HW2\node_modules\jest-circus\build\run.js:25:3)
    at runAndTransformResultsToJestFormat (C:\Users\Slavik\Desktop\react-fundamentals-app-React_HW2\node_modules\jest-circus\build\legacy-code-todo-rewrite\jestAdapterInit.js:170:21)
    at jestAdapter (C:\Users\Slavik\Desktop\react-fundamentals-app-React_HW2\node_modules\jest-circus\build\legacy-code-todo-rewrite\jestAdapter.js:82:19)
    at runTestInternal (C:\Users\Slavik\Desktop\react-fundamentals-app-React_HW2\node_modules\jest-runner\build\runTest.js:389:16)
    at runTest (C:\Users\Slavik\Desktop\react-fundamentals-app-React_HW2\node_modules\jest-runner\build\runTest.js:475:34)
    at Object.worker (C:\Users\Slavik\Desktop\react-fundamentals-app-React_HW2\node_modules\jest-runner\build\testWorker.js:133:12)</failure>
    </testcase>
    <testcase classname="CourseInfo-should render `BACK` button correctly" name="CourseInfo-should render `BACK` button correctly" time="0.023">
      <failure>TestingLibraryElementError: Unable to find an accessible element with the role &quot;button&quot;

There are no accessible roles. But there might be some inaccessible roles. If you wish to access them, then set the `hidden` option to `true`. Learn more about this here: https://testing-library.com/docs/dom-testing-library/api-queries#byrole

Ignored nodes: comments, script, style
&lt;body&gt;
  &lt;div&gt;
    &lt;p
      data-testid=&quot;courseInfo&quot;
    &gt;
      Course not found
    &lt;/p&gt;
  &lt;/div&gt;
&lt;/body&gt;
    at Object.getElementError (C:\Users\Slavik\Desktop\react-fundamentals-app-React_HW2\node_modules\@testing-library\dom\dist\config.js:37:19)
    at C:\Users\Slavik\Desktop\react-fundamentals-app-React_HW2\node_modules\@testing-library\dom\dist\query-helpers.js:76:38
    at C:\Users\Slavik\Desktop\react-fundamentals-app-React_HW2\node_modules\@testing-library\dom\dist\query-helpers.js:52:17
    at getByRole (C:\Users\Slavik\Desktop\react-fundamentals-app-React_HW2\node_modules\@testing-library\dom\dist\query-helpers.js:95:19)
    at Object.&lt;anonymous&gt; (C:\Users\Slavik\Desktop\react-fundamentals-app-React_HW2\src\__tests__\module-1\CourseInfo.test.js:116:31)
    at Promise.then.completed (C:\Users\Slavik\Desktop\react-fundamentals-app-React_HW2\node_modules\jest-circus\build\utils.js:391:28)
    at new Promise (&lt;anonymous&gt;)
    at callAsyncCircusFn (C:\Users\Slavik\Desktop\react-fundamentals-app-React_HW2\node_modules\jest-circus\build\utils.js:316:10)
    at _callCircusTest (C:\Users\Slavik\Desktop\react-fundamentals-app-React_HW2\node_modules\jest-circus\build\run.js:218:40)
    at processTicksAndRejections (node:internal/process/task_queues:105:5)
    at _runTest (C:\Users\Slavik\Desktop\react-fundamentals-app-React_HW2\node_modules\jest-circus\build\run.js:155:3)
    at _runTestsForDescribeBlock (C:\Users\Slavik\Desktop\react-fundamentals-app-React_HW2\node_modules\jest-circus\build\run.js:66:9)
    at _runTestsForDescribeBlock (C:\Users\Slavik\Desktop\react-fundamentals-app-React_HW2\node_modules\jest-circus\build\run.js:60:9)
    at run (C:\Users\Slavik\Desktop\react-fundamentals-app-React_HW2\node_modules\jest-circus\build\run.js:25:3)
    at runAndTransformResultsToJestFormat (C:\Users\Slavik\Desktop\react-fundamentals-app-React_HW2\node_modules\jest-circus\build\legacy-code-todo-rewrite\jestAdapterInit.js:170:21)
    at jestAdapter (C:\Users\Slavik\Desktop\react-fundamentals-app-React_HW2\node_modules\jest-circus\build\legacy-code-todo-rewrite\jestAdapter.js:82:19)
    at runTestInternal (C:\Users\Slavik\Desktop\react-fundamentals-app-React_HW2\node_modules\jest-runner\build\runTest.js:389:16)
    at runTest (C:\Users\Slavik\Desktop\react-fundamentals-app-React_HW2\node_modules\jest-runner\build\runTest.js:475:34)
    at Object.worker (C:\Users\Slavik\Desktop\react-fundamentals-app-React_HW2\node_modules\jest-runner\build\testWorker.js:133:12)</failure>
    </testcase>
    <testcase classname="CourseInfo-should call onBack handler on Back button click" name="CourseInfo-should call onBack handler on Back button click" time="0.007">
      <failure>Error: Unable to fire a &quot;click&quot; event - please provide a DOM element.
    at createEvent (C:\Users\Slavik\Desktop\react-fundamentals-app-React_HW2\node_modules\@testing-library\dom\dist\events.js:27:11)
    at Function.createEvent.&lt;computed&gt; [as click] (C:\Users\Slavik\Desktop\react-fundamentals-app-React_HW2\node_modules\@testing-library\dom\dist\events.js:106:38)
    at Function.fireEvent.&lt;computed&gt; [as click] (C:\Users\Slavik\Desktop\react-fundamentals-app-React_HW2\node_modules\@testing-library\dom\dist\events.js:110:68)
    at Function.click (C:\Users\Slavik\Desktop\react-fundamentals-app-React_HW2\node_modules\@testing-library\react\dist\fire-event.js:15:52)
    at Object.&lt;anonymous&gt; (C:\Users\Slavik\Desktop\react-fundamentals-app-React_HW2\src\__tests__\module-1\CourseInfo.test.js:133:15)
    at Promise.then.completed (C:\Users\Slavik\Desktop\react-fundamentals-app-React_HW2\node_modules\jest-circus\build\utils.js:391:28)
    at new Promise (&lt;anonymous&gt;)
    at callAsyncCircusFn (C:\Users\Slavik\Desktop\react-fundamentals-app-React_HW2\node_modules\jest-circus\build\utils.js:316:10)
    at _callCircusTest (C:\Users\Slavik\Desktop\react-fundamentals-app-React_HW2\node_modules\jest-circus\build\run.js:218:40)
    at processTicksAndRejections (node:internal/process/task_queues:105:5)
    at _runTest (C:\Users\Slavik\Desktop\react-fundamentals-app-React_HW2\node_modules\jest-circus\build\run.js:155:3)
    at _runTestsForDescribeBlock (C:\Users\Slavik\Desktop\react-fundamentals-app-React_HW2\node_modules\jest-circus\build\run.js:66:9)
    at _runTestsForDescribeBlock (C:\Users\Slavik\Desktop\react-fundamentals-app-React_HW2\node_modules\jest-circus\build\run.js:60:9)
    at run (C:\Users\Slavik\Desktop\react-fundamentals-app-React_HW2\node_modules\jest-circus\build\run.js:25:3)
    at runAndTransformResultsToJestFormat (C:\Users\Slavik\Desktop\react-fundamentals-app-React_HW2\node_modules\jest-circus\build\legacy-code-todo-rewrite\jestAdapterInit.js:170:21)
    at jestAdapter (C:\Users\Slavik\Desktop\react-fundamentals-app-React_HW2\node_modules\jest-circus\build\legacy-code-todo-rewrite\jestAdapter.js:82:19)
    at runTestInternal (C:\Users\Slavik\Desktop\react-fundamentals-app-React_HW2\node_modules\jest-runner\build\runTest.js:389:16)
    at runTest (C:\Users\Slavik\Desktop\react-fundamentals-app-React_HW2\node_modules\jest-runner\build\runTest.js:475:34)
    at Object.worker (C:\Users\Slavik\Desktop\react-fundamentals-app-React_HW2\node_modules\jest-runner\build\testWorker.js:133:12)</failure>
    </testcase>
  </testsuite>
  <testsuite name="src\__tests__\module-1\Courses.test.js" errors="0" failures="3" skipped="0" timestamp="2025-05-23T19:52:51" time="4.884" tests="3">
    <testcase classname="Courses component-should render list of courses from coursesList prop" name="Courses component-should render list of courses from coursesList prop" time="0.236">
      <failure>Error: useNavigate() may be used only in the context of a &lt;Router&gt; component.
    at Object.invariant [as UNSAFE_invariant] (C:\Users\Slavik\Desktop\react-fundamentals-app-React_HW2\node_modules\@remix-run\router\history.ts:491:11)
    at useNavigateUnstable (C:\Users\Slavik\Desktop\react-fundamentals-app-React_HW2\node_modules\react-router\lib\hooks.tsx:186:3)
    at useNavigate (C:\Users\Slavik\Desktop\react-fundamentals-app-React_HW2\node_modules\react-router\lib\hooks.tsx:182:46)
    at Courses (C:\Users\Slavik\Desktop\react-fundamentals-app-React_HW2\src\components\Courses\Courses.jsx:38:31)
    at renderWithHooks (C:\Users\Slavik\Desktop\react-fundamentals-app-React_HW2\node_modules\react-dom\cjs\react-dom.development.js:16305:18)
    at mountIndeterminateComponent (C:\Users\Slavik\Desktop\react-fundamentals-app-React_HW2\node_modules\react-dom\cjs\react-dom.development.js:20074:13)
    at beginWork (C:\Users\Slavik\Desktop\react-fundamentals-app-React_HW2\node_modules\react-dom\cjs\react-dom.development.js:21587:16)
    at beginWork$1 (C:\Users\Slavik\Desktop\react-fundamentals-app-React_HW2\node_modules\react-dom\cjs\react-dom.development.js:27426:14)
    at performUnitOfWork (C:\Users\Slavik\Desktop\react-fundamentals-app-React_HW2\node_modules\react-dom\cjs\react-dom.development.js:26560:12)
    at workLoopSync (C:\Users\Slavik\Desktop\react-fundamentals-app-React_HW2\node_modules\react-dom\cjs\react-dom.development.js:26466:5)
    at renderRootSync (C:\Users\Slavik\Desktop\react-fundamentals-app-React_HW2\node_modules\react-dom\cjs\react-dom.development.js:26434:7)
    at recoverFromConcurrentError (C:\Users\Slavik\Desktop\react-fundamentals-app-React_HW2\node_modules\react-dom\cjs\react-dom.development.js:25850:20)
    at performConcurrentWorkOnRoot (C:\Users\Slavik\Desktop\react-fundamentals-app-React_HW2\node_modules\react-dom\cjs\react-dom.development.js:25750:22)
    at flushActQueue (C:\Users\Slavik\Desktop\react-fundamentals-app-React_HW2\node_modules\react\cjs\react.development.js:2667:24)
    at act (C:\Users\Slavik\Desktop\react-fundamentals-app-React_HW2\node_modules\react\cjs\react.development.js:2582:11)
    at C:\Users\Slavik\Desktop\react-fundamentals-app-React_HW2\node_modules\@testing-library\react\dist\act-compat.js:46:25
    at renderRoot (C:\Users\Slavik\Desktop\react-fundamentals-app-React_HW2\node_modules\@testing-library\react\dist\pure.js:161:26)
    at render (C:\Users\Slavik\Desktop\react-fundamentals-app-React_HW2\node_modules\@testing-library\react\dist\pure.js:247:10)
    at Object.&lt;anonymous&gt; (C:\Users\Slavik\Desktop\react-fundamentals-app-React_HW2\src\__tests__\module-1\Courses.test.js:35:11)
    at Promise.then.completed (C:\Users\Slavik\Desktop\react-fundamentals-app-React_HW2\node_modules\jest-circus\build\utils.js:391:28)
    at new Promise (&lt;anonymous&gt;)
    at callAsyncCircusFn (C:\Users\Slavik\Desktop\react-fundamentals-app-React_HW2\node_modules\jest-circus\build\utils.js:316:10)
    at _callCircusTest (C:\Users\Slavik\Desktop\react-fundamentals-app-React_HW2\node_modules\jest-circus\build\run.js:218:40)
    at processTicksAndRejections (node:internal/process/task_queues:105:5)
    at _runTest (C:\Users\Slavik\Desktop\react-fundamentals-app-React_HW2\node_modules\jest-circus\build\run.js:155:3)
    at _runTestsForDescribeBlock (C:\Users\Slavik\Desktop\react-fundamentals-app-React_HW2\node_modules\jest-circus\build\run.js:66:9)
    at _runTestsForDescribeBlock (C:\Users\Slavik\Desktop\react-fundamentals-app-React_HW2\node_modules\jest-circus\build\run.js:60:9)
    at run (C:\Users\Slavik\Desktop\react-fundamentals-app-React_HW2\node_modules\jest-circus\build\run.js:25:3)
    at runAndTransformResultsToJestFormat (C:\Users\Slavik\Desktop\react-fundamentals-app-React_HW2\node_modules\jest-circus\build\legacy-code-todo-rewrite\jestAdapterInit.js:170:21)
    at jestAdapter (C:\Users\Slavik\Desktop\react-fundamentals-app-React_HW2\node_modules\jest-circus\build\legacy-code-todo-rewrite\jestAdapter.js:82:19)
    at runTestInternal (C:\Users\Slavik\Desktop\react-fundamentals-app-React_HW2\node_modules\jest-runner\build\runTest.js:389:16)
    at runTest (C:\Users\Slavik\Desktop\react-fundamentals-app-React_HW2\node_modules\jest-runner\build\runTest.js:475:34)
    at Object.worker (C:\Users\Slavik\Desktop\react-fundamentals-app-React_HW2\node_modules\jest-runner\build\testWorker.js:133:12)</failure>
    </testcase>
    <testcase classname="Courses component-should render &apos;ADD NEW COURSE&apos; button" name="Courses component-should render &apos;ADD NEW COURSE&apos; button" time="0.028">
      <failure>Error: useNavigate() may be used only in the context of a &lt;Router&gt; component.
    at Object.invariant [as UNSAFE_invariant] (C:\Users\Slavik\Desktop\react-fundamentals-app-React_HW2\node_modules\@remix-run\router\history.ts:491:11)
    at useNavigateUnstable (C:\Users\Slavik\Desktop\react-fundamentals-app-React_HW2\node_modules\react-router\lib\hooks.tsx:186:3)
    at useNavigate (C:\Users\Slavik\Desktop\react-fundamentals-app-React_HW2\node_modules\react-router\lib\hooks.tsx:182:46)
    at Courses (C:\Users\Slavik\Desktop\react-fundamentals-app-React_HW2\src\components\Courses\Courses.jsx:38:31)
    at renderWithHooks (C:\Users\Slavik\Desktop\react-fundamentals-app-React_HW2\node_modules\react-dom\cjs\react-dom.development.js:16305:18)
    at mountIndeterminateComponent (C:\Users\Slavik\Desktop\react-fundamentals-app-React_HW2\node_modules\react-dom\cjs\react-dom.development.js:20074:13)
    at beginWork (C:\Users\Slavik\Desktop\react-fundamentals-app-React_HW2\node_modules\react-dom\cjs\react-dom.development.js:21587:16)
    at beginWork$1 (C:\Users\Slavik\Desktop\react-fundamentals-app-React_HW2\node_modules\react-dom\cjs\react-dom.development.js:27426:14)
    at performUnitOfWork (C:\Users\Slavik\Desktop\react-fundamentals-app-React_HW2\node_modules\react-dom\cjs\react-dom.development.js:26560:12)
    at workLoopSync (C:\Users\Slavik\Desktop\react-fundamentals-app-React_HW2\node_modules\react-dom\cjs\react-dom.development.js:26466:5)
    at renderRootSync (C:\Users\Slavik\Desktop\react-fundamentals-app-React_HW2\node_modules\react-dom\cjs\react-dom.development.js:26434:7)
    at recoverFromConcurrentError (C:\Users\Slavik\Desktop\react-fundamentals-app-React_HW2\node_modules\react-dom\cjs\react-dom.development.js:25850:20)
    at performConcurrentWorkOnRoot (C:\Users\Slavik\Desktop\react-fundamentals-app-React_HW2\node_modules\react-dom\cjs\react-dom.development.js:25750:22)
    at flushActQueue (C:\Users\Slavik\Desktop\react-fundamentals-app-React_HW2\node_modules\react\cjs\react.development.js:2667:24)
    at act (C:\Users\Slavik\Desktop\react-fundamentals-app-React_HW2\node_modules\react\cjs\react.development.js:2582:11)
    at C:\Users\Slavik\Desktop\react-fundamentals-app-React_HW2\node_modules\@testing-library\react\dist\act-compat.js:46:25
    at renderRoot (C:\Users\Slavik\Desktop\react-fundamentals-app-React_HW2\node_modules\@testing-library\react\dist\pure.js:161:26)
    at render (C:\Users\Slavik\Desktop\react-fundamentals-app-React_HW2\node_modules\@testing-library\react\dist\pure.js:247:10)
    at Object.&lt;anonymous&gt; (C:\Users\Slavik\Desktop\react-fundamentals-app-React_HW2\src\__tests__\module-1\Courses.test.js:51:11)
    at Promise.then.completed (C:\Users\Slavik\Desktop\react-fundamentals-app-React_HW2\node_modules\jest-circus\build\utils.js:391:28)
    at new Promise (&lt;anonymous&gt;)
    at callAsyncCircusFn (C:\Users\Slavik\Desktop\react-fundamentals-app-React_HW2\node_modules\jest-circus\build\utils.js:316:10)
    at _callCircusTest (C:\Users\Slavik\Desktop\react-fundamentals-app-React_HW2\node_modules\jest-circus\build\run.js:218:40)
    at processTicksAndRejections (node:internal/process/task_queues:105:5)
    at _runTest (C:\Users\Slavik\Desktop\react-fundamentals-app-React_HW2\node_modules\jest-circus\build\run.js:155:3)
    at _runTestsForDescribeBlock (C:\Users\Slavik\Desktop\react-fundamentals-app-React_HW2\node_modules\jest-circus\build\run.js:66:9)
    at _runTestsForDescribeBlock (C:\Users\Slavik\Desktop\react-fundamentals-app-React_HW2\node_modules\jest-circus\build\run.js:60:9)
    at run (C:\Users\Slavik\Desktop\react-fundamentals-app-React_HW2\node_modules\jest-circus\build\run.js:25:3)
    at runAndTransformResultsToJestFormat (C:\Users\Slavik\Desktop\react-fundamentals-app-React_HW2\node_modules\jest-circus\build\legacy-code-todo-rewrite\jestAdapterInit.js:170:21)
    at jestAdapter (C:\Users\Slavik\Desktop\react-fundamentals-app-React_HW2\node_modules\jest-circus\build\legacy-code-todo-rewrite\jestAdapter.js:82:19)
    at runTestInternal (C:\Users\Slavik\Desktop\react-fundamentals-app-React_HW2\node_modules\jest-runner\build\runTest.js:389:16)
    at runTest (C:\Users\Slavik\Desktop\react-fundamentals-app-React_HW2\node_modules\jest-runner\build\runTest.js:475:34)
    at Object.worker (C:\Users\Slavik\Desktop\react-fundamentals-app-React_HW2\node_modules\jest-runner\build\testWorker.js:133:12)</failure>
    </testcase>
    <testcase classname="Courses component-should render EmptycoursesList component if no courses (with &apos;Your List Is Empty&apos; text and button with data-testid=&apos;addCourse&apos;)" name="Courses component-should render EmptycoursesList component if no courses (with &apos;Your List Is Empty&apos; text and button with data-testid=&apos;addCourse&apos;)" time="0.014">
      <failure>Error: useNavigate() may be used only in the context of a &lt;Router&gt; component.
    at Object.invariant [as UNSAFE_invariant] (C:\Users\Slavik\Desktop\react-fundamentals-app-React_HW2\node_modules\@remix-run\router\history.ts:491:11)
    at useNavigateUnstable (C:\Users\Slavik\Desktop\react-fundamentals-app-React_HW2\node_modules\react-router\lib\hooks.tsx:186:3)
    at useNavigate (C:\Users\Slavik\Desktop\react-fundamentals-app-React_HW2\node_modules\react-router\lib\hooks.tsx:182:46)
    at Courses (C:\Users\Slavik\Desktop\react-fundamentals-app-React_HW2\src\components\Courses\Courses.jsx:38:31)
    at renderWithHooks (C:\Users\Slavik\Desktop\react-fundamentals-app-React_HW2\node_modules\react-dom\cjs\react-dom.development.js:16305:18)
    at mountIndeterminateComponent (C:\Users\Slavik\Desktop\react-fundamentals-app-React_HW2\node_modules\react-dom\cjs\react-dom.development.js:20074:13)
    at beginWork (C:\Users\Slavik\Desktop\react-fundamentals-app-React_HW2\node_modules\react-dom\cjs\react-dom.development.js:21587:16)
    at beginWork$1 (C:\Users\Slavik\Desktop\react-fundamentals-app-React_HW2\node_modules\react-dom\cjs\react-dom.development.js:27426:14)
    at performUnitOfWork (C:\Users\Slavik\Desktop\react-fundamentals-app-React_HW2\node_modules\react-dom\cjs\react-dom.development.js:26560:12)
    at workLoopSync (C:\Users\Slavik\Desktop\react-fundamentals-app-React_HW2\node_modules\react-dom\cjs\react-dom.development.js:26466:5)
    at renderRootSync (C:\Users\Slavik\Desktop\react-fundamentals-app-React_HW2\node_modules\react-dom\cjs\react-dom.development.js:26434:7)
    at recoverFromConcurrentError (C:\Users\Slavik\Desktop\react-fundamentals-app-React_HW2\node_modules\react-dom\cjs\react-dom.development.js:25850:20)
    at performConcurrentWorkOnRoot (C:\Users\Slavik\Desktop\react-fundamentals-app-React_HW2\node_modules\react-dom\cjs\react-dom.development.js:25750:22)
    at flushActQueue (C:\Users\Slavik\Desktop\react-fundamentals-app-React_HW2\node_modules\react\cjs\react.development.js:2667:24)
    at act (C:\Users\Slavik\Desktop\react-fundamentals-app-React_HW2\node_modules\react\cjs\react.development.js:2582:11)
    at C:\Users\Slavik\Desktop\react-fundamentals-app-React_HW2\node_modules\@testing-library\react\dist\act-compat.js:46:25
    at renderRoot (C:\Users\Slavik\Desktop\react-fundamentals-app-React_HW2\node_modules\@testing-library\react\dist\pure.js:161:26)
    at render (C:\Users\Slavik\Desktop\react-fundamentals-app-React_HW2\node_modules\@testing-library\react\dist\pure.js:247:10)
    at Object.&lt;anonymous&gt; (C:\Users\Slavik\Desktop\react-fundamentals-app-React_HW2\src\__tests__\module-1\Courses.test.js:66:11)
    at Promise.then.completed (C:\Users\Slavik\Desktop\react-fundamentals-app-React_HW2\node_modules\jest-circus\build\utils.js:391:28)
    at new Promise (&lt;anonymous&gt;)
    at callAsyncCircusFn (C:\Users\Slavik\Desktop\react-fundamentals-app-React_HW2\node_modules\jest-circus\build\utils.js:316:10)
    at _callCircusTest (C:\Users\Slavik\Desktop\react-fundamentals-app-React_HW2\node_modules\jest-circus\build\run.js:218:40)
    at processTicksAndRejections (node:internal/process/task_queues:105:5)
    at _runTest (C:\Users\Slavik\Desktop\react-fundamentals-app-React_HW2\node_modules\jest-circus\build\run.js:155:3)
    at _runTestsForDescribeBlock (C:\Users\Slavik\Desktop\react-fundamentals-app-React_HW2\node_modules\jest-circus\build\run.js:66:9)
    at _runTestsForDescribeBlock (C:\Users\Slavik\Desktop\react-fundamentals-app-React_HW2\node_modules\jest-circus\build\run.js:60:9)
    at run (C:\Users\Slavik\Desktop\react-fundamentals-app-React_HW2\node_modules\jest-circus\build\run.js:25:3)
    at runAndTransformResultsToJestFormat (C:\Users\Slavik\Desktop\react-fundamentals-app-React_HW2\node_modules\jest-circus\build\legacy-code-todo-rewrite\jestAdapterInit.js:170:21)
    at jestAdapter (C:\Users\Slavik\Desktop\react-fundamentals-app-React_HW2\node_modules\jest-circus\build\legacy-code-todo-rewrite\jestAdapter.js:82:19)
    at runTestInternal (C:\Users\Slavik\Desktop\react-fundamentals-app-React_HW2\node_modules\jest-runner\build\runTest.js:389:16)
    at runTest (C:\Users\Slavik\Desktop\react-fundamentals-app-React_HW2\node_modules\jest-runner\build\runTest.js:475:34)
    at Object.worker (C:\Users\Slavik\Desktop\react-fundamentals-app-React_HW2\node_modules\jest-runner\build\testWorker.js:133:12)</failure>
    </testcase>
  </testsuite>
  <testsuite name="src\__tests__\module-1\CourseCard.test.js" errors="0" failures="6" skipped="0" timestamp="2025-05-23T19:52:51" time="4.95" tests="6">
    <testcase classname="CourseCard component-should render correct title from course prop" name="CourseCard component-should render correct title from course prop" time="0.2">
      <failure>TypeError: Cannot destructure property &apos;basename&apos; of &apos;React__namespace.useContext(...)&apos; as it is null.
    at LinkWithRef (C:\Users\Slavik\Desktop\react-fundamentals-app-React_HW2\node_modules\react-router-dom\index.tsx:529:11)
    at renderWithHooks (C:\Users\Slavik\Desktop\react-fundamentals-app-React_HW2\node_modules\react-dom\cjs\react-dom.development.js:16305:18)
    at updateForwardRef (C:\Users\Slavik\Desktop\react-fundamentals-app-React_HW2\node_modules\react-dom\cjs\react-dom.development.js:19226:20)
    at beginWork (C:\Users\Slavik\Desktop\react-fundamentals-app-React_HW2\node_modules\react-dom\cjs\react-dom.development.js:21636:16)
    at beginWork$1 (C:\Users\Slavik\Desktop\react-fundamentals-app-React_HW2\node_modules\react-dom\cjs\react-dom.development.js:27426:14)
    at performUnitOfWork (C:\Users\Slavik\Desktop\react-fundamentals-app-React_HW2\node_modules\react-dom\cjs\react-dom.development.js:26560:12)
    at workLoopSync (C:\Users\Slavik\Desktop\react-fundamentals-app-React_HW2\node_modules\react-dom\cjs\react-dom.development.js:26466:5)
    at renderRootSync (C:\Users\Slavik\Desktop\react-fundamentals-app-React_HW2\node_modules\react-dom\cjs\react-dom.development.js:26434:7)
    at recoverFromConcurrentError (C:\Users\Slavik\Desktop\react-fundamentals-app-React_HW2\node_modules\react-dom\cjs\react-dom.development.js:25850:20)
    at performConcurrentWorkOnRoot (C:\Users\Slavik\Desktop\react-fundamentals-app-React_HW2\node_modules\react-dom\cjs\react-dom.development.js:25750:22)
    at flushActQueue (C:\Users\Slavik\Desktop\react-fundamentals-app-React_HW2\node_modules\react\cjs\react.development.js:2667:24)
    at act (C:\Users\Slavik\Desktop\react-fundamentals-app-React_HW2\node_modules\react\cjs\react.development.js:2582:11)
    at C:\Users\Slavik\Desktop\react-fundamentals-app-React_HW2\node_modules\@testing-library\react\dist\act-compat.js:46:25
    at renderRoot (C:\Users\Slavik\Desktop\react-fundamentals-app-React_HW2\node_modules\@testing-library\react\dist\pure.js:161:26)
    at render (C:\Users\Slavik\Desktop\react-fundamentals-app-React_HW2\node_modules\@testing-library\react\dist\pure.js:247:10)
    at Object.&lt;anonymous&gt; (C:\Users\Slavik\Desktop\react-fundamentals-app-React_HW2\src\__tests__\module-1\CourseCard.test.js:24:11)
    at Promise.then.completed (C:\Users\Slavik\Desktop\react-fundamentals-app-React_HW2\node_modules\jest-circus\build\utils.js:391:28)
    at new Promise (&lt;anonymous&gt;)
    at callAsyncCircusFn (C:\Users\Slavik\Desktop\react-fundamentals-app-React_HW2\node_modules\jest-circus\build\utils.js:316:10)
    at _callCircusTest (C:\Users\Slavik\Desktop\react-fundamentals-app-React_HW2\node_modules\jest-circus\build\run.js:218:40)
    at processTicksAndRejections (node:internal/process/task_queues:105:5)
    at _runTest (C:\Users\Slavik\Desktop\react-fundamentals-app-React_HW2\node_modules\jest-circus\build\run.js:155:3)
    at _runTestsForDescribeBlock (C:\Users\Slavik\Desktop\react-fundamentals-app-React_HW2\node_modules\jest-circus\build\run.js:66:9)
    at _runTestsForDescribeBlock (C:\Users\Slavik\Desktop\react-fundamentals-app-React_HW2\node_modules\jest-circus\build\run.js:60:9)
    at run (C:\Users\Slavik\Desktop\react-fundamentals-app-React_HW2\node_modules\jest-circus\build\run.js:25:3)
    at runAndTransformResultsToJestFormat (C:\Users\Slavik\Desktop\react-fundamentals-app-React_HW2\node_modules\jest-circus\build\legacy-code-todo-rewrite\jestAdapterInit.js:170:21)
    at jestAdapter (C:\Users\Slavik\Desktop\react-fundamentals-app-React_HW2\node_modules\jest-circus\build\legacy-code-todo-rewrite\jestAdapter.js:82:19)
    at runTestInternal (C:\Users\Slavik\Desktop\react-fundamentals-app-React_HW2\node_modules\jest-runner\build\runTest.js:389:16)
    at runTest (C:\Users\Slavik\Desktop\react-fundamentals-app-React_HW2\node_modules\jest-runner\build\runTest.js:475:34)
    at Object.worker (C:\Users\Slavik\Desktop\react-fundamentals-app-React_HW2\node_modules\jest-runner\build\testWorker.js:133:12)</failure>
    </testcase>
    <testcase classname="CourseCard component-should render correct description from course prop" name="CourseCard component-should render correct description from course prop" time="0.017">
      <failure>TypeError: Cannot destructure property &apos;basename&apos; of &apos;React__namespace.useContext(...)&apos; as it is null.
    at LinkWithRef (C:\Users\Slavik\Desktop\react-fundamentals-app-React_HW2\node_modules\react-router-dom\index.tsx:529:11)
    at renderWithHooks (C:\Users\Slavik\Desktop\react-fundamentals-app-React_HW2\node_modules\react-dom\cjs\react-dom.development.js:16305:18)
    at updateForwardRef (C:\Users\Slavik\Desktop\react-fundamentals-app-React_HW2\node_modules\react-dom\cjs\react-dom.development.js:19226:20)
    at beginWork (C:\Users\Slavik\Desktop\react-fundamentals-app-React_HW2\node_modules\react-dom\cjs\react-dom.development.js:21636:16)
    at beginWork$1 (C:\Users\Slavik\Desktop\react-fundamentals-app-React_HW2\node_modules\react-dom\cjs\react-dom.development.js:27426:14)
    at performUnitOfWork (C:\Users\Slavik\Desktop\react-fundamentals-app-React_HW2\node_modules\react-dom\cjs\react-dom.development.js:26560:12)
    at workLoopSync (C:\Users\Slavik\Desktop\react-fundamentals-app-React_HW2\node_modules\react-dom\cjs\react-dom.development.js:26466:5)
    at renderRootSync (C:\Users\Slavik\Desktop\react-fundamentals-app-React_HW2\node_modules\react-dom\cjs\react-dom.development.js:26434:7)
    at recoverFromConcurrentError (C:\Users\Slavik\Desktop\react-fundamentals-app-React_HW2\node_modules\react-dom\cjs\react-dom.development.js:25850:20)
    at performConcurrentWorkOnRoot (C:\Users\Slavik\Desktop\react-fundamentals-app-React_HW2\node_modules\react-dom\cjs\react-dom.development.js:25750:22)
    at flushActQueue (C:\Users\Slavik\Desktop\react-fundamentals-app-React_HW2\node_modules\react\cjs\react.development.js:2667:24)
    at act (C:\Users\Slavik\Desktop\react-fundamentals-app-React_HW2\node_modules\react\cjs\react.development.js:2582:11)
    at C:\Users\Slavik\Desktop\react-fundamentals-app-React_HW2\node_modules\@testing-library\react\dist\act-compat.js:46:25
    at renderRoot (C:\Users\Slavik\Desktop\react-fundamentals-app-React_HW2\node_modules\@testing-library\react\dist\pure.js:161:26)
    at render (C:\Users\Slavik\Desktop\react-fundamentals-app-React_HW2\node_modules\@testing-library\react\dist\pure.js:247:10)
    at Object.&lt;anonymous&gt; (C:\Users\Slavik\Desktop\react-fundamentals-app-React_HW2\src\__tests__\module-1\CourseCard.test.js:32:11)
    at Promise.then.completed (C:\Users\Slavik\Desktop\react-fundamentals-app-React_HW2\node_modules\jest-circus\build\utils.js:391:28)
    at new Promise (&lt;anonymous&gt;)
    at callAsyncCircusFn (C:\Users\Slavik\Desktop\react-fundamentals-app-React_HW2\node_modules\jest-circus\build\utils.js:316:10)
    at _callCircusTest (C:\Users\Slavik\Desktop\react-fundamentals-app-React_HW2\node_modules\jest-circus\build\run.js:218:40)
    at processTicksAndRejections (node:internal/process/task_queues:105:5)
    at _runTest (C:\Users\Slavik\Desktop\react-fundamentals-app-React_HW2\node_modules\jest-circus\build\run.js:155:3)
    at _runTestsForDescribeBlock (C:\Users\Slavik\Desktop\react-fundamentals-app-React_HW2\node_modules\jest-circus\build\run.js:66:9)
    at _runTestsForDescribeBlock (C:\Users\Slavik\Desktop\react-fundamentals-app-React_HW2\node_modules\jest-circus\build\run.js:60:9)
    at run (C:\Users\Slavik\Desktop\react-fundamentals-app-React_HW2\node_modules\jest-circus\build\run.js:25:3)
    at runAndTransformResultsToJestFormat (C:\Users\Slavik\Desktop\react-fundamentals-app-React_HW2\node_modules\jest-circus\build\legacy-code-todo-rewrite\jestAdapterInit.js:170:21)
    at jestAdapter (C:\Users\Slavik\Desktop\react-fundamentals-app-React_HW2\node_modules\jest-circus\build\legacy-code-todo-rewrite\jestAdapter.js:82:19)
    at runTestInternal (C:\Users\Slavik\Desktop\react-fundamentals-app-React_HW2\node_modules\jest-runner\build\runTest.js:389:16)
    at runTest (C:\Users\Slavik\Desktop\react-fundamentals-app-React_HW2\node_modules\jest-runner\build\runTest.js:475:34)
    at Object.worker (C:\Users\Slavik\Desktop\react-fundamentals-app-React_HW2\node_modules\jest-runner\build\testWorker.js:133:12)</failure>
    </testcase>
    <testcase classname="CourseCard component-should render correct duration (use getCourseDuration e.g. duration: 60 =&gt; 01:00 hour)" name="CourseCard component-should render correct duration (use getCourseDuration e.g. duration: 60 =&gt; 01:00 hour)" time="0.04">
      <failure>TypeError: Cannot destructure property &apos;basename&apos; of &apos;React__namespace.useContext(...)&apos; as it is null.
    at LinkWithRef (C:\Users\Slavik\Desktop\react-fundamentals-app-React_HW2\node_modules\react-router-dom\index.tsx:529:11)
    at renderWithHooks (C:\Users\Slavik\Desktop\react-fundamentals-app-React_HW2\node_modules\react-dom\cjs\react-dom.development.js:16305:18)
    at updateForwardRef (C:\Users\Slavik\Desktop\react-fundamentals-app-React_HW2\node_modules\react-dom\cjs\react-dom.development.js:19226:20)
    at beginWork (C:\Users\Slavik\Desktop\react-fundamentals-app-React_HW2\node_modules\react-dom\cjs\react-dom.development.js:21636:16)
    at beginWork$1 (C:\Users\Slavik\Desktop\react-fundamentals-app-React_HW2\node_modules\react-dom\cjs\react-dom.development.js:27426:14)
    at performUnitOfWork (C:\Users\Slavik\Desktop\react-fundamentals-app-React_HW2\node_modules\react-dom\cjs\react-dom.development.js:26560:12)
    at workLoopSync (C:\Users\Slavik\Desktop\react-fundamentals-app-React_HW2\node_modules\react-dom\cjs\react-dom.development.js:26466:5)
    at renderRootSync (C:\Users\Slavik\Desktop\react-fundamentals-app-React_HW2\node_modules\react-dom\cjs\react-dom.development.js:26434:7)
    at recoverFromConcurrentError (C:\Users\Slavik\Desktop\react-fundamentals-app-React_HW2\node_modules\react-dom\cjs\react-dom.development.js:25850:20)
    at performConcurrentWorkOnRoot (C:\Users\Slavik\Desktop\react-fundamentals-app-React_HW2\node_modules\react-dom\cjs\react-dom.development.js:25750:22)
    at flushActQueue (C:\Users\Slavik\Desktop\react-fundamentals-app-React_HW2\node_modules\react\cjs\react.development.js:2667:24)
    at act (C:\Users\Slavik\Desktop\react-fundamentals-app-React_HW2\node_modules\react\cjs\react.development.js:2582:11)
    at C:\Users\Slavik\Desktop\react-fundamentals-app-React_HW2\node_modules\@testing-library\react\dist\act-compat.js:46:25
    at renderRoot (C:\Users\Slavik\Desktop\react-fundamentals-app-React_HW2\node_modules\@testing-library\react\dist\pure.js:161:26)
    at render (C:\Users\Slavik\Desktop\react-fundamentals-app-React_HW2\node_modules\@testing-library\react\dist\pure.js:247:10)
    at Object.&lt;anonymous&gt; (C:\Users\Slavik\Desktop\react-fundamentals-app-React_HW2\src\__tests__\module-1\CourseCard.test.js:38:11)
    at Promise.then.completed (C:\Users\Slavik\Desktop\react-fundamentals-app-React_HW2\node_modules\jest-circus\build\utils.js:391:28)
    at new Promise (&lt;anonymous&gt;)
    at callAsyncCircusFn (C:\Users\Slavik\Desktop\react-fundamentals-app-React_HW2\node_modules\jest-circus\build\utils.js:316:10)
    at _callCircusTest (C:\Users\Slavik\Desktop\react-fundamentals-app-React_HW2\node_modules\jest-circus\build\run.js:218:40)
    at processTicksAndRejections (node:internal/process/task_queues:105:5)
    at _runTest (C:\Users\Slavik\Desktop\react-fundamentals-app-React_HW2\node_modules\jest-circus\build\run.js:155:3)
    at _runTestsForDescribeBlock (C:\Users\Slavik\Desktop\react-fundamentals-app-React_HW2\node_modules\jest-circus\build\run.js:66:9)
    at _runTestsForDescribeBlock (C:\Users\Slavik\Desktop\react-fundamentals-app-React_HW2\node_modules\jest-circus\build\run.js:60:9)
    at run (C:\Users\Slavik\Desktop\react-fundamentals-app-React_HW2\node_modules\jest-circus\build\run.js:25:3)
    at runAndTransformResultsToJestFormat (C:\Users\Slavik\Desktop\react-fundamentals-app-React_HW2\node_modules\jest-circus\build\legacy-code-todo-rewrite\jestAdapterInit.js:170:21)
    at jestAdapter (C:\Users\Slavik\Desktop\react-fundamentals-app-React_HW2\node_modules\jest-circus\build\legacy-code-todo-rewrite\jestAdapter.js:82:19)
    at runTestInternal (C:\Users\Slavik\Desktop\react-fundamentals-app-React_HW2\node_modules\jest-runner\build\runTest.js:389:16)
    at runTest (C:\Users\Slavik\Desktop\react-fundamentals-app-React_HW2\node_modules\jest-runner\build\runTest.js:475:34)
    at Object.worker (C:\Users\Slavik\Desktop\react-fundamentals-app-React_HW2\node_modules\jest-runner\build\testWorker.js:133:12)</failure>
    </testcase>
    <testcase classname="CourseCard component-should render correct date (use formatCreationDate e.g. creationDate: 08/03/2021 =&gt; 08.03.2021)" name="CourseCard component-should render correct date (use formatCreationDate e.g. creationDate: 08/03/2021 =&gt; 08.03.2021)" time="0.021">
      <failure>TypeError: Cannot destructure property &apos;basename&apos; of &apos;React__namespace.useContext(...)&apos; as it is null.
    at LinkWithRef (C:\Users\Slavik\Desktop\react-fundamentals-app-React_HW2\node_modules\react-router-dom\index.tsx:529:11)
    at renderWithHooks (C:\Users\Slavik\Desktop\react-fundamentals-app-React_HW2\node_modules\react-dom\cjs\react-dom.development.js:16305:18)
    at updateForwardRef (C:\Users\Slavik\Desktop\react-fundamentals-app-React_HW2\node_modules\react-dom\cjs\react-dom.development.js:19226:20)
    at beginWork (C:\Users\Slavik\Desktop\react-fundamentals-app-React_HW2\node_modules\react-dom\cjs\react-dom.development.js:21636:16)
    at beginWork$1 (C:\Users\Slavik\Desktop\react-fundamentals-app-React_HW2\node_modules\react-dom\cjs\react-dom.development.js:27426:14)
    at performUnitOfWork (C:\Users\Slavik\Desktop\react-fundamentals-app-React_HW2\node_modules\react-dom\cjs\react-dom.development.js:26560:12)
    at workLoopSync (C:\Users\Slavik\Desktop\react-fundamentals-app-React_HW2\node_modules\react-dom\cjs\react-dom.development.js:26466:5)
    at renderRootSync (C:\Users\Slavik\Desktop\react-fundamentals-app-React_HW2\node_modules\react-dom\cjs\react-dom.development.js:26434:7)
    at recoverFromConcurrentError (C:\Users\Slavik\Desktop\react-fundamentals-app-React_HW2\node_modules\react-dom\cjs\react-dom.development.js:25850:20)
    at performConcurrentWorkOnRoot (C:\Users\Slavik\Desktop\react-fundamentals-app-React_HW2\node_modules\react-dom\cjs\react-dom.development.js:25750:22)
    at flushActQueue (C:\Users\Slavik\Desktop\react-fundamentals-app-React_HW2\node_modules\react\cjs\react.development.js:2667:24)
    at act (C:\Users\Slavik\Desktop\react-fundamentals-app-React_HW2\node_modules\react\cjs\react.development.js:2582:11)
    at C:\Users\Slavik\Desktop\react-fundamentals-app-React_HW2\node_modules\@testing-library\react\dist\act-compat.js:46:25
    at renderRoot (C:\Users\Slavik\Desktop\react-fundamentals-app-React_HW2\node_modules\@testing-library\react\dist\pure.js:161:26)
    at render (C:\Users\Slavik\Desktop\react-fundamentals-app-React_HW2\node_modules\@testing-library\react\dist\pure.js:247:10)
    at Object.&lt;anonymous&gt; (C:\Users\Slavik\Desktop\react-fundamentals-app-React_HW2\src\__tests__\module-1\CourseCard.test.js:46:11)
    at Promise.then.completed (C:\Users\Slavik\Desktop\react-fundamentals-app-React_HW2\node_modules\jest-circus\build\utils.js:391:28)
    at new Promise (&lt;anonymous&gt;)
    at callAsyncCircusFn (C:\Users\Slavik\Desktop\react-fundamentals-app-React_HW2\node_modules\jest-circus\build\utils.js:316:10)
    at _callCircusTest (C:\Users\Slavik\Desktop\react-fundamentals-app-React_HW2\node_modules\jest-circus\build\run.js:218:40)
    at processTicksAndRejections (node:internal/process/task_queues:105:5)
    at _runTest (C:\Users\Slavik\Desktop\react-fundamentals-app-React_HW2\node_modules\jest-circus\build\run.js:155:3)
    at _runTestsForDescribeBlock (C:\Users\Slavik\Desktop\react-fundamentals-app-React_HW2\node_modules\jest-circus\build\run.js:66:9)
    at _runTestsForDescribeBlock (C:\Users\Slavik\Desktop\react-fundamentals-app-React_HW2\node_modules\jest-circus\build\run.js:60:9)
    at run (C:\Users\Slavik\Desktop\react-fundamentals-app-React_HW2\node_modules\jest-circus\build\run.js:25:3)
    at runAndTransformResultsToJestFormat (C:\Users\Slavik\Desktop\react-fundamentals-app-React_HW2\node_modules\jest-circus\build\legacy-code-todo-rewrite\jestAdapterInit.js:170:21)
    at jestAdapter (C:\Users\Slavik\Desktop\react-fundamentals-app-React_HW2\node_modules\jest-circus\build\legacy-code-todo-rewrite\jestAdapter.js:82:19)
    at runTestInternal (C:\Users\Slavik\Desktop\react-fundamentals-app-React_HW2\node_modules\jest-runner\build\runTest.js:389:16)
    at runTest (C:\Users\Slavik\Desktop\react-fundamentals-app-React_HW2\node_modules\jest-runner\build\runTest.js:475:34)
    at Object.worker (C:\Users\Slavik\Desktop\react-fundamentals-app-React_HW2\node_modules\jest-runner\build\testWorker.js:133:12)</failure>
    </testcase>
    <testcase classname="CourseCard component-should render authors list (match data from props course.authors and authorsList)" name="CourseCard component-should render authors list (match data from props course.authors and authorsList)" time="0.023">
      <failure>TypeError: Cannot destructure property &apos;basename&apos; of &apos;React__namespace.useContext(...)&apos; as it is null.
    at LinkWithRef (C:\Users\Slavik\Desktop\react-fundamentals-app-React_HW2\node_modules\react-router-dom\index.tsx:529:11)
    at renderWithHooks (C:\Users\Slavik\Desktop\react-fundamentals-app-React_HW2\node_modules\react-dom\cjs\react-dom.development.js:16305:18)
    at updateForwardRef (C:\Users\Slavik\Desktop\react-fundamentals-app-React_HW2\node_modules\react-dom\cjs\react-dom.development.js:19226:20)
    at beginWork (C:\Users\Slavik\Desktop\react-fundamentals-app-React_HW2\node_modules\react-dom\cjs\react-dom.development.js:21636:16)
    at beginWork$1 (C:\Users\Slavik\Desktop\react-fundamentals-app-React_HW2\node_modules\react-dom\cjs\react-dom.development.js:27426:14)
    at performUnitOfWork (C:\Users\Slavik\Desktop\react-fundamentals-app-React_HW2\node_modules\react-dom\cjs\react-dom.development.js:26560:12)
    at workLoopSync (C:\Users\Slavik\Desktop\react-fundamentals-app-React_HW2\node_modules\react-dom\cjs\react-dom.development.js:26466:5)
    at renderRootSync (C:\Users\Slavik\Desktop\react-fundamentals-app-React_HW2\node_modules\react-dom\cjs\react-dom.development.js:26434:7)
    at recoverFromConcurrentError (C:\Users\Slavik\Desktop\react-fundamentals-app-React_HW2\node_modules\react-dom\cjs\react-dom.development.js:25850:20)
    at performConcurrentWorkOnRoot (C:\Users\Slavik\Desktop\react-fundamentals-app-React_HW2\node_modules\react-dom\cjs\react-dom.development.js:25750:22)
    at flushActQueue (C:\Users\Slavik\Desktop\react-fundamentals-app-React_HW2\node_modules\react\cjs\react.development.js:2667:24)
    at act (C:\Users\Slavik\Desktop\react-fundamentals-app-React_HW2\node_modules\react\cjs\react.development.js:2582:11)
    at C:\Users\Slavik\Desktop\react-fundamentals-app-React_HW2\node_modules\@testing-library\react\dist\act-compat.js:46:25
    at renderRoot (C:\Users\Slavik\Desktop\react-fundamentals-app-React_HW2\node_modules\@testing-library\react\dist\pure.js:161:26)
    at render (C:\Users\Slavik\Desktop\react-fundamentals-app-React_HW2\node_modules\@testing-library\react\dist\pure.js:247:10)
    at Object.&lt;anonymous&gt; (C:\Users\Slavik\Desktop\react-fundamentals-app-React_HW2\src\__tests__\module-1\CourseCard.test.js:54:11)
    at Promise.then.completed (C:\Users\Slavik\Desktop\react-fundamentals-app-React_HW2\node_modules\jest-circus\build\utils.js:391:28)
    at new Promise (&lt;anonymous&gt;)
    at callAsyncCircusFn (C:\Users\Slavik\Desktop\react-fundamentals-app-React_HW2\node_modules\jest-circus\build\utils.js:316:10)
    at _callCircusTest (C:\Users\Slavik\Desktop\react-fundamentals-app-React_HW2\node_modules\jest-circus\build\run.js:218:40)
    at processTicksAndRejections (node:internal/process/task_queues:105:5)
    at _runTest (C:\Users\Slavik\Desktop\react-fundamentals-app-React_HW2\node_modules\jest-circus\build\run.js:155:3)
    at _runTestsForDescribeBlock (C:\Users\Slavik\Desktop\react-fundamentals-app-React_HW2\node_modules\jest-circus\build\run.js:66:9)
    at _runTestsForDescribeBlock (C:\Users\Slavik\Desktop\react-fundamentals-app-React_HW2\node_modules\jest-circus\build\run.js:60:9)
    at run (C:\Users\Slavik\Desktop\react-fundamentals-app-React_HW2\node_modules\jest-circus\build\run.js:25:3)
    at runAndTransformResultsToJestFormat (C:\Users\Slavik\Desktop\react-fundamentals-app-React_HW2\node_modules\jest-circus\build\legacy-code-todo-rewrite\jestAdapterInit.js:170:21)
    at jestAdapter (C:\Users\Slavik\Desktop\react-fundamentals-app-React_HW2\node_modules\jest-circus\build\legacy-code-todo-rewrite\jestAdapter.js:82:19)
    at runTestInternal (C:\Users\Slavik\Desktop\react-fundamentals-app-React_HW2\node_modules\jest-runner\build\runTest.js:389:16)
    at runTest (C:\Users\Slavik\Desktop\react-fundamentals-app-React_HW2\node_modules\jest-runner\build\runTest.js:475:34)
    at Object.worker (C:\Users\Slavik\Desktop\react-fundamentals-app-React_HW2\node_modules\jest-runner\build\testWorker.js:133:12)</failure>
    </testcase>
    <testcase classname="CourseCard component-should render &apos;SHOW COURSE&apos; button" name="CourseCard component-should render &apos;SHOW COURSE&apos; button" time="0.072">
      <failure>TypeError: Cannot destructure property &apos;basename&apos; of &apos;React__namespace.useContext(...)&apos; as it is null.
    at LinkWithRef (C:\Users\Slavik\Desktop\react-fundamentals-app-React_HW2\node_modules\react-router-dom\index.tsx:529:11)
    at renderWithHooks (C:\Users\Slavik\Desktop\react-fundamentals-app-React_HW2\node_modules\react-dom\cjs\react-dom.development.js:16305:18)
    at updateForwardRef (C:\Users\Slavik\Desktop\react-fundamentals-app-React_HW2\node_modules\react-dom\cjs\react-dom.development.js:19226:20)
    at beginWork (C:\Users\Slavik\Desktop\react-fundamentals-app-React_HW2\node_modules\react-dom\cjs\react-dom.development.js:21636:16)
    at beginWork$1 (C:\Users\Slavik\Desktop\react-fundamentals-app-React_HW2\node_modules\react-dom\cjs\react-dom.development.js:27426:14)
    at performUnitOfWork (C:\Users\Slavik\Desktop\react-fundamentals-app-React_HW2\node_modules\react-dom\cjs\react-dom.development.js:26560:12)
    at workLoopSync (C:\Users\Slavik\Desktop\react-fundamentals-app-React_HW2\node_modules\react-dom\cjs\react-dom.development.js:26466:5)
    at renderRootSync (C:\Users\Slavik\Desktop\react-fundamentals-app-React_HW2\node_modules\react-dom\cjs\react-dom.development.js:26434:7)
    at recoverFromConcurrentError (C:\Users\Slavik\Desktop\react-fundamentals-app-React_HW2\node_modules\react-dom\cjs\react-dom.development.js:25850:20)
    at performConcurrentWorkOnRoot (C:\Users\Slavik\Desktop\react-fundamentals-app-React_HW2\node_modules\react-dom\cjs\react-dom.development.js:25750:22)
    at flushActQueue (C:\Users\Slavik\Desktop\react-fundamentals-app-React_HW2\node_modules\react\cjs\react.development.js:2667:24)
    at act (C:\Users\Slavik\Desktop\react-fundamentals-app-React_HW2\node_modules\react\cjs\react.development.js:2582:11)
    at C:\Users\Slavik\Desktop\react-fundamentals-app-React_HW2\node_modules\@testing-library\react\dist\act-compat.js:46:25
    at renderRoot (C:\Users\Slavik\Desktop\react-fundamentals-app-React_HW2\node_modules\@testing-library\react\dist\pure.js:161:26)
    at render (C:\Users\Slavik\Desktop\react-fundamentals-app-React_HW2\node_modules\@testing-library\react\dist\pure.js:247:10)
    at Object.&lt;anonymous&gt; (C:\Users\Slavik\Desktop\react-fundamentals-app-React_HW2\src\__tests__\module-1\CourseCard.test.js:62:11)
    at Promise.then.completed (C:\Users\Slavik\Desktop\react-fundamentals-app-React_HW2\node_modules\jest-circus\build\utils.js:391:28)
    at new Promise (&lt;anonymous&gt;)
    at callAsyncCircusFn (C:\Users\Slavik\Desktop\react-fundamentals-app-React_HW2\node_modules\jest-circus\build\utils.js:316:10)
    at _callCircusTest (C:\Users\Slavik\Desktop\react-fundamentals-app-React_HW2\node_modules\jest-circus\build\run.js:218:40)
    at processTicksAndRejections (node:internal/process/task_queues:105:5)
    at _runTest (C:\Users\Slavik\Desktop\react-fundamentals-app-React_HW2\node_modules\jest-circus\build\run.js:155:3)
    at _runTestsForDescribeBlock (C:\Users\Slavik\Desktop\react-fundamentals-app-React_HW2\node_modules\jest-circus\build\run.js:66:9)
    at _runTestsForDescribeBlock (C:\Users\Slavik\Desktop\react-fundamentals-app-React_HW2\node_modules\jest-circus\build\run.js:60:9)
    at run (C:\Users\Slavik\Desktop\react-fundamentals-app-React_HW2\node_modules\jest-circus\build\run.js:25:3)
    at runAndTransformResultsToJestFormat (C:\Users\Slavik\Desktop\react-fundamentals-app-React_HW2\node_modules\jest-circus\build\legacy-code-todo-rewrite\jestAdapterInit.js:170:21)
    at jestAdapter (C:\Users\Slavik\Desktop\react-fundamentals-app-React_HW2\node_modules\jest-circus\build\legacy-code-todo-rewrite\jestAdapter.js:82:19)
    at runTestInternal (C:\Users\Slavik\Desktop\react-fundamentals-app-React_HW2\node_modules\jest-runner\build\runTest.js:389:16)
    at runTest (C:\Users\Slavik\Desktop\react-fundamentals-app-React_HW2\node_modules\jest-runner\build\runTest.js:475:34)
    at Object.worker (C:\Users\Slavik\Desktop\react-fundamentals-app-React_HW2\node_modules\jest-runner\build\testWorker.js:133:12)</failure>
    </testcase>
  </testsuite>
  <testsuite name="src\__tests__\module-1\Input.test.js" errors="0" failures="0" skipped="0" timestamp="2025-05-23T19:52:56" time="0.538" tests="3">
    <testcase classname="Input component-should render input with provided labelText prop value" name="Input component-should render input with provided labelText prop value" time="0.032">
    </testcase>
    <testcase classname="Input component-should render input with provided placeholderText prop value" name="Input component-should render input with provided placeholderText prop value" time="0.005">
    </testcase>
    <testcase classname="Input component-should call provided callback for onChange event" name="Input component-should call provided callback for onChange event" time="0.016">
    </testcase>
  </testsuite>
  <testsuite name="src\__tests__\module-1\Button.test.js" errors="0" failures="0" skipped="0" timestamp="2025-05-23T19:52:56" time="0.536" tests="2">
    <testcase classname="Button component-should render with provided `buttonText` prop value" name="Button component-should render with provided `buttonText` prop value" time="0.041">
    </testcase>
    <testcase classname="Button component-should call provided handleClick callback prop" name="Button component-should call provided handleClick callback prop" time="0.013">
    </testcase>
  </testsuite>
  <testsuite name="src\__tests__\module-1\Header.test.js" errors="0" failures="1" skipped="0" timestamp="2025-05-23T19:52:56" time="0.7" tests="2">
    <testcase classname="Header component-should render logo (&lt;img /&gt; tag)" name="Header component-should render logo (&lt;img /&gt; tag)" time="0.137">
    </testcase>
    <testcase classname="Header component-should render logout button" name="Header component-should render logout button" time="0.061">
      <failure>TestingLibraryElementError: Unable to find an accessible element with the role &quot;button&quot;

Here are the accessible roles:

  img:

  Name &quot;logo&quot;:
  &lt;img
    alt=&quot;logo&quot;
    class=&quot;logo&quot;
    src=&quot;logo.svg&quot;
  /&gt;

  --------------------------------------------------

Ignored nodes: comments, script, style
&lt;body&gt;
  &lt;div&gt;
    &lt;div
      class=&quot;headerContainer&quot;
    &gt;
      &lt;img
        alt=&quot;logo&quot;
        class=&quot;logo&quot;
        src=&quot;logo.svg&quot;
      /&gt;
    &lt;/div&gt;
  &lt;/div&gt;
&lt;/body&gt;
    at Object.getElementError (C:\Users\Slavik\Desktop\react-fundamentals-app-React_HW2\node_modules\@testing-library\dom\dist\config.js:37:19)
    at C:\Users\Slavik\Desktop\react-fundamentals-app-React_HW2\node_modules\@testing-library\dom\dist\query-helpers.js:76:38
    at C:\Users\Slavik\Desktop\react-fundamentals-app-React_HW2\node_modules\@testing-library\dom\dist\query-helpers.js:52:17
    at getByRole (C:\Users\Slavik\Desktop\react-fundamentals-app-React_HW2\node_modules\@testing-library\dom\dist\query-helpers.js:95:19)
    at Object.&lt;anonymous&gt; (C:\Users\Slavik\Desktop\react-fundamentals-app-React_HW2\src\__tests__\module-1\Header.test.js:17:40)
    at Promise.then.completed (C:\Users\Slavik\Desktop\react-fundamentals-app-React_HW2\node_modules\jest-circus\build\utils.js:391:28)
    at new Promise (&lt;anonymous&gt;)
    at callAsyncCircusFn (C:\Users\Slavik\Desktop\react-fundamentals-app-React_HW2\node_modules\jest-circus\build\utils.js:316:10)
    at _callCircusTest (C:\Users\Slavik\Desktop\react-fundamentals-app-React_HW2\node_modules\jest-circus\build\run.js:218:40)
    at processTicksAndRejections (node:internal/process/task_queues:105:5)
    at _runTest (C:\Users\Slavik\Desktop\react-fundamentals-app-React_HW2\node_modules\jest-circus\build\run.js:155:3)
    at _runTestsForDescribeBlock (C:\Users\Slavik\Desktop\react-fundamentals-app-React_HW2\node_modules\jest-circus\build\run.js:66:9)
    at _runTestsForDescribeBlock (C:\Users\Slavik\Desktop\react-fundamentals-app-React_HW2\node_modules\jest-circus\build\run.js:60:9)
    at run (C:\Users\Slavik\Desktop\react-fundamentals-app-React_HW2\node_modules\jest-circus\build\run.js:25:3)
    at runAndTransformResultsToJestFormat (C:\Users\Slavik\Desktop\react-fundamentals-app-React_HW2\node_modules\jest-circus\build\legacy-code-todo-rewrite\jestAdapterInit.js:170:21)
    at jestAdapter (C:\Users\Slavik\Desktop\react-fundamentals-app-React_HW2\node_modules\jest-circus\build\legacy-code-todo-rewrite\jestAdapter.js:82:19)
    at runTestInternal (C:\Users\Slavik\Desktop\react-fundamentals-app-React_HW2\node_modules\jest-runner\build\runTest.js:389:16)
    at runTest (C:\Users\Slavik\Desktop\react-fundamentals-app-React_HW2\node_modules\jest-runner\build\runTest.js:475:34)
    at Object.worker (C:\Users\Slavik\Desktop\react-fundamentals-app-React_HW2\node_modules\jest-runner\build\testWorker.js:133:12)</failure>
    </testcase>
  </testsuite>
  <testsuite name="src\__tests__\module-1\helpers.test.js" errors="0" failures="0" skipped="0" timestamp="2025-05-23T19:52:56" time="0.346" tests="2">
    <testcase classname="-formatCreationDate function returns formatted date" name="-formatCreationDate function returns formatted date" time="0.001">
    </testcase>
    <testcase classname="-getCourseDuration function returns formatted duration" name="-getCourseDuration function returns formatted duration" time="0.001">
    </testcase>
  </testsuite>
  <testsuite name="src\__tests__\module-2\Registration.test.js" errors="0" failures="0" skipped="0" timestamp="2025-05-23T19:52:56" time="0.855" tests="5">
    <testcase classname="Registration-should render the registration form with 3 inputs, login info text and link" name="Registration-should render the registration form with 3 inputs, login info text and link" time="0.142">
    </testcase>
    <testcase classname="Registration-should submit the registration form, call the &quot;createUser&quot; service with the entered name, email and password" name="Registration-should submit the registration form, call the &quot;createUser&quot; service with the entered name, email and password" time="0.157">
    </testcase>
    <testcase classname="Registration-should render the &quot;Password is required&quot; validation message and NOT call registration service" name="Registration-should render the &quot;Password is required&quot; validation message and NOT call registration service" time="0.056">
    </testcase>
    <testcase classname="Registration-should render the &quot;Email is required&quot; validation message and NOT call registration service" name="Registration-should render the &quot;Email is required&quot; validation message and NOT call registration service" time="0.036">
    </testcase>
    <testcase classname="Registration-should render the &quot;Name is required&quot; validation message and NOT call registration service" name="Registration-should render the &quot;Name is required&quot; validation message and NOT call registration service" time="0.048">
    </testcase>
  </testsuite>
  <testsuite name="src\__tests__\module-2\App.test.js" errors="0" failures="0" skipped="0" timestamp="2025-05-23T19:52:56" time="1.142" tests="9">
    <testcase classname="App-should render Login component when &quot;token&quot; is not present in localStorage and route &quot;/&quot;" name="App-should render Login component when &quot;token&quot; is not present in localStorage and route &quot;/&quot;" time="0.067">
    </testcase>
    <testcase classname="App-should switch to registration page from login page on &quot;Registration&quot; link click" name="App-should switch to registration page from login page on &quot;Registration&quot; link click" time="0.04">
    </testcase>
    <testcase classname="App-should render Registration component when route &quot;/registration&quot;" name="App-should render Registration component when route &quot;/registration&quot;" time="0.036">
    </testcase>
    <testcase classname="App-should switch to login page from registration page on &quot;Login&quot; link click" name="App-should switch to login page from registration page on &quot;Login&quot; link click" time="0.173">
    </testcase>
    <testcase classname="App-should render CourseCard components with data-testid=&quot;courseCard&quot; when token is present in localStorage and route &quot;/&quot;" name="App-should render CourseCard components with data-testid=&quot;courseCard&quot; when token is present in localStorage and route &quot;/&quot;" time="0.027">
    </testcase>
    <testcase classname="App-should render CourseForm component with &quot;CREATE COURSE&quot; button with data-testid=&quot;createCourseButton&quot; if route &quot;/courses/add&quot;" name="App-should render CourseForm component with &quot;CREATE COURSE&quot; button with data-testid=&quot;createCourseButton&quot; if route &quot;/courses/add&quot;" time="0.05">
    </testcase>
    <testcase classname="App-should render CourseInfo component with data-testid=&quot;courseInfo&quot; when route &quot;/courses/:courseId&quot;" name="App-should render CourseInfo component with data-testid=&quot;courseInfo&quot; when route &quot;/courses/:courseId&quot;" time="0.016">
    </testcase>
    <testcase classname="App-should render CourseInfo with data-testid=&quot;courseInfo&quot; component after &quot;SHOW COURSE&quot; button click" name="App-should render CourseInfo with data-testid=&quot;courseInfo&quot; component after &quot;SHOW COURSE&quot; button click" time="0.051">
    </testcase>
    <testcase classname="App-should render list of courses with data-testid=&quot;courseCard&quot; after &quot;BACK&quot; button click on CourseInfo page" name="App-should render list of courses with data-testid=&quot;courseCard&quot; after &quot;BACK&quot; button click on CourseInfo page" time="0.063">
    </testcase>
  </testsuite>
  <testsuite name="src\__tests__\module-2\Login.test.js" errors="0" failures="0" skipped="0" timestamp="2025-05-23T19:52:57" time="0.835" tests="5">
    <testcase classname="Login-should render login form with 2 inputs, registration info text and link" name="Login-should render login form with 2 inputs, registration info text and link" time="0.093">
    </testcase>
    <testcase classname="Login-should submits login form calls login service with entered email and password" name="Login-should submits login form calls login service with entered email and password" time="0.149">
    </testcase>
    <testcase classname="Login-should set &quot;token&quot; to localstorage after login submit" name="Login-should set &quot;token&quot; to localstorage after login submit" time="0.062">
    </testcase>
    <testcase classname="Login-should render the &quot;Password is required&quot; validation message and NOT call login service" name="Login-should render the &quot;Password is required&quot; validation message and NOT call login service" time="0.052">
    </testcase>
    <testcase classname="Login-should render the &quot;Email is required&quot; validation message and NOT call login service" name="Login-should render the &quot;Email is required&quot; validation message and NOT call login service" time="0.04">
    </testcase>
  </testsuite>
  <testsuite name="src\__tests__\module-2\CourseInfo.test.js" errors="0" failures="0" skipped="0" timestamp="2025-05-23T19:52:57" time="0.475" tests="7">
    <testcase classname="CourseInfo-should render correct title (find correct course from coursesList based on courseId param use useParams hook)" name="CourseInfo-should render correct title (find correct course from coursesList based on courseId param use useParams hook)" time="0.037">
    </testcase>
    <testcase classname="CourseInfo-should render correct description" name="CourseInfo-should render correct description" time="0.008">
    </testcase>
    <testcase classname="CourseInfo-should render correct course duration (use getCourseDuration)" name="CourseInfo-should render correct course duration (use getCourseDuration)" time="0.007">
    </testcase>
    <testcase classname="CourseInfo-should render correct course creation date (use formatCreationDate)" name="CourseInfo-should render correct course creation date (use formatCreationDate)" time="0.017">
    </testcase>
    <testcase classname="CourseInfo-should render correct course authors names (find a course in the coursesList and match data from course authors and authorsList prop)" name="CourseInfo-should render correct course authors names (find a course in the coursesList and match data from course authors and authorsList prop)" time="0.02">
    </testcase>
    <testcase classname="CourseInfo-should render &quot;BACK&quot; button as a Link provided by react-router-dom" name="CourseInfo-should render &quot;BACK&quot; button as a Link provided by react-router-dom" time="0.007">
    </testcase>
    <testcase classname="CourseInfo-should render &quot;BACK&quot; link to=&quot;/courses&quot;" name="CourseInfo-should render &quot;BACK&quot; link to=&quot;/courses&quot;" time="0.007">
    </testcase>
  </testsuite>
  <testsuite name="src\__tests__\module-2\Courses.test.js" errors="0" failures="0" skipped="0" timestamp="2025-05-23T19:52:57" time="0.485" tests="4">
    <testcase classname="Courses component-should render list of courses from coursesList prop with data-testid=&quot;courseCard&quot;" name="Courses component-should render list of courses from coursesList prop with data-testid=&quot;courseCard&quot;" time="0.028">
    </testcase>
    <testcase classname="Courses component-should render &apos;ADD NEW COURSE&apos; button" name="Courses component-should render &apos;ADD NEW COURSE&apos; button" time="0.027">
    </testcase>
    <testcase classname="Courses component-should render &apos;ADD NEW COURSE&apos; button as a Link with provided by react-router-dom to=&apos;/courses/add&apos;" name="Courses component-should render &apos;ADD NEW COURSE&apos; button as a Link with provided by react-router-dom to=&apos;/courses/add&apos;" time="0.022">
    </testcase>
    <testcase classname="Courses component-should render EmptyCourseList component if no courses (with &apos;Your List Is Empty&apos; text and button with data-testid=&apos;addCourse&apos;)" name="Courses component-should render EmptyCourseList component if no courses (with &apos;Your List Is Empty&apos; text and button with data-testid=&apos;addCourse&apos;)" time="0.012">
    </testcase>
  </testsuite>
  <testsuite name="src\__tests__\module-2\CreateCourse.test.js" errors="0" failures="0" skipped="0" timestamp="2025-05-23T19:52:57" time="0.756" tests="5">
    <testcase classname="CourseForm-should create a new course with the entered data in all field`s (createCourse prop should be called on createCourseButton click)" name="CourseForm-should create a new course with the entered data in all field`s (createCourse prop should be called on createCourseButton click)" time="0.208">
    </testcase>
    <testcase classname="CourseForm-should not create a new course with the empty data (createCourse prop should NOT be called on createCourseButton click)" name="CourseForm-should not create a new course with the empty data (createCourse prop should NOT be called on createCourseButton click)" time="0.038">
    </testcase>
    <testcase classname="CourseForm-should add an author to the course when CreateAuthor component creates a new author (createAuthor prop should be called on createAuthorButton click)" name="CourseForm-should add an author to the course when CreateAuthor component creates a new author (createAuthor prop should be called on createAuthorButton click)" time="0.028">
    </testcase>
    <testcase classname="CourseForm-should render the course authors with data-testid=&quot;authorItem&quot; in the course authors list" name="CourseForm-should render the course authors with data-testid=&quot;authorItem&quot; in the course authors list" time="0.024">
    </testcase>
    <testcase classname="CourseForm-should display the &quot;Authors list is empty&quot; message when there are no authors is selected for the course" name="CourseForm-should display the &quot;Authors list is empty&quot; message when there are no authors is selected for the course" time="0.018">
    </testcase>
  </testsuite>
  <testsuite name="src\__tests__\module-2\CourseCard.test.js" errors="0" failures="0" skipped="0" timestamp="2025-05-23T19:52:58" time="0.523" tests="6">
    <testcase classname="CourseCard component-should render correct title from course prop" name="CourseCard component-should render correct title from course prop" time="0.028">
    </testcase>
    <testcase classname="CourseCard component-should render correct description from course prop" name="CourseCard component-should render correct description from course prop" time="0.012">
    </testcase>
    <testcase classname="CourseCard component-should render correct duration (use getCourseDuration)" name="CourseCard component-should render correct duration (use getCourseDuration)" time="0.013">
    </testcase>
    <testcase classname="CourseCard component-should render correct date (use formatCreationDate)" name="CourseCard component-should render correct date (use formatCreationDate)" time="0.016">
    </testcase>
    <testcase classname="CourseCard component-should render authors list (match data from props course.authors and authorsList)" name="CourseCard component-should render authors list (match data from props course.authors and authorsList)" time="0.012">
    </testcase>
    <testcase classname="CourseCard component-should render &apos;SHOW COURSE&apos; button" name="CourseCard component-should render &apos;SHOW COURSE&apos; button" time="0.012">
    </testcase>
  </testsuite>
  <testsuite name="src\__tests__\module-2\Header.test.js" errors="0" failures="0" skipped="0" timestamp="2025-05-23T19:52:58" time="0.539" tests="3">
    <testcase classname="Header component-should render logo (&lt;img /&gt; tag)" name="Header component-should render logo (&lt;img /&gt; tag)" time="0.078">
    </testcase>
    <testcase classname="Header component-should not render logout button without &quot;token&quot; in localStorage" name="Header component-should not render logout button without &quot;token&quot; in localStorage" time="0.005">
    </testcase>
[...]
    at _callCircusTest (C:\Users\Slavik\Desktop\react-fundamentals-app-React_HW2\node_modules\jest-circus\build\run.js:218:40)
    at processTicksAndRejections (node:internal/process/task_queues:105:5)
    at _runTest (C:\Users\Slavik\Desktop\react-fundamentals-app-React_HW2\node_modules\jest-circus\build\run.js:155:3)
    at _runTestsForDescribeBlock (C:\Users\Slavik\Desktop\react-fundamentals-app-React_HW2\node_modules\jest-circus\build\run.js:66:9)
    at _runTestsForDescribeBlock (C:\Users\Slavik\Desktop\react-fundamentals-app-React_HW2\node_modules\jest-circus\build\run.js:60:9)
    at run (C:\Users\Slavik\Desktop\react-fundamentals-app-React_HW2\node_modules\jest-circus\build\run.js:25:3)
    at runAndTransformResultsToJestFormat (C:\Users\Slavik\Desktop\react-fundamentals-app-React_HW2\node_modules\jest-circus\build\legacy-code-todo-rewrite\jestAdapterInit.js:170:21)
    at jestAdapter (C:\Users\Slavik\Desktop\react-fundamentals-app-React_HW2\node_modules\jest-circus\build\legacy-code-todo-rewrite\jestAdapter.js:82:19)
    at runTestInternal (C:\Users\Slavik\Desktop\react-fundamentals-app-React_HW2\node_modules\jest-runner\build\runTest.js:389:16)
    at runTest (C:\Users\Slavik\Desktop\react-fundamentals-app-React_HW2\node_modules\jest-runner\build\runTest.js:475:34)
    at Object.worker (C:\Users\Slavik\Desktop\react-fundamentals-app-React_HW2\node_modules\jest-runner\build\testWorker.js:133:12)</failure>
    </testcase>
  </testsuite>
  <testsuite name="src\__tests__\module-3\Input.test.js" errors="0" failures="0" skipped="0" timestamp="2025-05-23T19:53:04" time="0.362" tests="3">
    <testcase classname="Input component-should render input with provided labelText prop value" name="Input component-should render input with provided labelText prop value" time="0.024">
    </testcase>
    <testcase classname="Input component-should render input with provided placeholderText prop value" name="Input component-should render input with provided placeholderText prop value" time="0.004">
    </testcase>
    <testcase classname="Input component-Should call provided callback for onChange event" name="Input component-Should call provided callback for onChange event" time="0.006">
    </testcase>
  </testsuite>
  <testsuite name="src\__tests__\module-4\Input.test.js" errors="0" failures="0" skipped="0" timestamp="2025-05-23T19:53:04" time="0.349" tests="3">
    <testcase classname="Input component-should render input with provided label text" name="Input component-should render input with provided label text" time="0.013">
    </testcase>
    <testcase classname="Input component-should render input with provided placeholder text" name="Input component-should render input with provided placeholder text" time="0.004">
    </testcase>
    <testcase classname="Input component-should call provided callback for onChange event" name="Input component-should call provided callback for onChange event" time="0.006">
    </testcase>
  </testsuite>
  <testsuite name="src\__tests__\module-3\CourseCard.test.js" errors="0" failures="1" skipped="0" timestamp="2025-05-23T19:53:04" time="0.422" tests="1">
    <testcase classname="CourseCard component-should render the Delete (with data-testid=&quot;deleteCourse&quot;) and Update (with data-testid=&quot;updateCourse&quot;) buttons" name="CourseCard component-should render the Delete (with data-testid=&quot;deleteCourse&quot;) and Update (with data-testid=&quot;updateCourse&quot;) buttons" time="0.059">
      <failure>TypeError: Cannot read properties of undefined (reading &apos;find&apos;)
    at map (C:\Users\Slavik\Desktop\react-fundamentals-app-React_HW2\src\components\Courses\components\CourseCard\CourseCard.jsx:63:42)
    at Array.map (&lt;anonymous&gt;)
    at CourseCard (C:\Users\Slavik\Desktop\react-fundamentals-app-React_HW2\src\components\Courses\components\CourseCard\CourseCard.jsx:62:14)
    at renderWithHooks (C:\Users\Slavik\Desktop\react-fundamentals-app-React_HW2\node_modules\react-dom\cjs\react-dom.development.js:16305:18)
    at mountIndeterminateComponent (C:\Users\Slavik\Desktop\react-fundamentals-app-React_HW2\node_modules\react-dom\cjs\react-dom.development.js:20074:13)
    at beginWork (C:\Users\Slavik\Desktop\react-fundamentals-app-React_HW2\node_modules\react-dom\cjs\react-dom.development.js:21587:16)
    at beginWork$1 (C:\Users\Slavik\Desktop\react-fundamentals-app-React_HW2\node_modules\react-dom\cjs\react-dom.development.js:27426:14)
    at performUnitOfWork (C:\Users\Slavik\Desktop\react-fundamentals-app-React_HW2\node_modules\react-dom\cjs\react-dom.development.js:26560:12)
    at workLoopSync (C:\Users\Slavik\Desktop\react-fundamentals-app-React_HW2\node_modules\react-dom\cjs\react-dom.development.js:26466:5)
    at renderRootSync (C:\Users\Slavik\Desktop\react-fundamentals-app-React_HW2\node_modules\react-dom\cjs\react-dom.development.js:26434:7)
    at recoverFromConcurrentError (C:\Users\Slavik\Desktop\react-fundamentals-app-React_HW2\node_modules\react-dom\cjs\react-dom.development.js:25850:20)
    at performConcurrentWorkOnRoot (C:\Users\Slavik\Desktop\react-fundamentals-app-React_HW2\node_modules\react-dom\cjs\react-dom.development.js:25750:22)
    at flushActQueue (C:\Users\Slavik\Desktop\react-fundamentals-app-React_HW2\node_modules\react\cjs\react.development.js:2667:24)
    at act (C:\Users\Slavik\Desktop\react-fundamentals-app-React_HW2\node_modules\react\cjs\react.development.js:2582:11)
    at C:\Users\Slavik\Desktop\react-fundamentals-app-React_HW2\node_modules\@testing-library\react\dist\act-compat.js:46:25
    at renderRoot (C:\Users\Slavik\Desktop\react-fundamentals-app-React_HW2\node_modules\@testing-library\react\dist\pure.js:161:26)
    at render (C:\Users\Slavik\Desktop\react-fundamentals-app-React_HW2\node_modules\@testing-library\react\dist\pure.js:247:10)
    at Object.&lt;anonymous&gt; (C:\Users\Slavik\Desktop\react-fundamentals-app-React_HW2\src\__tests__\module-3\CourseCard.test.js:34:11)
    at Promise.then.completed (C:\Users\Slavik\Desktop\react-fundamentals-app-React_HW2\node_modules\jest-circus\build\utils.js:391:28)
    at new Promise (&lt;anonymous&gt;)
    at callAsyncCircusFn (C:\Users\Slavik\Desktop\react-fundamentals-app-React_HW2\node_modules\jest-circus\build\utils.js:316:10)
    at _callCircusHook (C:\Users\Slavik\Desktop\react-fundamentals-app-React_HW2\node_modules\jest-circus\build\run.js:181:40)
    at processTicksAndRejections (node:internal/process/task_queues:105:5)
    at _runTest (C:\Users\Slavik\Desktop\react-fundamentals-app-React_HW2\node_modules\jest-circus\build\run.js:148:5)
    at _runTestsForDescribeBlock (C:\Users\Slavik\Desktop\react-fundamentals-app-React_HW2\node_modules\jest-circus\build\run.js:66:9)
    at _runTestsForDescribeBlock (C:\Users\Slavik\Desktop\react-fundamentals-app-React_HW2\node_modules\jest-circus\build\run.js:60:9)
    at run (C:\Users\Slavik\Desktop\react-fundamentals-app-React_HW2\node_modules\jest-circus\build\run.js:25:3)
    at runAndTransformResultsToJestFormat (C:\Users\Slavik\Desktop\react-fundamentals-app-React_HW2\node_modules\jest-circus\build\legacy-code-todo-rewrite\jestAdapterInit.js:170:21)
    at jestAdapter (C:\Users\Slavik\Desktop\react-fundamentals-app-React_HW2\node_modules\jest-circus\build\legacy-code-todo-rewrite\jestAdapter.js:82:19)
    at runTestInternal (C:\Users\Slavik\Desktop\react-fundamentals-app-React_HW2\node_modules\jest-runner\build\runTest.js:389:16)
    at runTest (C:\Users\Slavik\Desktop\react-fundamentals-app-React_HW2\node_modules\jest-runner\build\runTest.js:475:34)
    at Object.worker (C:\Users\Slavik\Desktop\react-fundamentals-app-React_HW2\node_modules\jest-runner\build\testWorker.js:133:12)</failure>
    </testcase>
  </testsuite>
  <testsuite name="src\__tests__\module-4\Button.test.js" errors="0" failures="0" skipped="0" timestamp="2025-05-23T19:53:04" time="0.348" tests="2">
    <testcase classname="Button component-should render with provided &quot;buttonText&quot; prop value" name="Button component-should render with provided &quot;buttonText&quot; prop value" time="0.007">
    </testcase>
    <testcase classname="Button component-should call provided handleClick callback prop" name="Button component-should call provided handleClick callback prop" time="0.004">
    </testcase>
  </testsuite>
  <testsuite name="src\__tests__\module-4\CreateAuthor.test.js" errors="0" failures="1" skipped="0" timestamp="2025-05-23T19:53:04" time="0.436" tests="1">
    <testcase classname="CreateAuthor component-should dispatch createAuthorThunk on &quot;CREATE AUTHOR&quot; button click" name="CreateAuthor component-should dispatch createAuthorThunk on &quot;CREATE AUTHOR&quot; button click" time="0.051">
      <failure>TypeError: onCreateAuthor is not a function
    at handleCreate (C:\Users\Slavik\Desktop\react-fundamentals-app-React_HW2\src\components\CourseForm\components\CreateAuthor\CreateAuhtor.jsx:34:5)
    at HTMLUnknownElement.callCallback (C:\Users\Slavik\Desktop\react-fundamentals-app-React_HW2\node_modules\react-dom\cjs\react-dom.development.js:4164:14)
    at HTMLUnknownElement.callTheUserObjectsOperation (C:\Users\Slavik\Desktop\react-fundamentals-app-React_HW2\node_modules\jsdom\lib\jsdom\living\generated\EventListener.js:26:30)
    at innerInvokeEventListeners (C:\Users\Slavik\Desktop\react-fundamentals-app-React_HW2\node_modules\jsdom\lib\jsdom\living\events\EventTarget-impl.js:338:25)
    at invokeEventListeners (C:\Users\Slavik\Desktop\react-fundamentals-app-React_HW2\node_modules\jsdom\lib\jsdom\living\events\EventTarget-impl.js:274:3)
    at HTMLUnknownElementImpl._dispatch (C:\Users\Slavik\Desktop\react-fundamentals-app-React_HW2\node_modules\jsdom\lib\jsdom\living\events\EventTarget-impl.js:221:9)
    at HTMLUnknownElementImpl.dispatchEvent (C:\Users\Slavik\Desktop\react-fundamentals-app-React_HW2\node_modules\jsdom\lib\jsdom\living\events\EventTarget-impl.js:94:17)
    at HTMLUnknownElement.dispatchEvent (C:\Users\Slavik\Desktop\react-fundamentals-app-React_HW2\node_modules\jsdom\lib\jsdom\living\generated\EventTarget.js:231:34)
    at Object.invokeGuardedCallbackDev (C:\Users\Slavik\Desktop\react-fundamentals-app-React_HW2\node_modules\react-dom\cjs\react-dom.development.js:4213:16)
    at invokeGuardedCallback (C:\Users\Slavik\Desktop\react-fundamentals-app-React_HW2\node_modules\react-dom\cjs\react-dom.development.js:4277:31)
    at invokeGuardedCallbackAndCatchFirstError (C:\Users\Slavik\Desktop\react-fundamentals-app-React_HW2\node_modules\react-dom\cjs\react-dom.development.js:4291:25)
    at executeDispatch (C:\Users\Slavik\Desktop\react-fundamentals-app-React_HW2\node_modules\react-dom\cjs\react-dom.development.js:9041:3)
    at processDispatchQueueItemsInOrder (C:\Users\Slavik\Desktop\react-fundamentals-app-React_HW2\node_modules\react-dom\cjs\react-dom.development.js:9073:7)
    at processDispatchQueue (C:\Users\Slavik\Desktop\react-fundamentals-app-React_HW2\node_modules\react-dom\cjs\react-dom.development.js:9086:5)
    at dispatchEventsForPlugins (C:\Users\Slavik\Desktop\react-fundamentals-app-React_HW2\node_modules\react-dom\cjs\react-dom.development.js:9097:3)
    at C:\Users\Slavik\Desktop\react-fundamentals-app-React_HW2\node_modules\react-dom\cjs\react-dom.development.js:9288:12
    at batchedUpdates$1 (C:\Users\Slavik\Desktop\react-fundamentals-app-React_HW2\node_modules\react-dom\cjs\react-dom.development.js:26140:12)
    at batchedUpdates (C:\Users\Slavik\Desktop\react-fundamentals-app-React_HW2\node_modules\react-dom\cjs\react-dom.development.js:3991:12)
    at dispatchEventForPluginEventSystem (C:\Users\Slavik\Desktop\react-fundamentals-app-React_HW2\node_modules\react-dom\cjs\react-dom.development.js:9287:3)
    at dispatchEventWithEnableCapturePhaseSelectiveHydrationWithoutDiscreteEventReplay (C:\Users\Slavik\Desktop\react-fundamentals-app-React_HW2\node_modules\react-dom\cjs\react-dom.development.js:6465:5)
    at dispatchEvent (C:\Users\Slavik\Desktop\react-fundamentals-app-React_HW2\node_modules\react-dom\cjs\react-dom.development.js:6457:5)
    at dispatchDiscreteEvent (C:\Users\Slavik\Desktop\react-fundamentals-app-React_HW2\node_modules\react-dom\cjs\react-dom.development.js:6430:5)
    at HTMLDivElement.callTheUserObjectsOperation (C:\Users\Slavik\Desktop\react-fundamentals-app-React_HW2\node_modules\jsdom\lib\jsdom\living\generated\EventListener.js:26:30)
    at innerInvokeEventListeners (C:\Users\Slavik\Desktop\react-fundamentals-app-React_HW2\node_modules\jsdom\lib\jsdom\living\events\EventTarget-impl.js:338:25)
    at invokeEventListeners (C:\Users\Slavik\Desktop\react-fundamentals-app-React_HW2\node_modules\jsdom\lib\jsdom\living\events\EventTarget-impl.js:274:3)
    at HTMLButtonElementImpl._dispatch (C:\Users\Slavik\Desktop\react-fundamentals-app-React_HW2\node_modules\jsdom\lib\jsdom\living\events\EventTarget-impl.js:221:9)
    at HTMLButtonElementImpl.dispatchEvent (C:\Users\Slavik\Desktop\react-fundamentals-app-React_HW2\node_modules\jsdom\lib\jsdom\living\events\EventTarget-impl.js:94:17)
    at HTMLButtonElement.dispatchEvent (C:\Users\Slavik\Desktop\react-fundamentals-app-React_HW2\node_modules\jsdom\lib\jsdom\living\generated\EventTarget.js:231:34)
    at C:\Users\Slavik\Desktop\react-fundamentals-app-React_HW2\node_modules\@testing-library\dom\dist\events.js:19:20
    at C:\Users\Slavik\Desktop\react-fundamentals-app-React_HW2\node_modules\@testing-library\react\dist\pure.js:93:16
    at C:\Users\Slavik\Desktop\react-fundamentals-app-React_HW2\node_modules\@testing-library\react\dist\act-compat.js:47:24
    at act (C:\Users\Slavik\Desktop\react-fundamentals-app-React_HW2\node_modules\react\cjs\react.development.js:2512:16)
    at C:\Users\Slavik\Desktop\react-fundamentals-app-React_HW2\node_modules\@testing-library\react\dist\act-compat.js:46:25
    at Object.eventWrapper (C:\Users\Slavik\Desktop\react-fundamentals-app-React_HW2\node_modules\@testing-library\react\dist\pure.js:92:28)
    at fireEvent (C:\Users\Slavik\Desktop\react-fundamentals-app-React_HW2\node_modules\@testing-library\dom\dist\events.js:12:35)
    at Function.fireEvent.&lt;computed&gt; [as click] (C:\Users\Slavik\Desktop\react-fundamentals-app-React_HW2\node_modules\@testing-library\dom\dist\events.js:110:36)
    at Function.click (C:\Users\Slavik\Desktop\react-fundamentals-app-React_HW2\node_modules\@testing-library\react\dist\fire-event.js:15:52)
    at Object.&lt;anonymous&gt; (C:\Users\Slavik\Desktop\react-fundamentals-app-React_HW2\src\__tests__\module-4\CreateAuthor.test.js:33:15)
    at Promise.then.completed (C:\Users\Slavik\Desktop\react-fundamentals-app-React_HW2\node_modules\jest-circus\build\utils.js:391:28)
    at new Promise (&lt;anonymous&gt;)
    at callAsyncCircusFn (C:\Users\Slavik\Desktop\react-fundamentals-app-React_HW2\node_modules\jest-circus\build\utils.js:316:10)
    at _callCircusTest (C:\Users\Slavik\Desktop\react-fundamentals-app-React_HW2\node_modules\jest-circus\build\run.js:218:40)
    at processTicksAndRejections (node:internal/process/task_queues:105:5)
    at _runTest (C:\Users\Slavik\Desktop\react-fundamentals-app-React_HW2\node_modules\jest-circus\build\run.js:155:3)
    at _runTestsForDescribeBlock (C:\Users\Slavik\Desktop\react-fundamentals-app-React_HW2\node_modules\jest-circus\build\run.js:66:9)
    at _runTestsForDescribeBlock (C:\Users\Slavik\Desktop\react-fundamentals-app-React_HW2\node_modules\jest-circus\build\run.js:60:9)
    at run (C:\Users\Slavik\Desktop\react-fundamentals-app-React_HW2\node_modules\jest-circus\build\run.js:25:3)
    at runAndTransformResultsToJestFormat (C:\Users\Slavik\Desktop\react-fundamentals-app-React_HW2\node_modules\jest-circus\build\legacy-code-todo-rewrite\jestAdapterInit.js:170:21)
    at jestAdapter (C:\Users\Slavik\Desktop\react-fundamentals-app-React_HW2\node_modules\jest-circus\build\legacy-code-todo-rewrite\jestAdapter.js:82:19)
    at runTestInternal (C:\Users\Slavik\Desktop\react-fundamentals-app-React_HW2\node_modules\jest-runner\build\runTest.js:389:16)
    at runTest (C:\Users\Slavik\Desktop\react-fundamentals-app-React_HW2\node_modules\jest-runner\build\runTest.js:475:34)
    at Object.worker (C:\Users\Slavik\Desktop\react-fundamentals-app-React_HW2\node_modules\jest-runner\build\testWorker.js:133:12)</failure>
      <failure>Error: expect(jest.fn()).toHaveBeenCalled()

Expected number of calls: &gt;= 1
Received number of calls:    0
    at Object.&lt;anonymous&gt; (C:\Users\Slavik\Desktop\react-fundamentals-app-React_HW2\src\__tests__\module-4\CreateAuthor.test.js:35:31)
    at Promise.then.completed (C:\Users\Slavik\Desktop\react-fundamentals-app-React_HW2\node_modules\jest-circus\build\utils.js:391:28)
    at new Promise (&lt;anonymous&gt;)
    at callAsyncCircusFn (C:\Users\Slavik\Desktop\react-fundamentals-app-React_HW2\node_modules\jest-circus\build\utils.js:316:10)
    at _callCircusTest (C:\Users\Slavik\Desktop\react-fundamentals-app-React_HW2\node_modules\jest-circus\build\run.js:218:40)
    at processTicksAndRejections (node:internal/process/task_queues:105:5)
    at _runTest (C:\Users\Slavik\Desktop\react-fundamentals-app-React_HW2\node_modules\jest-circus\build\run.js:155:3)
    at _runTestsForDescribeBlock (C:\Users\Slavik\Desktop\react-fundamentals-app-React_HW2\node_modules\jest-circus\build\run.js:66:9)
    at _runTestsForDescribeBlock (C:\Users\Slavik\Desktop\react-fundamentals-app-React_HW2\node_modules\jest-circus\build\run.js:60:9)
    at run (C:\Users\Slavik\Desktop\react-fundamentals-app-React_HW2\node_modules\jest-circus\build\run.js:25:3)
    at runAndTransformResultsToJestFormat (C:\Users\Slavik\Desktop\react-fundamentals-app-React_HW2\node_modules\jest-circus\build\legacy-code-todo-rewrite\jestAdapterInit.js:170:21)
    at jestAdapter (C:\Users\Slavik\Desktop\react-fundamentals-app-React_HW2\node_modules\jest-circus\build\legacy-code-todo-rewrite\jestAdapter.js:82:19)
    at runTestInternal (C:\Users\Slavik\Desktop\react-fundamentals-app-React_HW2\node_modules\jest-runner\build\runTest.js:389:16)
    at runTest (C:\Users\Slavik\Desktop\react-fundamentals-app-React_HW2\node_modules\jest-runner\build\runTest.js:475:34)
    at Object.worker (C:\Users\Slavik\Desktop\react-fundamentals-app-React_HW2\node_modules\jest-runner\build\testWorker.js:133:12)</failure>
    </testcase>
  </testsuite>
  <testsuite name="src\__tests__\module-3\Button.test.js" errors="0" failures="0" skipped="0" timestamp="2025-05-23T19:53:04" time="0.366" tests="2">
    <testcase classname="Button component-should render with provided buttonText prop value" name="Button component-should render with provided buttonText prop value" time="0.008">
    </testcase>
    <testcase classname="Button component-should call provided handleClick callback prop" name="Button component-should call provided handleClick callback prop" time="0.004">
    </testcase>
  </testsuite>
  <testsuite name="src\__tests__\module-4\helpers.test.js" errors="0" failures="0" skipped="0" timestamp="2025-05-23T19:53:05" time="0.223" tests="2">
    <testcase classname="-formatCreationDate function returns formatted date" name="-formatCreationDate function returns formatted date" time="0.002">
    </testcase>
    <testcase classname="-getCourseDuration function returns formatted duration" name="-getCourseDuration function returns formatted duration" time="0.001">
    </testcase>
  </testsuite>
  <testsuite name="src\__tests__\module-3\helpers.test.js" errors="0" failures="0" skipped="0" timestamp="2025-05-23T19:53:05" time="0.205" tests="2">
    <testcase classname="-formatCreationDate function returns formatted date" name="-formatCreationDate function returns formatted date" time="0.001">
    </testcase>
    <testcase classname="-getCourseDuration function returns formatted duration" name="-getCourseDuration function returns formatted duration" time="0.001">
    </testcase>
  </testsuite>
</testsuites>